[0.133s] DEBUG:colcon:Command line arguments: ['/usr/bin/colcon', 'build']
[0.133s] DEBUG:colcon:Parsed command line arguments: Namespace(log_base=None, log_level=None, verb_name='build', build_base='build', install_base='install', merge_install=False, symlink_install=False, test_result_base=None, continue_on_error=False, executor='parallel', parallel_workers=2, event_handlers=None, ignore_user_meta=False, metas=['./colcon.meta'], base_paths=['.'], packages_ignore=None, packages_ignore_regex=None, paths=None, packages_up_to=None, packages_up_to_regex=None, packages_above=None, packages_above_and_dependencies=None, packages_above_depth=None, packages_select_by_dep=None, packages_skip_by_dep=None, packages_skip_up_to=None, packages_select_build_failed=False, packages_skip_build_finished=False, packages_select_test_failures=False, packages_skip_test_passed=False, packages_select=None, packages_skip=None, packages_select_regex=None, packages_skip_regex=None, packages_start=None, packages_end=None, allow_overriding=[], cmake_args=None, cmake_target=None, cmake_target_skip_unavailable=False, cmake_clean_cache=False, cmake_clean_first=False, cmake_force_configure=False, ament_cmake_args=None, catkin_cmake_args=None, catkin_skip_building_tests=False, mixin_files=None, mixin=None, verb_parser=<colcon_mixin.mixin.mixin_argument.MixinArgumentDecorator object at 0x7eebfa89c2b0>, verb_extension=<colcon_core.verb.build.BuildVerb object at 0x7eebfa867af0>, main=<bound method BuildVerb.main of <colcon_core.verb.build.BuildVerb object at 0x7eebfa867af0>>, mixin_verb=('build',))
[0.346s] Level 1:colcon.colcon_core.package_discovery:discover_packages(colcon_meta) check parameters
[0.346s] Level 1:colcon.colcon_core.package_discovery:discover_packages(recursive) check parameters
[0.346s] Level 1:colcon.colcon_core.package_discovery:discover_packages(ignore) check parameters
[0.346s] Level 1:colcon.colcon_core.package_discovery:discover_packages(path) check parameters
[0.346s] Level 1:colcon.colcon_core.package_discovery:discover_packages(colcon_meta) discover
[0.346s] Level 1:colcon.colcon_core.package_discovery:discover_packages(recursive) discover
[0.346s] INFO:colcon.colcon_core.package_discovery:Crawling recursively for packages in '/home/gong/onset_ws'
[0.346s] Level 1:colcon.colcon_core.package_identification:_identify(.) by extensions ['ignore', 'ignore_ament_install']
[0.346s] Level 1:colcon.colcon_core.package_identification:_identify(.) by extension 'ignore'
[0.346s] Level 1:colcon.colcon_core.package_identification:_identify(.) by extension 'ignore_ament_install'
[0.346s] Level 1:colcon.colcon_core.package_identification:_identify(.) by extensions ['colcon_pkg']
[0.346s] Level 1:colcon.colcon_core.package_identification:_identify(.) by extension 'colcon_pkg'
[0.346s] Level 1:colcon.colcon_core.package_identification:_identify(.) by extensions ['colcon_meta']
[0.346s] Level 1:colcon.colcon_core.package_identification:_identify(.) by extension 'colcon_meta'
[0.346s] Level 1:colcon.colcon_core.package_identification:_identify(.) by extensions ['ros']
[0.346s] Level 1:colcon.colcon_core.package_identification:_identify(.) by extension 'ros'
[0.359s] Level 1:colcon.colcon_core.package_identification:_identify(.) by extensions ['cmake', 'python']
[0.359s] Level 1:colcon.colcon_core.package_identification:_identify(.) by extension 'cmake'
[0.360s] Level 1:colcon.colcon_core.package_identification:_identify(.) by extension 'python'
[0.360s] Level 1:colcon.colcon_core.package_identification:_identify(.) by extensions ['python_setup_py']
[0.360s] Level 1:colcon.colcon_core.package_identification:_identify(.) by extension 'python_setup_py'
[0.360s] Level 1:colcon.colcon_core.package_identification:_identify(build) by extensions ['ignore', 'ignore_ament_install']
[0.360s] Level 1:colcon.colcon_core.package_identification:_identify(build) by extension 'ignore'
[0.360s] Level 1:colcon.colcon_core.package_identification:_identify(build) ignored
[0.360s] Level 1:colcon.colcon_core.package_identification:_identify(install) by extensions ['ignore', 'ignore_ament_install']
[0.360s] Level 1:colcon.colcon_core.package_identification:_identify(install) by extension 'ignore'
[0.360s] Level 1:colcon.colcon_core.package_identification:_identify(install) ignored
[0.360s] Level 1:colcon.colcon_core.package_identification:_identify(log) by extensions ['ignore', 'ignore_ament_install']
[0.360s] Level 1:colcon.colcon_core.package_identification:_identify(log) by extension 'ignore'
[0.360s] Level 1:colcon.colcon_core.package_identification:_identify(log) ignored
[0.360s] Level 1:colcon.colcon_core.package_identification:_identify(src) by extensions ['ignore', 'ignore_ament_install']
[0.361s] Level 1:colcon.colcon_core.package_identification:_identify(src) by extension 'ignore'
[0.361s] Level 1:colcon.colcon_core.package_identification:_identify(src) by extension 'ignore_ament_install'
[0.361s] Level 1:colcon.colcon_core.package_identification:_identify(src) by extensions ['colcon_pkg']
[0.361s] Level 1:colcon.colcon_core.package_identification:_identify(src) by extension 'colcon_pkg'
[0.361s] Level 1:colcon.colcon_core.package_identification:_identify(src) by extensions ['colcon_meta']
[0.361s] Level 1:colcon.colcon_core.package_identification:_identify(src) by extension 'colcon_meta'
[0.361s] Level 1:colcon.colcon_core.package_identification:_identify(src) by extensions ['ros']
[0.361s] Level 1:colcon.colcon_core.package_identification:_identify(src) by extension 'ros'
[0.361s] Level 1:colcon.colcon_core.package_identification:_identify(src) by extensions ['cmake', 'python']
[0.361s] Level 1:colcon.colcon_core.package_identification:_identify(src) by extension 'cmake'
[0.361s] Level 1:colcon.colcon_core.package_identification:_identify(src) by extension 'python'
[0.361s] Level 1:colcon.colcon_core.package_identification:_identify(src) by extensions ['python_setup_py']
[0.361s] Level 1:colcon.colcon_core.package_identification:_identify(src) by extension 'python_setup_py'
[0.361s] Level 1:colcon.colcon_core.package_identification:_identify(src/onset_interfaces) by extensions ['ignore', 'ignore_ament_install']
[0.361s] Level 1:colcon.colcon_core.package_identification:_identify(src/onset_interfaces) by extension 'ignore'
[0.361s] Level 1:colcon.colcon_core.package_identification:_identify(src/onset_interfaces) by extension 'ignore_ament_install'
[0.361s] Level 1:colcon.colcon_core.package_identification:_identify(src/onset_interfaces) by extensions ['colcon_pkg']
[0.361s] Level 1:colcon.colcon_core.package_identification:_identify(src/onset_interfaces) by extension 'colcon_pkg'
[0.361s] Level 1:colcon.colcon_core.package_identification:_identify(src/onset_interfaces) by extensions ['colcon_meta']
[0.361s] Level 1:colcon.colcon_core.package_identification:_identify(src/onset_interfaces) by extension 'colcon_meta'
[0.362s] Level 1:colcon.colcon_core.package_identification:_identify(src/onset_interfaces) by extensions ['ros']
[0.362s] Level 1:colcon.colcon_core.package_identification:_identify(src/onset_interfaces) by extension 'ros'
[0.366s] DEBUG:colcon.colcon_core.package_identification:Package 'src/onset_interfaces' with type 'ros.ament_cmake' and name 'onset_interfaces'
[0.366s] Level 1:colcon.colcon_core.package_identification:_identify(src/onset_interfaces_old_20260226_141931) by extensions ['ignore', 'ignore_ament_install']
[0.366s] Level 1:colcon.colcon_core.package_identification:_identify(src/onset_interfaces_old_20260226_141931) by extension 'ignore'
[0.367s] Level 1:colcon.colcon_core.package_identification:_identify(src/onset_interfaces_old_20260226_141931) by extension 'ignore_ament_install'
[0.367s] Level 1:colcon.colcon_core.package_identification:_identify(src/onset_interfaces_old_20260226_141931) by extensions ['colcon_pkg']
[0.367s] Level 1:colcon.colcon_core.package_identification:_identify(src/onset_interfaces_old_20260226_141931) by extension 'colcon_pkg'
[0.367s] Level 1:colcon.colcon_core.package_identification:_identify(src/onset_interfaces_old_20260226_141931) by extensions ['colcon_meta']
[0.367s] Level 1:colcon.colcon_core.package_identification:_identify(src/onset_interfaces_old_20260226_141931) by extension 'colcon_meta'
[0.367s] Level 1:colcon.colcon_core.package_identification:_identify(src/onset_interfaces_old_20260226_141931) by extensions ['ros']
[0.367s] Level 1:colcon.colcon_core.package_identification:_identify(src/onset_interfaces_old_20260226_141931) by extension 'ros'
[0.367s] Level 1:colcon.colcon_core.package_identification:_identify(src/onset_interfaces_old_20260226_141931) by extensions ['cmake', 'python']
[0.367s] Level 1:colcon.colcon_core.package_identification:_identify(src/onset_interfaces_old_20260226_141931) by extension 'cmake'
[0.367s] Level 1:colcon.colcon_core.package_identification:_identify(src/onset_interfaces_old_20260226_141931) by extension 'python'
[0.367s] Level 1:colcon.colcon_core.package_identification:_identify(src/onset_interfaces_old_20260226_141931) by extensions ['python_setup_py']
[0.367s] Level 1:colcon.colcon_core.package_identification:_identify(src/onset_interfaces_old_20260226_141931) by extension 'python_setup_py'
[0.367s] Level 1:colcon.colcon_core.package_identification:_identify(src/onset_interfaces_old_20260226_141931/include) by extensions ['ignore', 'ignore_ament_install']
[0.367s] Level 1:colcon.colcon_core.package_identification:_identify(src/onset_interfaces_old_20260226_141931/include) by extension 'ignore'
[0.367s] Level 1:colcon.colcon_core.package_identification:_identify(src/onset_interfaces_old_20260226_141931/include) by extension 'ignore_ament_install'
[0.367s] Level 1:colcon.colcon_core.package_identification:_identify(src/onset_interfaces_old_20260226_141931/include) by extensions ['colcon_pkg']
[0.367s] Level 1:colcon.colcon_core.package_identification:_identify(src/onset_interfaces_old_20260226_141931/include) by extension 'colcon_pkg'
[0.367s] Level 1:colcon.colcon_core.package_identification:_identify(src/onset_interfaces_old_20260226_141931/include) by extensions ['colcon_meta']
[0.367s] Level 1:colcon.colcon_core.package_identification:_identify(src/onset_interfaces_old_20260226_141931/include) by extension 'colcon_meta'
[0.368s] Level 1:colcon.colcon_core.package_identification:_identify(src/onset_interfaces_old_20260226_141931/include) by extensions ['ros']
[0.368s] Level 1:colcon.colcon_core.package_identification:_identify(src/onset_interfaces_old_20260226_141931/include) by extension 'ros'
[0.368s] Level 1:colcon.colcon_core.package_identification:_identify(src/onset_interfaces_old_20260226_141931/include) by extensions ['cmake', 'python']
[0.368s] Level 1:colcon.colcon_core.package_identification:_identify(src/onset_interfaces_old_20260226_141931/include) by extension 'cmake'
[0.368s] Level 1:colcon.colcon_core.package_identification:_identify(src/onset_interfaces_old_20260226_141931/include) by extension 'python'
[0.368s] Level 1:colcon.colcon_core.package_identification:_identify(src/onset_interfaces_old_20260226_141931/include) by extensions ['python_setup_py']
[0.368s] Level 1:colcon.colcon_core.package_identification:_identify(src/onset_interfaces_old_20260226_141931/include) by extension 'python_setup_py'
[0.368s] Level 1:colcon.colcon_core.package_identification:_identify(src/onset_interfaces_old_20260226_141931/include/onset_interfaces) by extensions ['ignore', 'ignore_ament_install']
[0.368s] Level 1:colcon.colcon_core.package_identification:_identify(src/onset_interfaces_old_20260226_141931/include/onset_interfaces) by extension 'ignore'
[0.368s] Level 1:colcon.colcon_core.package_identification:_identify(src/onset_interfaces_old_20260226_141931/include/onset_interfaces) by extension 'ignore_ament_install'
[0.369s] Level 1:colcon.colcon_core.package_identification:_identify(src/onset_interfaces_old_20260226_141931/include/onset_interfaces) by extensions ['colcon_pkg']
[0.369s] Level 1:colcon.colcon_core.package_identification:_identify(src/onset_interfaces_old_20260226_141931/include/onset_interfaces) by extension 'colcon_pkg'
[0.369s] Level 1:colcon.colcon_core.package_identification:_identify(src/onset_interfaces_old_20260226_141931/include/onset_interfaces) by extensions ['colcon_meta']
[0.369s] Level 1:colcon.colcon_core.package_identification:_identify(src/onset_interfaces_old_20260226_141931/include/onset_interfaces) by extension 'colcon_meta'
[0.369s] Level 1:colcon.colcon_core.package_identification:_identify(src/onset_interfaces_old_20260226_141931/include/onset_interfaces) by extensions ['ros']
[0.369s] Level 1:colcon.colcon_core.package_identification:_identify(src/onset_interfaces_old_20260226_141931/include/onset_interfaces) by extension 'ros'
[0.369s] Level 1:colcon.colcon_core.package_identification:_identify(src/onset_interfaces_old_20260226_141931/include/onset_interfaces) by extensions ['cmake', 'python']
[0.369s] Level 1:colcon.colcon_core.package_identification:_identify(src/onset_interfaces_old_20260226_141931/include/onset_interfaces) by extension 'cmake'
[0.369s] Level 1:colcon.colcon_core.package_identification:_identify(src/onset_interfaces_old_20260226_141931/include/onset_interfaces) by extension 'python'
[0.369s] Level 1:colcon.colcon_core.package_identification:_identify(src/onset_interfaces_old_20260226_141931/include/onset_interfaces) by extensions ['python_setup_py']
[0.369s] Level 1:colcon.colcon_core.package_identification:_identify(src/onset_interfaces_old_20260226_141931/include/onset_interfaces) by extension 'python_setup_py'
[0.369s] Level 1:colcon.colcon_core.package_identification:_identify(src/onset_interfaces_old_20260226_141931/msg) by extensions ['ignore', 'ignore_ament_install']
[0.369s] Level 1:colcon.colcon_core.package_identification:_identify(src/onset_interfaces_old_20260226_141931/msg) by extension 'ignore'
[0.369s] Level 1:colcon.colcon_core.package_identification:_identify(src/onset_interfaces_old_20260226_141931/msg) by extension 'ignore_ament_install'
[0.369s] Level 1:colcon.colcon_core.package_identification:_identify(src/onset_interfaces_old_20260226_141931/msg) by extensions ['colcon_pkg']
[0.369s] Level 1:colcon.colcon_core.package_identification:_identify(src/onset_interfaces_old_20260226_141931/msg) by extension 'colcon_pkg'
[0.369s] Level 1:colcon.colcon_core.package_identification:_identify(src/onset_interfaces_old_20260226_141931/msg) by extensions ['colcon_meta']
[0.370s] Level 1:colcon.colcon_core.package_identification:_identify(src/onset_interfaces_old_20260226_141931/msg) by extension 'colcon_meta'
[0.370s] Level 1:colcon.colcon_core.package_identification:_identify(src/onset_interfaces_old_20260226_141931/msg) by extensions ['ros']
[0.370s] Level 1:colcon.colcon_core.package_identification:_identify(src/onset_interfaces_old_20260226_141931/msg) by extension 'ros'
[0.370s] Level 1:colcon.colcon_core.package_identification:_identify(src/onset_interfaces_old_20260226_141931/msg) by extensions ['cmake', 'python']
[0.370s] Level 1:colcon.colcon_core.package_identification:_identify(src/onset_interfaces_old_20260226_141931/msg) by extension 'cmake'
[0.370s] Level 1:colcon.colcon_core.package_identification:_identify(src/onset_interfaces_old_20260226_141931/msg) by extension 'python'
[0.370s] Level 1:colcon.colcon_core.package_identification:_identify(src/onset_interfaces_old_20260226_141931/msg) by extensions ['python_setup_py']
[0.370s] Level 1:colcon.colcon_core.package_identification:_identify(src/onset_interfaces_old_20260226_141931/msg) by extension 'python_setup_py'
[0.370s] Level 1:colcon.colcon_core.package_identification:_identify(src/onset_interfaces_old_20260226_141931/src) by extensions ['ignore', 'ignore_ament_install']
[0.370s] Level 1:colcon.colcon_core.package_identification:_identify(src/onset_interfaces_old_20260226_141931/src) by extension 'ignore'
[0.370s] Level 1:colcon.colcon_core.package_identification:_identify(src/onset_interfaces_old_20260226_141931/src) by extension 'ignore_ament_install'
[0.370s] Level 1:colcon.colcon_core.package_identification:_identify(src/onset_interfaces_old_20260226_141931/src) by extensions ['colcon_pkg']
[0.370s] Level 1:colcon.colcon_core.package_identification:_identify(src/onset_interfaces_old_20260226_141931/src) by extension 'colcon_pkg'
[0.370s] Level 1:colcon.colcon_core.package_identification:_identify(src/onset_interfaces_old_20260226_141931/src) by extensions ['colcon_meta']
[0.370s] Level 1:colcon.colcon_core.package_identification:_identify(src/onset_interfaces_old_20260226_141931/src) by extension 'colcon_meta'
[0.370s] Level 1:colcon.colcon_core.package_identification:_identify(src/onset_interfaces_old_20260226_141931/src) by extensions ['ros']
[0.370s] Level 1:colcon.colcon_core.package_identification:_identify(src/onset_interfaces_old_20260226_141931/src) by extension 'ros'
[0.370s] Level 1:colcon.colcon_core.package_identification:_identify(src/onset_interfaces_old_20260226_141931/src) by extensions ['cmake', 'python']
[0.370s] Level 1:colcon.colcon_core.package_identification:_identify(src/onset_interfaces_old_20260226_141931/src) by extension 'cmake'
[0.370s] Level 1:colcon.colcon_core.package_identification:_identify(src/onset_interfaces_old_20260226_141931/src) by extension 'python'
[0.370s] Level 1:colcon.colcon_core.package_identification:_identify(src/onset_interfaces_old_20260226_141931/src) by extensions ['python_setup_py']
[0.370s] Level 1:colcon.colcon_core.package_identification:_identify(src/onset_interfaces_old_20260226_141931/src) by extension 'python_setup_py'
[0.370s] Level 1:colcon.colcon_core.package_identification:_identify(src/onsetbot) by extensions ['ignore', 'ignore_ament_install']
[0.370s] Level 1:colcon.colcon_core.package_identification:_identify(src/onsetbot) by extension 'ignore'
[0.371s] Level 1:colcon.colcon_core.package_identification:_identify(src/onsetbot) by extension 'ignore_ament_install'
[0.371s] Level 1:colcon.colcon_core.package_identification:_identify(src/onsetbot) by extensions ['colcon_pkg']
[0.371s] Level 1:colcon.colcon_core.package_identification:_identify(src/onsetbot) by extension 'colcon_pkg'
[0.371s] Level 1:colcon.colcon_core.package_identification:_identify(src/onsetbot) by extensions ['colcon_meta']
[0.371s] Level 1:colcon.colcon_core.package_identification:_identify(src/onsetbot) by extension 'colcon_meta'
[0.371s] Level 1:colcon.colcon_core.package_identification:_identify(src/onsetbot) by extensions ['ros']
[0.371s] Level 1:colcon.colcon_core.package_identification:_identify(src/onsetbot) by extension 'ros'
[0.371s] DEBUG:colcon.colcon_core.package_identification:Package 'src/onsetbot' with type 'ros.ament_python' and name 'onsetbot'
[0.371s] Level 1:colcon.colcon_core.package_identification:_identify(src/ros_odrive) by extensions ['ignore', 'ignore_ament_install']
[0.372s] Level 1:colcon.colcon_core.package_identification:_identify(src/ros_odrive) by extension 'ignore'
[0.372s] Level 1:colcon.colcon_core.package_identification:_identify(src/ros_odrive) by extension 'ignore_ament_install'
[0.372s] Level 1:colcon.colcon_core.package_identification:_identify(src/ros_odrive) by extensions ['colcon_pkg']
[0.372s] Level 1:colcon.colcon_core.package_identification:_identify(src/ros_odrive) by extension 'colcon_pkg'
[0.372s] Level 1:colcon.colcon_core.package_identification:_identify(src/ros_odrive) by extensions ['colcon_meta']
[0.372s] Level 1:colcon.colcon_core.package_identification:_identify(src/ros_odrive) by extension 'colcon_meta'
[0.372s] Level 1:colcon.colcon_core.package_identification:_identify(src/ros_odrive) by extensions ['ros']
[0.372s] Level 1:colcon.colcon_core.package_identification:_identify(src/ros_odrive) by extension 'ros'
[0.372s] Level 1:colcon.colcon_core.package_identification:_identify(src/ros_odrive) by extensions ['cmake', 'python']
[0.372s] Level 1:colcon.colcon_core.package_identification:_identify(src/ros_odrive) by extension 'cmake'
[0.372s] Level 1:colcon.colcon_core.package_identification:_identify(src/ros_odrive) by extension 'python'
[0.372s] Level 1:colcon.colcon_core.package_identification:_identify(src/ros_odrive) by extensions ['python_setup_py']
[0.372s] Level 1:colcon.colcon_core.package_identification:_identify(src/ros_odrive) by extension 'python_setup_py'
[0.372s] Level 1:colcon.colcon_core.package_identification:_identify(src/ros_odrive/odrive_base) by extensions ['ignore', 'ignore_ament_install']
[0.372s] Level 1:colcon.colcon_core.package_identification:_identify(src/ros_odrive/odrive_base) by extension 'ignore'
[0.372s] Level 1:colcon.colcon_core.package_identification:_identify(src/ros_odrive/odrive_base) by extension 'ignore_ament_install'
[0.372s] Level 1:colcon.colcon_core.package_identification:_identify(src/ros_odrive/odrive_base) by extensions ['colcon_pkg']
[0.372s] Level 1:colcon.colcon_core.package_identification:_identify(src/ros_odrive/odrive_base) by extension 'colcon_pkg'
[0.372s] Level 1:colcon.colcon_core.package_identification:_identify(src/ros_odrive/odrive_base) by extensions ['colcon_meta']
[0.372s] Level 1:colcon.colcon_core.package_identification:_identify(src/ros_odrive/odrive_base) by extension 'colcon_meta'
[0.372s] Level 1:colcon.colcon_core.package_identification:_identify(src/ros_odrive/odrive_base) by extensions ['ros']
[0.372s] Level 1:colcon.colcon_core.package_identification:_identify(src/ros_odrive/odrive_base) by extension 'ros'
[0.372s] Level 1:colcon.colcon_core.package_identification:_identify(src/ros_odrive/odrive_base) by extensions ['cmake', 'python']
[0.372s] Level 1:colcon.colcon_core.package_identification:_identify(src/ros_odrive/odrive_base) by extension 'cmake'
[0.372s] Level 1:colcon.colcon_core.package_identification:_identify(src/ros_odrive/odrive_base) by extension 'python'
[0.373s] Level 1:colcon.colcon_core.package_identification:_identify(src/ros_odrive/odrive_base) by extensions ['python_setup_py']
[0.373s] Level 1:colcon.colcon_core.package_identification:_identify(src/ros_odrive/odrive_base) by extension 'python_setup_py'
[0.373s] Level 1:colcon.colcon_core.package_identification:_identify(src/ros_odrive/odrive_base/include) by extensions ['ignore', 'ignore_ament_install']
[0.373s] Level 1:colcon.colcon_core.package_identification:_identify(src/ros_odrive/odrive_base/include) by extension 'ignore'
[0.373s] Level 1:colcon.colcon_core.package_identification:_identify(src/ros_odrive/odrive_base/include) by extension 'ignore_ament_install'
[0.373s] Level 1:colcon.colcon_core.package_identification:_identify(src/ros_odrive/odrive_base/include) by extensions ['colcon_pkg']
[0.373s] Level 1:colcon.colcon_core.package_identification:_identify(src/ros_odrive/odrive_base/include) by extension 'colcon_pkg'
[0.373s] Level 1:colcon.colcon_core.package_identification:_identify(src/ros_odrive/odrive_base/include) by extensions ['colcon_meta']
[0.373s] Level 1:colcon.colcon_core.package_identification:_identify(src/ros_odrive/odrive_base/include) by extension 'colcon_meta'
[0.373s] Level 1:colcon.colcon_core.package_identification:_identify(src/ros_odrive/odrive_base/include) by extensions ['ros']
[0.373s] Level 1:colcon.colcon_core.package_identification:_identify(src/ros_odrive/odrive_base/include) by extension 'ros'
[0.373s] Level 1:colcon.colcon_core.package_identification:_identify(src/ros_odrive/odrive_base/include) by extensions ['cmake', 'python']
[0.373s] Level 1:colcon.colcon_core.package_identification:_identify(src/ros_odrive/odrive_base/include) by extension 'cmake'
[0.373s] Level 1:colcon.colcon_core.package_identification:_identify(src/ros_odrive/odrive_base/include) by extension 'python'
[0.373s] Level 1:colcon.colcon_core.package_identification:_identify(src/ros_odrive/odrive_base/include) by extensions ['python_setup_py']
[0.373s] Level 1:colcon.colcon_core.package_identification:_identify(src/ros_odrive/odrive_base/include) by extension 'python_setup_py'
[0.373s] Level 1:colcon.colcon_core.package_identification:_identify(src/ros_odrive/odrive_base/src) by extensions ['ignore', 'ignore_ament_install']
[0.373s] Level 1:colcon.colcon_core.package_identification:_identify(src/ros_odrive/odrive_base/src) by extension 'ignore'
[0.373s] Level 1:colcon.colcon_core.package_identification:_identify(src/ros_odrive/odrive_base/src) by extension 'ignore_ament_install'
[0.373s] Level 1:colcon.colcon_core.package_identification:_identify(src/ros_odrive/odrive_base/src) by extensions ['colcon_pkg']
[0.373s] Level 1:colcon.colcon_core.package_identification:_identify(src/ros_odrive/odrive_base/src) by extension 'colcon_pkg'
[0.373s] Level 1:colcon.colcon_core.package_identification:_identify(src/ros_odrive/odrive_base/src) by extensions ['colcon_meta']
[0.374s] Level 1:colcon.colcon_core.package_identification:_identify(src/ros_odrive/odrive_base/src) by extension 'colcon_meta'
[0.374s] Level 1:colcon.colcon_core.package_identification:_identify(src/ros_odrive/odrive_base/src) by extensions ['ros']
[0.374s] Level 1:colcon.colcon_core.package_identification:_identify(src/ros_odrive/odrive_base/src) by extension 'ros'
[0.374s] Level 1:colcon.colcon_core.package_identification:_identify(src/ros_odrive/odrive_base/src) by extensions ['cmake', 'python']
[0.374s] Level 1:colcon.colcon_core.package_identification:_identify(src/ros_odrive/odrive_base/src) by extension 'cmake'
[0.374s] Level 1:colcon.colcon_core.package_identification:_identify(src/ros_odrive/odrive_base/src) by extension 'python'
[0.374s] Level 1:colcon.colcon_core.package_identification:_identify(src/ros_odrive/odrive_base/src) by extensions ['python_setup_py']
[0.374s] Level 1:colcon.colcon_core.package_identification:_identify(src/ros_odrive/odrive_base/src) by extension 'python_setup_py'
[0.374s] Level 1:colcon.colcon_core.package_identification:_identify(src/ros_odrive/odrive_botwheel_explorer) by extensions ['ignore', 'ignore_ament_install']
[0.374s] Level 1:colcon.colcon_core.package_identification:_identify(src/ros_odrive/odrive_botwheel_explorer) by extension 'ignore'
[0.374s] Level 1:colcon.colcon_core.package_identification:_identify(src/ros_odrive/odrive_botwheel_explorer) by extension 'ignore_ament_install'
[0.374s] Level 1:colcon.colcon_core.package_identification:_identify(src/ros_odrive/odrive_botwheel_explorer) by extensions ['colcon_pkg']
[0.375s] Level 1:colcon.colcon_core.package_identification:_identify(src/ros_odrive/odrive_botwheel_explorer) by extension 'colcon_pkg'
[0.375s] Level 1:colcon.colcon_core.package_identification:_identify(src/ros_odrive/odrive_botwheel_explorer) by extensions ['colcon_meta']
[0.375s] Level 1:colcon.colcon_core.package_identification:_identify(src/ros_odrive/odrive_botwheel_explorer) by extension 'colcon_meta'
[0.375s] Level 1:colcon.colcon_core.package_identification:_identify(src/ros_odrive/odrive_botwheel_explorer) by extensions ['ros']
[0.375s] Level 1:colcon.colcon_core.package_identification:_identify(src/ros_odrive/odrive_botwheel_explorer) by extension 'ros'
[0.375s] DEBUG:colcon.colcon_core.package_identification:Package 'src/ros_odrive/odrive_botwheel_explorer' with type 'ros.ament_cmake' and name 'odrive_botwheel_explorer'
[0.376s] Level 1:colcon.colcon_core.package_identification:_identify(src/ros_odrive/odrive_node) by extensions ['ignore', 'ignore_ament_install']
[0.376s] Level 1:colcon.colcon_core.package_identification:_identify(src/ros_odrive/odrive_node) by extension 'ignore'
[0.376s] Level 1:colcon.colcon_core.package_identification:_identify(src/ros_odrive/odrive_node) by extension 'ignore_ament_install'
[0.376s] Level 1:colcon.colcon_core.package_identification:_identify(src/ros_odrive/odrive_node) by extensions ['colcon_pkg']
[0.376s] Level 1:colcon.colcon_core.package_identification:_identify(src/ros_odrive/odrive_node) by extension 'colcon_pkg'
[0.376s] Level 1:colcon.colcon_core.package_identification:_identify(src/ros_odrive/odrive_node) by extensions ['colcon_meta']
[0.376s] Level 1:colcon.colcon_core.package_identification:_identify(src/ros_odrive/odrive_node) by extension 'colcon_meta'
[0.376s] Level 1:colcon.colcon_core.package_identification:_identify(src/ros_odrive/odrive_node) by extensions ['ros']
[0.376s] Level 1:colcon.colcon_core.package_identification:_identify(src/ros_odrive/odrive_node) by extension 'ros'
[0.377s] DEBUG:colcon.colcon_core.package_identification:Package 'src/ros_odrive/odrive_node' with type 'ros.ament_cmake' and name 'odrive_can'
[0.377s] Level 1:colcon.colcon_core.package_identification:_identify(src/ros_odrive/odrive_ros2_control) by extensions ['ignore', 'ignore_ament_install']
[0.377s] Level 1:colcon.colcon_core.package_identification:_identify(src/ros_odrive/odrive_ros2_control) by extension 'ignore'
[0.377s] Level 1:colcon.colcon_core.package_identification:_identify(src/ros_odrive/odrive_ros2_control) by extension 'ignore_ament_install'
[0.377s] Level 1:colcon.colcon_core.package_identification:_identify(src/ros_odrive/odrive_ros2_control) by extensions ['colcon_pkg']
[0.377s] Level 1:colcon.colcon_core.package_identification:_identify(src/ros_odrive/odrive_ros2_control) by extension 'colcon_pkg'
[0.377s] Level 1:colcon.colcon_core.package_identification:_identify(src/ros_odrive/odrive_ros2_control) by extensions ['colcon_meta']
[0.377s] Level 1:colcon.colcon_core.package_identification:_identify(src/ros_odrive/odrive_ros2_control) by extension 'colcon_meta'
[0.377s] Level 1:colcon.colcon_core.package_identification:_identify(src/ros_odrive/odrive_ros2_control) by extensions ['ros']
[0.377s] Level 1:colcon.colcon_core.package_identification:_identify(src/ros_odrive/odrive_ros2_control) by extension 'ros'
[0.378s] DEBUG:colcon.colcon_core.package_identification:Package 'src/ros_odrive/odrive_ros2_control' with type 'ros.ament_cmake' and name 'odrive_ros2_control'
[0.378s] Level 1:colcon.colcon_core.package_discovery:discover_packages(recursive) using defaults
[0.378s] Level 1:colcon.colcon_core.package_discovery:discover_packages(ignore) discover
[0.378s] Level 1:colcon.colcon_core.package_discovery:discover_packages(ignore) using defaults
[0.378s] Level 1:colcon.colcon_core.package_discovery:discover_packages(path) discover
[0.379s] Level 1:colcon.colcon_core.package_discovery:discover_packages(path) using defaults
[0.420s] Level 1:colcon.colcon_core.package_discovery:discover_packages(prefix_path) check parameters
[0.420s] Level 1:colcon.colcon_core.package_discovery:discover_packages(prefix_path) discover
[0.423s] DEBUG:colcon.colcon_installed_package_information.package_discovery:Found 5 installed packages in /home/gong/onset_ws/install
[0.426s] DEBUG:colcon.colcon_installed_package_information.package_discovery:Found 444 installed packages in /opt/ros/humble
[0.430s] Level 1:colcon.colcon_core.package_discovery:discover_packages(prefix_path) using defaults
[0.501s] Level 5:colcon.colcon_core.verb:set package 'odrive_can' build argument 'cmake_args' from command line to 'None'
[0.501s] Level 5:colcon.colcon_core.verb:set package 'odrive_can' build argument 'cmake_target' from command line to 'None'
[0.501s] Level 5:colcon.colcon_core.verb:set package 'odrive_can' build argument 'cmake_target_skip_unavailable' from command line to 'False'
[0.501s] Level 5:colcon.colcon_core.verb:set package 'odrive_can' build argument 'cmake_clean_cache' from command line to 'False'
[0.501s] Level 5:colcon.colcon_core.verb:set package 'odrive_can' build argument 'cmake_clean_first' from command line to 'False'
[0.501s] Level 5:colcon.colcon_core.verb:set package 'odrive_can' build argument 'cmake_force_configure' from command line to 'False'
[0.501s] Level 5:colcon.colcon_core.verb:set package 'odrive_can' build argument 'ament_cmake_args' from command line to 'None'
[0.501s] Level 5:colcon.colcon_core.verb:set package 'odrive_can' build argument 'catkin_cmake_args' from command line to 'None'
[0.501s] Level 5:colcon.colcon_core.verb:set package 'odrive_can' build argument 'catkin_skip_building_tests' from command line to 'False'
[0.501s] DEBUG:colcon.colcon_core.verb:Building package 'odrive_can' with the following arguments: {'ament_cmake_args': None, 'build_base': '/home/gong/onset_ws/build/odrive_can', 'catkin_cmake_args': None, 'catkin_skip_building_tests': False, 'cmake_args': None, 'cmake_clean_cache': False, 'cmake_clean_first': False, 'cmake_force_configure': False, 'cmake_target': None, 'cmake_target_skip_unavailable': False, 'install_base': '/home/gong/onset_ws/install/odrive_can', 'merge_install': False, 'path': '/home/gong/onset_ws/src/ros_odrive/odrive_node', 'symlink_install': False, 'test_result_base': None}
[0.502s] Level 5:colcon.colcon_core.verb:set package 'odrive_ros2_control' build argument 'cmake_args' from command line to 'None'
[0.502s] Level 5:colcon.colcon_core.verb:set package 'odrive_ros2_control' build argument 'cmake_target' from command line to 'None'
[0.502s] Level 5:colcon.colcon_core.verb:set package 'odrive_ros2_control' build argument 'cmake_target_skip_unavailable' from command line to 'False'
[0.502s] Level 5:colcon.colcon_core.verb:set package 'odrive_ros2_control' build argument 'cmake_clean_cache' from command line to 'False'
[0.502s] Level 5:colcon.colcon_core.verb:set package 'odrive_ros2_control' build argument 'cmake_clean_first' from command line to 'False'
[0.502s] Level 5:colcon.colcon_core.verb:set package 'odrive_ros2_control' build argument 'cmake_force_configure' from command line to 'False'
[0.502s] Level 5:colcon.colcon_core.verb:set package 'odrive_ros2_control' build argument 'ament_cmake_args' from command line to 'None'
[0.502s] Level 5:colcon.colcon_core.verb:set package 'odrive_ros2_control' build argument 'catkin_cmake_args' from command line to 'None'
[0.502s] Level 5:colcon.colcon_core.verb:set package 'odrive_ros2_control' build argument 'catkin_skip_building_tests' from command line to 'False'
[0.502s] DEBUG:colcon.colcon_core.verb:Building package 'odrive_ros2_control' with the following arguments: {'ament_cmake_args': None, 'build_base': '/home/gong/onset_ws/build/odrive_ros2_control', 'catkin_cmake_args': None, 'catkin_skip_building_tests': False, 'cmake_args': None, 'cmake_clean_cache': False, 'cmake_clean_first': False, 'cmake_force_configure': False, 'cmake_target': None, 'cmake_target_skip_unavailable': False, 'install_base': '/home/gong/onset_ws/install/odrive_ros2_control', 'merge_install': False, 'path': '/home/gong/onset_ws/src/ros_odrive/odrive_ros2_control', 'symlink_install': False, 'test_result_base': None}
[0.502s] Level 5:colcon.colcon_core.verb:set package 'onset_interfaces' build argument 'cmake_args' from command line to 'None'
[0.502s] Level 5:colcon.colcon_core.verb:set package 'onset_interfaces' build argument 'cmake_target' from command line to 'None'
[0.502s] Level 5:colcon.colcon_core.verb:set package 'onset_interfaces' build argument 'cmake_target_skip_unavailable' from command line to 'False'
[0.502s] Level 5:colcon.colcon_core.verb:set package 'onset_interfaces' build argument 'cmake_clean_cache' from command line to 'False'
[0.502s] Level 5:colcon.colcon_core.verb:set package 'onset_interfaces' build argument 'cmake_clean_first' from command line to 'False'
[0.502s] Level 5:colcon.colcon_core.verb:set package 'onset_interfaces' build argument 'cmake_force_configure' from command line to 'False'
[0.502s] Level 5:colcon.colcon_core.verb:set package 'onset_interfaces' build argument 'ament_cmake_args' from command line to 'None'
[0.502s] Level 5:colcon.colcon_core.verb:set package 'onset_interfaces' build argument 'catkin_cmake_args' from command line to 'None'
[0.502s] Level 5:colcon.colcon_core.verb:set package 'onset_interfaces' build argument 'catkin_skip_building_tests' from command line to 'False'
[0.502s] DEBUG:colcon.colcon_core.verb:Building package 'onset_interfaces' with the following arguments: {'ament_cmake_args': None, 'build_base': '/home/gong/onset_ws/build/onset_interfaces', 'catkin_cmake_args': None, 'catkin_skip_building_tests': False, 'cmake_args': None, 'cmake_clean_cache': False, 'cmake_clean_first': False, 'cmake_force_configure': False, 'cmake_target': None, 'cmake_target_skip_unavailable': False, 'install_base': '/home/gong/onset_ws/install/onset_interfaces', 'merge_install': False, 'path': '/home/gong/onset_ws/src/onset_interfaces', 'symlink_install': False, 'test_result_base': None}
[0.503s] Level 5:colcon.colcon_core.verb:set package 'odrive_botwheel_explorer' build argument 'cmake_args' from command line to 'None'
[0.503s] Level 5:colcon.colcon_core.verb:set package 'odrive_botwheel_explorer' build argument 'cmake_target' from command line to 'None'
[0.503s] Level 5:colcon.colcon_core.verb:set package 'odrive_botwheel_explorer' build argument 'cmake_target_skip_unavailable' from command line to 'False'
[0.503s] Level 5:colcon.colcon_core.verb:set package 'odrive_botwheel_explorer' build argument 'cmake_clean_cache' from command line to 'False'
[0.503s] Level 5:colcon.colcon_core.verb:set package 'odrive_botwheel_explorer' build argument 'cmake_clean_first' from command line to 'False'
[0.503s] Level 5:colcon.colcon_core.verb:set package 'odrive_botwheel_explorer' build argument 'cmake_force_configure' from command line to 'False'
[0.503s] Level 5:colcon.colcon_core.verb:set package 'odrive_botwheel_explorer' build argument 'ament_cmake_args' from command line to 'None'
[0.503s] Level 5:colcon.colcon_core.verb:set package 'odrive_botwheel_explorer' build argument 'catkin_cmake_args' from command line to 'None'
[0.503s] Level 5:colcon.colcon_core.verb:set package 'odrive_botwheel_explorer' build argument 'catkin_skip_building_tests' from command line to 'False'
[0.503s] DEBUG:colcon.colcon_core.verb:Building package 'odrive_botwheel_explorer' with the following arguments: {'ament_cmake_args': None, 'build_base': '/home/gong/onset_ws/build/odrive_botwheel_explorer', 'catkin_cmake_args': None, 'catkin_skip_building_tests': False, 'cmake_args': None, 'cmake_clean_cache': False, 'cmake_clean_first': False, 'cmake_force_configure': False, 'cmake_target': None, 'cmake_target_skip_unavailable': False, 'install_base': '/home/gong/onset_ws/install/odrive_botwheel_explorer', 'merge_install': False, 'path': '/home/gong/onset_ws/src/ros_odrive/odrive_botwheel_explorer', 'symlink_install': False, 'test_result_base': None}
[0.503s] Level 5:colcon.colcon_core.verb:set package 'onsetbot' build argument 'cmake_args' from command line to 'None'
[0.503s] Level 5:colcon.colcon_core.verb:set package 'onsetbot' build argument 'cmake_target' from command line to 'None'
[0.503s] Level 5:colcon.colcon_core.verb:set package 'onsetbot' build argument 'cmake_target_skip_unavailable' from command line to 'False'
[0.504s] Level 5:colcon.colcon_core.verb:set package 'onsetbot' build argument 'cmake_clean_cache' from command line to 'False'
[0.504s] Level 5:colcon.colcon_core.verb:set package 'onsetbot' build argument 'cmake_clean_first' from command line to 'False'
[0.504s] Level 5:colcon.colcon_core.verb:set package 'onsetbot' build argument 'cmake_force_configure' from command line to 'False'
[0.504s] Level 5:colcon.colcon_core.verb:set package 'onsetbot' build argument 'ament_cmake_args' from command line to 'None'
[0.504s] Level 5:colcon.colcon_core.verb:set package 'onsetbot' build argument 'catkin_cmake_args' from command line to 'None'
[0.504s] Level 5:colcon.colcon_core.verb:set package 'onsetbot' build argument 'catkin_skip_building_tests' from command line to 'False'
[0.504s] DEBUG:colcon.colcon_core.verb:Building package 'onsetbot' with the following arguments: {'ament_cmake_args': None, 'build_base': '/home/gong/onset_ws/build/onsetbot', 'catkin_cmake_args': None, 'catkin_skip_building_tests': False, 'cmake_args': None, 'cmake_clean_cache': False, 'cmake_clean_first': False, 'cmake_force_configure': False, 'cmake_target': None, 'cmake_target_skip_unavailable': False, 'install_base': '/home/gong/onset_ws/install/onsetbot', 'merge_install': False, 'path': '/home/gong/onset_ws/src/onsetbot', 'symlink_install': False, 'test_result_base': None}
[0.504s] INFO:colcon.colcon_core.executor:Executing jobs using 'parallel' executor
[0.505s] DEBUG:colcon.colcon_parallel_executor.executor.parallel:run_until_complete
[0.506s] INFO:colcon.colcon_ros.task.ament_cmake.build:Building ROS package in '/home/gong/onset_ws/src/ros_odrive/odrive_node' with build type 'ament_cmake'
[0.506s] INFO:colcon.colcon_cmake.task.cmake.build:Building CMake package in '/home/gong/onset_ws/src/ros_odrive/odrive_node'
[0.509s] INFO:colcon.colcon_core.plugin_system:Skipping extension 'colcon_core.shell.bat': Not used on non-Windows systems
[0.510s] INFO:colcon.colcon_core.shell:Skip shell extension 'powershell' for command environment: Not usable outside of PowerShell
[0.510s] DEBUG:colcon.colcon_core.shell:Skip shell extension 'dsv' for command environment
[0.516s] INFO:colcon.colcon_ros.task.ament_cmake.build:Building ROS package in '/home/gong/onset_ws/src/ros_odrive/odrive_ros2_control' with build type 'ament_cmake'
[0.516s] INFO:colcon.colcon_cmake.task.cmake.build:Building CMake package in '/home/gong/onset_ws/src/ros_odrive/odrive_ros2_control'
[0.516s] INFO:colcon.colcon_core.shell:Skip shell extension 'powershell' for command environment: Not usable outside of PowerShell
[0.516s] DEBUG:colcon.colcon_core.shell:Skip shell extension 'dsv' for command environment
[0.533s] DEBUG:colcon.colcon_core.event_handler.log_command:Invoking command in '/home/gong/onset_ws/build/odrive_can': CMAKE_PREFIX_PATH=${CMAKE_PREFIX_PATH}:/home/gong/onset_ws/install/onsetbot:/opt/ros/humble /usr/bin/cmake --build /home/gong/onset_ws/build/odrive_can -- -j2 -l2
[0.540s] DEBUG:colcon.colcon_core.event_handler.log_command:Invoking command in '/home/gong/onset_ws/build/odrive_ros2_control': CMAKE_PREFIX_PATH=${CMAKE_PREFIX_PATH}:/home/gong/onset_ws/install/onsetbot:/opt/ros/humble /usr/bin/cmake --build /home/gong/onset_ws/build/odrive_ros2_control -- -j2 -l2
[0.675s] DEBUG:colcon.colcon_core.event_handler.log_command:Invoked command in '/home/gong/onset_ws/build/odrive_ros2_control' returned '0': CMAKE_PREFIX_PATH=${CMAKE_PREFIX_PATH}:/home/gong/onset_ws/install/onsetbot:/opt/ros/humble /usr/bin/cmake --build /home/gong/onset_ws/build/odrive_ros2_control -- -j2 -l2
[0.698s] DEBUG:colcon.colcon_core.event_handler.log_command:Invoking command in '/home/gong/onset_ws/build/odrive_ros2_control': CMAKE_PREFIX_PATH=${CMAKE_PREFIX_PATH}:/home/gong/onset_ws/install/onsetbot:/opt/ros/humble /usr/bin/cmake --install /home/gong/onset_ws/build/odrive_ros2_control
[0.734s] Level 1:colcon.colcon_core.environment:create_environment_scripts_only(odrive_ros2_control)
[0.737s] DEBUG:colcon.colcon_core.event_handler.log_command:Invoked command in '/home/gong/onset_ws/build/odrive_ros2_control' returned '0': CMAKE_PREFIX_PATH=${CMAKE_PREFIX_PATH}:/home/gong/onset_ws/install/onsetbot:/opt/ros/humble /usr/bin/cmake --install /home/gong/onset_ws/build/odrive_ros2_control
[0.742s] Level 1:colcon.colcon_core.environment:checking '/home/gong/onset_ws/install/odrive_ros2_control' for CMake module files
[0.742s] Level 1:colcon.colcon_core.environment:checking '/home/gong/onset_ws/install/odrive_ros2_control' for CMake config files
[0.742s] Level 1:colcon.colcon_core.shell:create_environment_hook('odrive_ros2_control', 'cmake_prefix_path')
[0.745s] INFO:colcon.colcon_core.shell:Creating environment hook '/home/gong/onset_ws/install/odrive_ros2_control/share/odrive_ros2_control/hook/cmake_prefix_path.ps1'
[0.746s] INFO:colcon.colcon_core.shell:Creating environment descriptor '/home/gong/onset_ws/install/odrive_ros2_control/share/odrive_ros2_control/hook/cmake_prefix_path.dsv'
[0.749s] INFO:colcon.colcon_core.shell:Creating environment hook '/home/gong/onset_ws/install/odrive_ros2_control/share/odrive_ros2_control/hook/cmake_prefix_path.sh'
[0.750s] Level 1:colcon.colcon_core.environment:checking '/home/gong/onset_ws/install/odrive_ros2_control/lib'
[0.750s] Level 1:colcon.colcon_core.shell:create_environment_hook('odrive_ros2_control', 'ld_library_path_lib')
[0.750s] INFO:colcon.colcon_core.shell:Creating environment hook '/home/gong/onset_ws/install/odrive_ros2_control/share/odrive_ros2_control/hook/ld_library_path_lib.ps1'
[0.752s] INFO:colcon.colcon_core.shell:Creating environment descriptor '/home/gong/onset_ws/install/odrive_ros2_control/share/odrive_ros2_control/hook/ld_library_path_lib.dsv'
[0.753s] INFO:colcon.colcon_core.shell:Creating environment hook '/home/gong/onset_ws/install/odrive_ros2_control/share/odrive_ros2_control/hook/ld_library_path_lib.sh'
[0.755s] Level 1:colcon.colcon_core.environment:checking '/home/gong/onset_ws/install/odrive_ros2_control/bin'
[0.755s] Level 1:colcon.colcon_core.environment:checking '/home/gong/onset_ws/install/odrive_ros2_control/lib/pkgconfig/odrive_ros2_control.pc'
[0.755s] Level 1:colcon.colcon_core.environment:checking '/home/gong/onset_ws/install/odrive_ros2_control/lib/python3.10/site-packages'
[0.756s] Level 1:colcon.colcon_core.environment:checking '/home/gong/onset_ws/install/odrive_ros2_control/bin'
[0.756s] INFO:colcon.colcon_core.shell:Creating package script '/home/gong/onset_ws/install/odrive_ros2_control/share/odrive_ros2_control/package.ps1'
[0.757s] INFO:colcon.colcon_core.shell:Creating package descriptor '/home/gong/onset_ws/install/odrive_ros2_control/share/odrive_ros2_control/package.dsv'
[0.758s] INFO:colcon.colcon_core.shell:Creating package script '/home/gong/onset_ws/install/odrive_ros2_control/share/odrive_ros2_control/package.sh'
[0.761s] INFO:colcon.colcon_core.shell:Creating package script '/home/gong/onset_ws/install/odrive_ros2_control/share/odrive_ros2_control/package.bash'
[0.762s] INFO:colcon.colcon_core.shell:Creating package script '/home/gong/onset_ws/install/odrive_ros2_control/share/odrive_ros2_control/package.zsh'
[0.765s] Level 1:colcon.colcon_core.environment:create_file_with_runtime_dependencies(/home/gong/onset_ws/install/odrive_ros2_control/share/colcon-core/packages/odrive_ros2_control)
[0.766s] Level 1:colcon.colcon_core.environment:create_environment_scripts_only(odrive_ros2_control)
[0.766s] Level 1:colcon.colcon_core.environment:checking '/home/gong/onset_ws/install/odrive_ros2_control' for CMake module files
[0.766s] Level 1:colcon.colcon_core.environment:checking '/home/gong/onset_ws/install/odrive_ros2_control' for CMake config files
[0.767s] Level 1:colcon.colcon_core.shell:create_environment_hook('odrive_ros2_control', 'cmake_prefix_path')
[0.767s] INFO:colcon.colcon_core.shell:Creating environment hook '/home/gong/onset_ws/install/odrive_ros2_control/share/odrive_ros2_control/hook/cmake_prefix_path.ps1'
[0.768s] INFO:colcon.colcon_core.shell:Creating environment descriptor '/home/gong/onset_ws/install/odrive_ros2_control/share/odrive_ros2_control/hook/cmake_prefix_path.dsv'
[0.769s] INFO:colcon.colcon_core.shell:Creating environment hook '/home/gong/onset_ws/install/odrive_ros2_control/share/odrive_ros2_control/hook/cmake_prefix_path.sh'
[0.770s] Level 1:colcon.colcon_core.environment:checking '/home/gong/onset_ws/install/odrive_ros2_control/lib'
[0.770s] Level 1:colcon.colcon_core.shell:create_environment_hook('odrive_ros2_control', 'ld_library_path_lib')
[0.770s] INFO:colcon.colcon_core.shell:Creating environment hook '/home/gong/onset_ws/install/odrive_ros2_control/share/odrive_ros2_control/hook/ld_library_path_lib.ps1'
[0.771s] INFO:colcon.colcon_core.shell:Creating environment descriptor '/home/gong/onset_ws/install/odrive_ros2_control/share/odrive_ros2_control/hook/ld_library_path_lib.dsv'
[0.771s] INFO:colcon.colcon_core.shell:Creating environment hook '/home/gong/onset_ws/install/odrive_ros2_control/share/odrive_ros2_control/hook/ld_library_path_lib.sh'
[0.772s] Level 1:colcon.colcon_core.environment:checking '/home/gong/onset_ws/install/odrive_ros2_control/bin'
[0.772s] Level 1:colcon.colcon_core.environment:checking '/home/gong/onset_ws/install/odrive_ros2_control/lib/pkgconfig/odrive_ros2_control.pc'
[0.772s] Level 1:colcon.colcon_core.environment:checking '/home/gong/onset_ws/install/odrive_ros2_control/lib/python3.10/site-packages'
[0.772s] Level 1:colcon.colcon_core.environment:checking '/home/gong/onset_ws/install/odrive_ros2_control/bin'
[0.772s] INFO:colcon.colcon_core.shell:Creating package script '/home/gong/onset_ws/install/odrive_ros2_control/share/odrive_ros2_control/package.ps1'
[0.773s] INFO:colcon.colcon_core.shell:Creating package descriptor '/home/gong/onset_ws/install/odrive_ros2_control/share/odrive_ros2_control/package.dsv'
[0.774s] INFO:colcon.colcon_core.shell:Creating package script '/home/gong/onset_ws/install/odrive_ros2_control/share/odrive_ros2_control/package.sh'
[0.775s] INFO:colcon.colcon_core.shell:Creating package script '/home/gong/onset_ws/install/odrive_ros2_control/share/odrive_ros2_control/package.bash'
[0.775s] INFO:colcon.colcon_core.shell:Creating package script '/home/gong/onset_ws/install/odrive_ros2_control/share/odrive_ros2_control/package.zsh'
[0.776s] Level 1:colcon.colcon_core.environment:create_file_with_runtime_dependencies(/home/gong/onset_ws/install/odrive_ros2_control/share/colcon-core/packages/odrive_ros2_control)
[0.777s] INFO:colcon.colcon_ros.task.ament_cmake.build:Building ROS package in '/home/gong/onset_ws/src/onset_interfaces' with build type 'ament_cmake'
[0.778s] INFO:colcon.colcon_cmake.task.cmake.build:Building CMake package in '/home/gong/onset_ws/src/onset_interfaces'
[0.778s] INFO:colcon.colcon_core.shell:Skip shell extension 'powershell' for command environment: Not usable outside of PowerShell
[0.778s] DEBUG:colcon.colcon_core.shell:Skip shell extension 'dsv' for command environment
[0.815s] DEBUG:colcon.colcon_core.event_handler.log_command:Invoking command in '/home/gong/onset_ws/build/onset_interfaces': CMAKE_PREFIX_PATH=${CMAKE_PREFIX_PATH}:/home/gong/onset_ws/install/onsetbot:/opt/ros/humble /usr/bin/cmake --build /home/gong/onset_ws/build/onset_interfaces -- -j2 -l2
[1.716s] DEBUG:colcon.colcon_core.event_handler.log_command:Invoked command in '/home/gong/onset_ws/build/odrive_can' returned '0': CMAKE_PREFIX_PATH=${CMAKE_PREFIX_PATH}:/home/gong/onset_ws/install/onsetbot:/opt/ros/humble /usr/bin/cmake --build /home/gong/onset_ws/build/odrive_can -- -j2 -l2
[1.717s] DEBUG:colcon.colcon_core.event_handler.log_command:Invoking command in '/home/gong/onset_ws/build/odrive_can': CMAKE_PREFIX_PATH=${CMAKE_PREFIX_PATH}:/home/gong/onset_ws/install/onsetbot:/opt/ros/humble /usr/bin/cmake --install /home/gong/onset_ws/build/odrive_can
[1.808s] DEBUG:colcon.colcon_core.event_handler.log_command:Invoked command in '/home/gong/onset_ws/build/onset_interfaces' returned '0': CMAKE_PREFIX_PATH=${CMAKE_PREFIX_PATH}:/home/gong/onset_ws/install/onsetbot:/opt/ros/humble /usr/bin/cmake --build /home/gong/onset_ws/build/onset_interfaces -- -j2 -l2
[1.809s] DEBUG:colcon.colcon_core.event_handler.log_command:Invoking command in '/home/gong/onset_ws/build/onset_interfaces': CMAKE_PREFIX_PATH=${CMAKE_PREFIX_PATH}:/home/gong/onset_ws/install/onsetbot:/opt/ros/humble /usr/bin/cmake --install /home/gong/onset_ws/build/onset_interfaces
[1.831s] Level 1:colcon.colcon_core.environment:create_environment_scripts_only(odrive_can)
[1.831s] Level 1:colcon.colcon_core.environment:checking '/home/gong/onset_ws/install/odrive_can' for CMake module files
[1.834s] DEBUG:colcon.colcon_core.event_handler.log_command:Invoked command in '/home/gong/onset_ws/build/odrive_can' returned '0': CMAKE_PREFIX_PATH=${CMAKE_PREFIX_PATH}:/home/gong/onset_ws/install/onsetbot:/opt/ros/humble /usr/bin/cmake --install /home/gong/onset_ws/build/odrive_can
[1.835s] Level 1:colcon.colcon_core.environment:checking '/home/gong/onset_ws/install/odrive_can' for CMake config files
[1.839s] Level 1:colcon.colcon_core.shell:create_environment_hook('odrive_can', 'cmake_prefix_path')
[1.839s] INFO:colcon.colcon_core.shell:Creating environment hook '/home/gong/onset_ws/install/odrive_can/share/odrive_can/hook/cmake_prefix_path.ps1'
[1.840s] INFO:colcon.colcon_core.shell:Creating environment descriptor '/home/gong/onset_ws/install/odrive_can/share/odrive_can/hook/cmake_prefix_path.dsv'
[1.841s] INFO:colcon.colcon_core.shell:Creating environment hook '/home/gong/onset_ws/install/odrive_can/share/odrive_can/hook/cmake_prefix_path.sh'
[1.843s] Level 1:colcon.colcon_core.environment:checking '/home/gong/onset_ws/install/odrive_can/lib'
[1.843s] Level 1:colcon.colcon_core.shell:create_environment_hook('odrive_can', 'ld_library_path_lib')
[1.844s] INFO:colcon.colcon_core.shell:Creating environment hook '/home/gong/onset_ws/install/odrive_can/share/odrive_can/hook/ld_library_path_lib.ps1'
[1.845s] INFO:colcon.colcon_core.shell:Creating environment descriptor '/home/gong/onset_ws/install/odrive_can/share/odrive_can/hook/ld_library_path_lib.dsv'
[1.846s] INFO:colcon.colcon_core.shell:Creating environment hook '/home/gong/onset_ws/install/odrive_can/share/odrive_can/hook/ld_library_path_lib.sh'
[1.848s] Level 1:colcon.colcon_core.environment:checking '/home/gong/onset_ws/install/odrive_can/bin'
[1.848s] Level 1:colcon.colcon_core.environment:checking '/home/gong/onset_ws/install/odrive_can/lib/pkgconfig/odrive_can.pc'
[1.848s] Level 1:colcon.colcon_core.environment:checking '/home/gong/onset_ws/install/odrive_can/lib/python3.10/site-packages'
[1.849s] Level 1:colcon.colcon_core.environment:checking '/home/gong/onset_ws/install/odrive_can/bin'
[1.849s] INFO:colcon.colcon_core.shell:Creating package script '/home/gong/onset_ws/install/odrive_can/share/odrive_can/package.ps1'
[1.854s] INFO:colcon.colcon_core.shell:Creating package descriptor '/home/gong/onset_ws/install/odrive_can/share/odrive_can/package.dsv'
[1.859s] INFO:colcon.colcon_core.shell:Creating package script '/home/gong/onset_ws/install/odrive_can/share/odrive_can/package.sh'
[1.860s] INFO:colcon.colcon_core.shell:Creating package script '/home/gong/onset_ws/install/odrive_can/share/odrive_can/package.bash'
[1.863s] INFO:colcon.colcon_core.shell:Creating package script '/home/gong/onset_ws/install/odrive_can/share/odrive_can/package.zsh'
[1.864s] Level 1:colcon.colcon_core.environment:create_file_with_runtime_dependencies(/home/gong/onset_ws/install/odrive_can/share/colcon-core/packages/odrive_can)
[1.865s] Level 1:colcon.colcon_core.environment:create_environment_scripts_only(odrive_can)
[1.866s] Level 1:colcon.colcon_core.environment:checking '/home/gong/onset_ws/install/odrive_can' for CMake module files
[1.866s] Level 1:colcon.colcon_core.environment:checking '/home/gong/onset_ws/install/odrive_can' for CMake config files
[1.867s] Level 1:colcon.colcon_core.shell:create_environment_hook('odrive_can', 'cmake_prefix_path')
[1.868s] INFO:colcon.colcon_core.shell:Creating environment hook '/home/gong/onset_ws/install/odrive_can/share/odrive_can/hook/cmake_prefix_path.ps1'
[1.869s] INFO:colcon.colcon_core.shell:Creating environment descriptor '/home/gong/onset_ws/install/odrive_can/share/odrive_can/hook/cmake_prefix_path.dsv'
[1.870s] INFO:colcon.colcon_core.shell:Creating environment hook '/home/gong/onset_ws/install/odrive_can/share/odrive_can/hook/cmake_prefix_path.sh'
[1.871s] Level 1:colcon.colcon_core.environment:checking '/home/gong/onset_ws/install/odrive_can/lib'
[1.871s] Level 1:colcon.colcon_core.shell:create_environment_hook('odrive_can', 'ld_library_path_lib')
[1.871s] INFO:colcon.colcon_core.shell:Creating environment hook '/home/gong/onset_ws/install/odrive_can/share/odrive_can/hook/ld_library_path_lib.ps1'
[1.871s] INFO:colcon.colcon_core.shell:Creating environment descriptor '/home/gong/onset_ws/install/odrive_can/share/odrive_can/hook/ld_library_path_lib.dsv'
[1.872s] INFO:colcon.colcon_core.shell:Creating environment hook '/home/gong/onset_ws/install/odrive_can/share/odrive_can/hook/ld_library_path_lib.sh'
[1.873s] Level 1:colcon.colcon_core.environment:checking '/home/gong/onset_ws/install/odrive_can/bin'
[1.873s] Level 1:colcon.colcon_core.environment:checking '/home/gong/onset_ws/install/odrive_can/lib/pkgconfig/odrive_can.pc'
[1.873s] Level 1:colcon.colcon_core.environment:checking '/home/gong/onset_ws/install/odrive_can/lib/python3.10/site-packages'
[1.874s] Level 1:colcon.colcon_core.environment:checking '/home/gong/onset_ws/install/odrive_can/bin'
[1.874s] INFO:colcon.colcon_core.shell:Creating package script '/home/gong/onset_ws/install/odrive_can/share/odrive_can/package.ps1'
[1.875s] INFO:colcon.colcon_core.shell:Creating package descriptor '/home/gong/onset_ws/install/odrive_can/share/odrive_can/package.dsv'
[1.875s] INFO:colcon.colcon_core.shell:Creating package script '/home/gong/onset_ws/install/odrive_can/share/odrive_can/package.sh'
[1.876s] INFO:colcon.colcon_core.shell:Creating package script '/home/gong/onset_ws/install/odrive_can/share/odrive_can/package.bash'
[1.877s] INFO:colcon.colcon_core.shell:Creating package script '/home/gong/onset_ws/install/odrive_can/share/odrive_can/package.zsh'
[1.877s] Level 1:colcon.colcon_core.environment:create_file_with_runtime_dependencies(/home/gong/onset_ws/install/odrive_can/share/colcon-core/packages/odrive_can)
[1.878s] INFO:colcon.colcon_ros.task.ament_cmake.build:Building ROS package in '/home/gong/onset_ws/src/ros_odrive/odrive_botwheel_explorer' with build type 'ament_cmake'
[1.878s] INFO:colcon.colcon_cmake.task.cmake.build:Building CMake package in '/home/gong/onset_ws/src/ros_odrive/odrive_botwheel_explorer'
[1.878s] INFO:colcon.colcon_core.shell:Skip shell extension 'powershell' for command environment: Not usable outside of PowerShell
[1.879s] DEBUG:colcon.colcon_core.shell:Skip shell extension 'dsv' for command environment
[1.903s] DEBUG:colcon.colcon_core.event_handler.log_command:Invoking command in '/home/gong/onset_ws/build/odrive_botwheel_explorer': CMAKE_PREFIX_PATH=/home/gong/onset_ws/install/odrive_ros2_control:/home/gong/onset_ws/install/onset_interfaces:/home/gong/onset_ws/install/odrive_botwheel_explorer:/home/gong/onset_ws/install/odrive_can:/home/gong/onset_ws/install/onsetbot:/opt/ros/humble LD_LIBRARY_PATH=/home/gong/onset_ws/install/odrive_ros2_control/lib:/home/gong/onset_ws/install/onset_interfaces/lib:/home/gong/onset_ws/install/odrive_can/lib:/usr/lib/x86_64-linux-gnu/gazebo-11/plugins:/opt/ros/humble/opt/rviz_ogre_vendor/lib:/opt/ros/humble/lib/x86_64-linux-gnu:/opt/ros/humble/lib /usr/bin/cmake --build /home/gong/onset_ws/build/odrive_botwheel_explorer -- -j2 -l2
[1.933s] Level 1:colcon.colcon_core.environment:create_environment_scripts_only(onset_interfaces)
[1.934s] Level 1:colcon.colcon_core.environment:checking '/home/gong/onset_ws/install/onset_interfaces' for CMake module files
[1.934s] Level 1:colcon.colcon_core.environment:checking '/home/gong/onset_ws/install/onset_interfaces' for CMake config files
[1.935s] Level 1:colcon.colcon_core.shell:create_environment_hook('onset_interfaces', 'cmake_prefix_path')
[1.935s] INFO:colcon.colcon_core.shell:Creating environment hook '/home/gong/onset_ws/install/onset_interfaces/share/onset_interfaces/hook/cmake_prefix_path.ps1'
[1.936s] DEBUG:colcon.colcon_core.event_handler.log_command:Invoked command in '/home/gong/onset_ws/build/onset_interfaces' returned '0': CMAKE_PREFIX_PATH=${CMAKE_PREFIX_PATH}:/home/gong/onset_ws/install/onsetbot:/opt/ros/humble /usr/bin/cmake --install /home/gong/onset_ws/build/onset_interfaces
[1.937s] INFO:colcon.colcon_core.shell:Creating environment descriptor '/home/gong/onset_ws/install/onset_interfaces/share/onset_interfaces/hook/cmake_prefix_path.dsv'
[1.937s] INFO:colcon.colcon_core.shell:Creating environment hook '/home/gong/onset_ws/install/onset_interfaces/share/onset_interfaces/hook/cmake_prefix_path.sh'
[1.938s] Level 1:colcon.colcon_core.environment:checking '/home/gong/onset_ws/install/onset_interfaces/lib'
[1.938s] Level 1:colcon.colcon_core.shell:create_environment_hook('onset_interfaces', 'ld_library_path_lib')
[1.938s] INFO:colcon.colcon_core.shell:Creating environment hook '/home/gong/onset_ws/install/onset_interfaces/share/onset_interfaces/hook/ld_library_path_lib.ps1'
[1.939s] INFO:colcon.colcon_core.shell:Creating environment descriptor '/home/gong/onset_ws/install/onset_interfaces/share/onset_interfaces/hook/ld_library_path_lib.dsv'
[1.939s] INFO:colcon.colcon_core.shell:Creating environment hook '/home/gong/onset_ws/install/onset_interfaces/share/onset_interfaces/hook/ld_library_path_lib.sh'
[1.940s] Level 1:colcon.colcon_core.environment:checking '/home/gong/onset_ws/install/onset_interfaces/bin'
[1.940s] Level 1:colcon.colcon_core.environment:checking '/home/gong/onset_ws/install/onset_interfaces/lib/pkgconfig/onset_interfaces.pc'
[1.940s] Level 1:colcon.colcon_core.environment:checking '/home/gong/onset_ws/install/onset_interfaces/lib/python3.10/site-packages'
[1.941s] Level 1:colcon.colcon_core.environment:checking '/home/gong/onset_ws/install/onset_interfaces/bin'
[1.941s] INFO:colcon.colcon_core.shell:Creating package script '/home/gong/onset_ws/install/onset_interfaces/share/onset_interfaces/package.ps1'
[1.942s] INFO:colcon.colcon_core.shell:Creating package descriptor '/home/gong/onset_ws/install/onset_interfaces/share/onset_interfaces/package.dsv'
[1.942s] INFO:colcon.colcon_core.shell:Creating package script '/home/gong/onset_ws/install/onset_interfaces/share/onset_interfaces/package.sh'
[1.943s] INFO:colcon.colcon_core.shell:Creating package script '/home/gong/onset_ws/install/onset_interfaces/share/onset_interfaces/package.bash'
[1.944s] INFO:colcon.colcon_core.shell:Creating package script '/home/gong/onset_ws/install/onset_interfaces/share/onset_interfaces/package.zsh'
[1.944s] Level 1:colcon.colcon_core.environment:create_file_with_runtime_dependencies(/home/gong/onset_ws/install/onset_interfaces/share/colcon-core/packages/onset_interfaces)
[1.947s] Level 1:colcon.colcon_core.environment:create_environment_scripts_only(onset_interfaces)
[1.948s] Level 1:colcon.colcon_core.environment:checking '/home/gong/onset_ws/install/onset_interfaces' for CMake module files
[1.948s] Level 1:colcon.colcon_core.environment:checking '/home/gong/onset_ws/install/onset_interfaces' for CMake config files
[1.949s] Level 1:colcon.colcon_core.shell:create_environment_hook('onset_interfaces', 'cmake_prefix_path')
[1.950s] INFO:colcon.colcon_core.shell:Creating environment hook '/home/gong/onset_ws/install/onset_interfaces/share/onset_interfaces/hook/cmake_prefix_path.ps1'
[1.950s] INFO:colcon.colcon_core.shell:Creating environment descriptor '/home/gong/onset_ws/install/onset_interfaces/share/onset_interfaces/hook/cmake_prefix_path.dsv'
[1.951s] INFO:colcon.colcon_core.shell:Creating environment hook '/home/gong/onset_ws/install/onset_interfaces/share/onset_interfaces/hook/cmake_prefix_path.sh'
[1.952s] Level 1:colcon.colcon_core.environment:checking '/home/gong/onset_ws/install/onset_interfaces/lib'
[1.952s] Level 1:colcon.colcon_core.shell:create_environment_hook('onset_interfaces', 'ld_library_path_lib')
[1.952s] INFO:colcon.colcon_core.shell:Creating environment hook '/home/gong/onset_ws/install/onset_interfaces/share/onset_interfaces/hook/ld_library_path_lib.ps1'
[1.953s] INFO:colcon.colcon_core.shell:Creating environment descriptor '/home/gong/onset_ws/install/onset_interfaces/share/onset_interfaces/hook/ld_library_path_lib.dsv'
[1.953s] INFO:colcon.colcon_core.shell:Creating environment hook '/home/gong/onset_ws/install/onset_interfaces/share/onset_interfaces/hook/ld_library_path_lib.sh'
[1.954s] Level 1:colcon.colcon_core.environment:checking '/home/gong/onset_ws/install/onset_interfaces/bin'
[1.954s] Level 1:colcon.colcon_core.environment:checking '/home/gong/onset_ws/install/onset_interfaces/lib/pkgconfig/onset_interfaces.pc'
[1.954s] Level 1:colcon.colcon_core.environment:checking '/home/gong/onset_ws/install/onset_interfaces/lib/python3.10/site-packages'
[1.955s] Level 1:colcon.colcon_core.environment:checking '/home/gong/onset_ws/install/onset_interfaces/bin'
[1.955s] INFO:colcon.colcon_core.shell:Creating package script '/home/gong/onset_ws/install/onset_interfaces/share/onset_interfaces/package.ps1'
[1.956s] INFO:colcon.colcon_core.shell:Creating package descriptor '/home/gong/onset_ws/install/onset_interfaces/share/onset_interfaces/package.dsv'
[1.956s] INFO:colcon.colcon_core.shell:Creating package script '/home/gong/onset_ws/install/onset_interfaces/share/onset_interfaces/package.sh'
[1.957s] INFO:colcon.colcon_core.shell:Creating package script '/home/gong/onset_ws/install/onset_interfaces/share/onset_interfaces/package.bash'
[1.957s] INFO:colcon.colcon_core.shell:Creating package script '/home/gong/onset_ws/install/onset_interfaces/share/onset_interfaces/package.zsh'
[1.958s] Level 1:colcon.colcon_core.environment:create_file_with_runtime_dependencies(/home/gong/onset_ws/install/onset_interfaces/share/colcon-core/packages/onset_interfaces)
[1.959s] INFO:colcon.colcon_ros.task.ament_python.build:Building ROS package in '/home/gong/onset_ws/src/onsetbot' with build type 'ament_python'
[1.959s] Level 1:colcon.colcon_core.shell:create_environment_hook('onsetbot', 'ament_prefix_path')
[1.959s] INFO:colcon.colcon_core.shell:Creating environment hook '/home/gong/onset_ws/install/onsetbot/share/onsetbot/hook/ament_prefix_path.ps1'
[1.963s] INFO:colcon.colcon_core.shell:Creating environment descriptor '/home/gong/onset_ws/install/onsetbot/share/onsetbot/hook/ament_prefix_path.dsv'
[1.964s] INFO:colcon.colcon_core.shell:Creating environment hook '/home/gong/onset_ws/install/onsetbot/share/onsetbot/hook/ament_prefix_path.sh'
[1.965s] INFO:colcon.colcon_core.shell:Skip shell extension 'powershell' for command environment: Not usable outside of PowerShell
[1.965s] DEBUG:colcon.colcon_core.shell:Skip shell extension 'dsv' for command environment
[1.987s] DEBUG:colcon.colcon_core.event_handler.log_command:Invoked command in '/home/gong/onset_ws/build/odrive_botwheel_explorer' returned '0': CMAKE_PREFIX_PATH=/home/gong/onset_ws/install/odrive_ros2_control:/home/gong/onset_ws/install/onset_interfaces:/home/gong/onset_ws/install/odrive_botwheel_explorer:/home/gong/onset_ws/install/odrive_can:/home/gong/onset_ws/install/onsetbot:/opt/ros/humble LD_LIBRARY_PATH=/home/gong/onset_ws/install/odrive_ros2_control/lib:/home/gong/onset_ws/install/onset_interfaces/lib:/home/gong/onset_ws/install/odrive_can/lib:/usr/lib/x86_64-linux-gnu/gazebo-11/plugins:/opt/ros/humble/opt/rviz_ogre_vendor/lib:/opt/ros/humble/lib/x86_64-linux-gnu:/opt/ros/humble/lib /usr/bin/cmake --build /home/gong/onset_ws/build/odrive_botwheel_explorer -- -j2 -l2
[1.995s] DEBUG:colcon.colcon_core.event_handler.log_command:Invoking command in '/home/gong/onset_ws/build/odrive_botwheel_explorer': CMAKE_PREFIX_PATH=/home/gong/onset_ws/install/odrive_ros2_control:/home/gong/onset_ws/install/onset_interfaces:/home/gong/onset_ws/install/odrive_botwheel_explorer:/home/gong/onset_ws/install/odrive_can:/home/gong/onset_ws/install/onsetbot:/opt/ros/humble LD_LIBRARY_PATH=/home/gong/onset_ws/install/odrive_ros2_control/lib:/home/gong/onset_ws/install/onset_interfaces/lib:/home/gong/onset_ws/install/odrive_can/lib:/usr/lib/x86_64-linux-gnu/gazebo-11/plugins:/opt/ros/humble/opt/rviz_ogre_vendor/lib:/opt/ros/humble/lib/x86_64-linux-gnu:/opt/ros/humble/lib /usr/bin/cmake --install /home/gong/onset_ws/build/odrive_botwheel_explorer
[2.287s] INFO:colcon.colcon_core.task.python.build:Building Python package in '/home/gong/onset_ws/src/onsetbot'
[2.287s] INFO:colcon.colcon_core.shell:Skip shell extension 'powershell' for command environment: Not usable outside of PowerShell
[2.287s] DEBUG:colcon.colcon_core.shell:Skip shell extension 'dsv' for command environment
[2.292s] Level 1:colcon.colcon_core.environment:create_environment_scripts_only(odrive_botwheel_explorer)
[2.293s] Level 1:colcon.colcon_core.environment:checking '/home/gong/onset_ws/install/odrive_botwheel_explorer' for CMake module files
[2.293s] DEBUG:colcon.colcon_core.event_handler.log_command:Invoked command in '/home/gong/onset_ws/build/odrive_botwheel_explorer' returned '0': CMAKE_PREFIX_PATH=/home/gong/onset_ws/install/odrive_ros2_control:/home/gong/onset_ws/install/onset_interfaces:/home/gong/onset_ws/install/odrive_botwheel_explorer:/home/gong/onset_ws/install/odrive_can:/home/gong/onset_ws/install/onsetbot:/opt/ros/humble LD_LIBRARY_PATH=/home/gong/onset_ws/install/odrive_ros2_control/lib:/home/gong/onset_ws/install/onset_interfaces/lib:/home/gong/onset_ws/install/odrive_can/lib:/usr/lib/x86_64-linux-gnu/gazebo-11/plugins:/opt/ros/humble/opt/rviz_ogre_vendor/lib:/opt/ros/humble/lib/x86_64-linux-gnu:/opt/ros/humble/lib /usr/bin/cmake --install /home/gong/onset_ws/build/odrive_botwheel_explorer
[2.294s] Level 1:colcon.colcon_core.environment:checking '/home/gong/onset_ws/install/odrive_botwheel_explorer' for CMake config files
[2.294s] Level 1:colcon.colcon_core.shell:create_environment_hook('odrive_botwheel_explorer', 'cmake_prefix_path')
[2.294s] INFO:colcon.colcon_core.shell:Creating environment hook '/home/gong/onset_ws/install/odrive_botwheel_explorer/share/odrive_botwheel_explorer/hook/cmake_prefix_path.ps1'
[2.295s] INFO:colcon.colcon_core.shell:Creating environment descriptor '/home/gong/onset_ws/install/odrive_botwheel_explorer/share/odrive_botwheel_explorer/hook/cmake_prefix_path.dsv'
[2.295s] INFO:colcon.colcon_core.shell:Creating environment hook '/home/gong/onset_ws/install/odrive_botwheel_explorer/share/odrive_botwheel_explorer/hook/cmake_prefix_path.sh'
[2.296s] Level 1:colcon.colcon_core.environment:checking '/home/gong/onset_ws/install/odrive_botwheel_explorer/bin'
[2.296s] Level 1:colcon.colcon_core.environment:checking '/home/gong/onset_ws/install/odrive_botwheel_explorer/lib/pkgconfig/odrive_botwheel_explorer.pc'
[2.296s] Level 1:colcon.colcon_core.environment:checking '/home/gong/onset_ws/install/odrive_botwheel_explorer/lib/python3.10/site-packages'
[2.297s] Level 1:colcon.colcon_core.environment:checking '/home/gong/onset_ws/install/odrive_botwheel_explorer/bin'
[2.297s] INFO:colcon.colcon_core.shell:Creating package script '/home/gong/onset_ws/install/odrive_botwheel_explorer/share/odrive_botwheel_explorer/package.ps1'
[2.297s] INFO:colcon.colcon_core.shell:Creating package descriptor '/home/gong/onset_ws/install/odrive_botwheel_explorer/share/odrive_botwheel_explorer/package.dsv'
[2.298s] INFO:colcon.colcon_core.shell:Creating package script '/home/gong/onset_ws/install/odrive_botwheel_explorer/share/odrive_botwheel_explorer/package.sh'
[2.298s] INFO:colcon.colcon_core.shell:Creating package script '/home/gong/onset_ws/install/odrive_botwheel_explorer/share/odrive_botwheel_explorer/package.bash'
[2.299s] INFO:colcon.colcon_core.shell:Creating package script '/home/gong/onset_ws/install/odrive_botwheel_explorer/share/odrive_botwheel_explorer/package.zsh'
[2.299s] Level 1:colcon.colcon_core.environment:create_file_with_runtime_dependencies(/home/gong/onset_ws/install/odrive_botwheel_explorer/share/colcon-core/packages/odrive_botwheel_explorer)
[2.300s] Level 1:colcon.colcon_core.environment:create_environment_scripts_only(odrive_botwheel_explorer)
[2.300s] Level 1:colcon.colcon_core.environment:checking '/home/gong/onset_ws/install/odrive_botwheel_explorer' for CMake module files
[2.301s] Level 1:colcon.colcon_core.environment:checking '/home/gong/onset_ws/install/odrive_botwheel_explorer' for CMake config files
[2.301s] Level 1:colcon.colcon_core.shell:create_environment_hook('odrive_botwheel_explorer', 'cmake_prefix_path')
[2.301s] INFO:colcon.colcon_core.shell:Creating environment hook '/home/gong/onset_ws/install/odrive_botwheel_explorer/share/odrive_botwheel_explorer/hook/cmake_prefix_path.ps1'
[2.302s] INFO:colcon.colcon_core.shell:Creating environment descriptor '/home/gong/onset_ws/install/odrive_botwheel_explorer/share/odrive_botwheel_explorer/hook/cmake_prefix_path.dsv'
[2.303s] INFO:colcon.colcon_core.shell:Creating environment hook '/home/gong/onset_ws/install/odrive_botwheel_explorer/share/odrive_botwheel_explorer/hook/cmake_prefix_path.sh'
[2.304s] Level 1:colcon.colcon_core.environment:checking '/home/gong/onset_ws/install/odrive_botwheel_explorer/bin'
[2.304s] Level 1:colcon.colcon_core.environment:checking '/home/gong/onset_ws/install/odrive_botwheel_explorer/lib/pkgconfig/odrive_botwheel_explorer.pc'
[2.304s] Level 1:colcon.colcon_core.environment:checking '/home/gong/onset_ws/install/odrive_botwheel_explorer/lib/python3.10/site-packages'
[2.304s] Level 1:colcon.colcon_core.environment:checking '/home/gong/onset_ws/install/odrive_botwheel_explorer/bin'
[2.304s] INFO:colcon.colcon_core.shell:Creating package script '/home/gong/onset_ws/install/odrive_botwheel_explorer/share/odrive_botwheel_explorer/package.ps1'
[2.305s] INFO:colcon.colcon_core.shell:Creating package descriptor '/home/gong/onset_ws/install/odrive_botwheel_explorer/share/odrive_botwheel_explorer/package.dsv'
[2.306s] INFO:colcon.colcon_core.shell:Creating package script '/home/gong/onset_ws/install/odrive_botwheel_explorer/share/odrive_botwheel_explorer/package.sh'
[2.306s] INFO:colcon.colcon_core.shell:Creating package script '/home/gong/onset_ws/install/odrive_botwheel_explorer/share/odrive_botwheel_explorer/package.bash'
[2.307s] INFO:colcon.colcon_core.shell:Creating package script '/home/gong/onset_ws/install/odrive_botwheel_explorer/share/odrive_botwheel_explorer/package.zsh'
[2.307s] Level 1:colcon.colcon_core.environment:create_file_with_runtime_dependencies(/home/gong/onset_ws/install/odrive_botwheel_explorer/share/colcon-core/packages/odrive_botwheel_explorer)
[2.689s] DEBUG:colcon.colcon_core.event_handler.log_command:Invoking command in '/home/gong/onset_ws/src/onsetbot': CMAKE_PREFIX_PATH=/home/gong/onset_ws/install/onset_interfaces:/home/gong/onset_ws/install/odrive_can:/home/gong/onset_ws/install/odrive_botwheel_explorer:/home/gong/onset_ws/install/odrive_ros2_control LD_LIBRARY_PATH=/home/gong/onset_ws/install/onset_interfaces/lib:/home/gong/onset_ws/install/odrive_can/lib:/home/gong/onset_ws/install/odrive_ros2_control/lib:/usr/lib/x86_64-linux-gnu/gazebo-11/plugins:/opt/ros/humble/opt/rviz_ogre_vendor/lib:/opt/ros/humble/lib/x86_64-linux-gnu:/opt/ros/humble/lib PYTHONPATH=/home/gong/onset_ws/build/onsetbot/prefix_override:/usr/lib/python3/dist-packages/colcon_core/task/python/colcon_distutils_commands:/home/gong/onset_ws/install/onsetbot/lib/python3.10/site-packages:${PYTHONPATH} /usr/bin/python3 -W ignore:setup.py install is deprecated -W ignore:easy_install command is deprecated setup.py egg_info --egg-base ../../build/onsetbot build --build-base /home/gong/onset_ws/build/onsetbot/build install --record /home/gong/onset_ws/build/onsetbot/install.log --single-version-externally-managed install_data
[3.038s] Level 1:colcon.colcon_core.environment:checking '/home/gong/onset_ws/install/onsetbot' for CMake module files
[3.039s] Level 1:colcon.colcon_core.environment:checking '/home/gong/onset_ws/install/onsetbot' for CMake config files
[3.039s] Level 1:colcon.colcon_core.environment:checking '/home/gong/onset_ws/install/onsetbot/lib'
[3.039s] Level 1:colcon.colcon_core.environment:checking '/home/gong/onset_ws/install/onsetbot/bin'
[3.039s] Level 1:colcon.colcon_core.environment:checking '/home/gong/onset_ws/install/onsetbot/lib/pkgconfig/onsetbot.pc'
[3.040s] DEBUG:colcon.colcon_core.event_handler.log_command:Invoked command in '/home/gong/onset_ws/src/onsetbot' returned '0': CMAKE_PREFIX_PATH=/home/gong/onset_ws/install/onset_interfaces:/home/gong/onset_ws/install/odrive_can:/home/gong/onset_ws/install/odrive_botwheel_explorer:/home/gong/onset_ws/install/odrive_ros2_control LD_LIBRARY_PATH=/home/gong/onset_ws/install/onset_interfaces/lib:/home/gong/onset_ws/install/odrive_can/lib:/home/gong/onset_ws/install/odrive_ros2_control/lib:/usr/lib/x86_64-linux-gnu/gazebo-11/plugins:/opt/ros/humble/opt/rviz_ogre_vendor/lib:/opt/ros/humble/lib/x86_64-linux-gnu:/opt/ros/humble/lib PYTHONPATH=/home/gong/onset_ws/build/onsetbot/prefix_override:/usr/lib/python3/dist-packages/colcon_core/task/python/colcon_distutils_commands:/home/gong/onset_ws/install/onsetbot/lib/python3.10/site-packages:${PYTHONPATH} /usr/bin/python3 -W ignore:setup.py install is deprecated -W ignore:easy_install command is deprecated setup.py egg_info --egg-base ../../build/onsetbot build --build-base /home/gong/onset_ws/build/onsetbot/build install --record /home/gong/onset_ws/build/onsetbot/install.log --single-version-externally-managed install_data
[3.040s] Level 1:colcon.colcon_core.environment:checking '/home/gong/onset_ws/install/onsetbot/lib/python3.10/site-packages'
[3.040s] Level 1:colcon.colcon_core.shell:create_environment_hook('onsetbot', 'pythonpath')
[3.040s] INFO:colcon.colcon_core.shell:Creating environment hook '/home/gong/onset_ws/install/onsetbot/share/onsetbot/hook/pythonpath.ps1'
[3.041s] INFO:colcon.colcon_core.shell:Creating environment descriptor '/home/gong/onset_ws/install/onsetbot/share/onsetbot/hook/pythonpath.dsv'
[3.042s] INFO:colcon.colcon_core.shell:Creating environment hook '/home/gong/onset_ws/install/onsetbot/share/onsetbot/hook/pythonpath.sh'
[3.043s] Level 1:colcon.colcon_core.environment:checking '/home/gong/onset_ws/install/onsetbot/bin'
[3.043s] Level 1:colcon.colcon_core.environment:create_environment_scripts_only(onsetbot)
[3.044s] INFO:colcon.colcon_core.shell:Creating package script '/home/gong/onset_ws/install/onsetbot/share/onsetbot/package.ps1'
[3.044s] INFO:colcon.colcon_core.shell:Creating package descriptor '/home/gong/onset_ws/install/onsetbot/share/onsetbot/package.dsv'
[3.045s] INFO:colcon.colcon_core.shell:Creating package script '/home/gong/onset_ws/install/onsetbot/share/onsetbot/package.sh'
[3.045s] INFO:colcon.colcon_core.shell:Creating package script '/home/gong/onset_ws/install/onsetbot/share/onsetbot/package.bash'
[3.046s] INFO:colcon.colcon_core.shell:Creating package script '/home/gong/onset_ws/install/onsetbot/share/onsetbot/package.zsh'
[3.047s] Level 1:colcon.colcon_core.environment:create_file_with_runtime_dependencies(/home/gong/onset_ws/install/onsetbot/share/colcon-core/packages/onsetbot)
[3.049s] DEBUG:colcon.colcon_parallel_executor.executor.parallel:closing loop
[3.049s] DEBUG:colcon.colcon_parallel_executor.executor.parallel:loop closed
[3.049s] DEBUG:colcon.colcon_parallel_executor.executor.parallel:run_until_complete finished with '0'
[3.049s] DEBUG:colcon.colcon_core.event_reactor:joining thread
[3.057s] INFO:colcon.colcon_core.plugin_system:Skipping extension 'colcon_notification.desktop_notification.terminal_notifier': Not used on non-Darwin systems
[3.057s] INFO:colcon.colcon_core.plugin_system:Skipping extension 'colcon_notification.desktop_notification.win32': Not used on non-Windows systems
[3.057s] INFO:colcon.colcon_notification.desktop_notification:Sending desktop notification using 'notify2'
[3.083s] DEBUG:colcon.colcon_core.event_reactor:joined thread
[3.083s] INFO:colcon.colcon_core.shell:Creating prefix script '/home/gong/onset_ws/install/local_setup.ps1'
[3.084s] INFO:colcon.colcon_core.shell:Creating prefix util module '/home/gong/onset_ws/install/_local_setup_util_ps1.py'
[3.086s] INFO:colcon.colcon_core.shell:Creating prefix chain script '/home/gong/onset_ws/install/setup.ps1'
[3.088s] INFO:colcon.colcon_core.shell:Creating prefix script '/home/gong/onset_ws/install/local_setup.sh'
[3.089s] INFO:colcon.colcon_core.shell:Creating prefix util module '/home/gong/onset_ws/install/_local_setup_util_sh.py'
[3.090s] INFO:colcon.colcon_core.shell:Creating prefix chain script '/home/gong/onset_ws/install/setup.sh'
[3.092s] INFO:colcon.colcon_core.shell:Creating prefix script '/home/gong/onset_ws/install/local_setup.bash'
[3.093s] INFO:colcon.colcon_core.shell:Creating prefix chain script '/home/gong/onset_ws/install/setup.bash'
[3.094s] INFO:colcon.colcon_core.shell:Creating prefix script '/home/gong/onset_ws/install/local_setup.zsh'
[3.095s] INFO:colcon.colcon_core.shell:Creating prefix chain script '/home/gong/onset_ws/install/setup.zsh'
