[0.103s] DEBUG:colcon:Command line arguments: ['/usr/bin/colcon', 'build']
[0.103s] DEBUG:colcon:Parsed command line arguments: Namespace(log_base=None, log_level=None, verb_name='build', build_base='build', install_base='install', merge_install=False, symlink_install=False, test_result_base=None, continue_on_error=False, executor='parallel', parallel_workers=2, event_handlers=None, ignore_user_meta=False, metas=['./colcon.meta'], base_paths=['.'], packages_ignore=None, packages_ignore_regex=None, paths=None, packages_up_to=None, packages_up_to_regex=None, packages_above=None, packages_above_and_dependencies=None, packages_above_depth=None, packages_select_by_dep=None, packages_skip_by_dep=None, packages_skip_up_to=None, packages_select_build_failed=False, packages_skip_build_finished=False, packages_select_test_failures=False, packages_skip_test_passed=False, packages_select=None, packages_skip=None, packages_select_regex=None, packages_skip_regex=None, packages_start=None, packages_end=None, allow_overriding=[], cmake_args=None, cmake_target=None, cmake_target_skip_unavailable=False, cmake_clean_cache=False, cmake_clean_first=False, cmake_force_configure=False, ament_cmake_args=None, catkin_cmake_args=None, catkin_skip_building_tests=False, mixin_files=None, mixin=None, verb_parser=<colcon_mixin.mixin.mixin_argument.MixinArgumentDecorator object at 0x7fd155fa02e0>, verb_extension=<colcon_core.verb.build.BuildVerb object at 0x7fd155f6bb20>, main=<bound method BuildVerb.main of <colcon_core.verb.build.BuildVerb object at 0x7fd155f6bb20>>, mixin_verb=('build',))
[0.269s] Level 1:colcon.colcon_core.package_discovery:discover_packages(colcon_meta) check parameters
[0.269s] Level 1:colcon.colcon_core.package_discovery:discover_packages(recursive) check parameters
[0.270s] Level 1:colcon.colcon_core.package_discovery:discover_packages(ignore) check parameters
[0.270s] Level 1:colcon.colcon_core.package_discovery:discover_packages(path) check parameters
[0.270s] Level 1:colcon.colcon_core.package_discovery:discover_packages(colcon_meta) discover
[0.270s] Level 1:colcon.colcon_core.package_discovery:discover_packages(recursive) discover
[0.270s] INFO:colcon.colcon_core.package_discovery:Crawling recursively for packages in '/home/gong/onset_ws'
[0.270s] Level 1:colcon.colcon_core.package_identification:_identify(.) by extensions ['ignore', 'ignore_ament_install']
[0.270s] Level 1:colcon.colcon_core.package_identification:_identify(.) by extension 'ignore'
[0.270s] Level 1:colcon.colcon_core.package_identification:_identify(.) by extension 'ignore_ament_install'
[0.270s] Level 1:colcon.colcon_core.package_identification:_identify(.) by extensions ['colcon_pkg']
[0.270s] Level 1:colcon.colcon_core.package_identification:_identify(.) by extension 'colcon_pkg'
[0.270s] Level 1:colcon.colcon_core.package_identification:_identify(.) by extensions ['colcon_meta']
[0.270s] Level 1:colcon.colcon_core.package_identification:_identify(.) by extension 'colcon_meta'
[0.270s] Level 1:colcon.colcon_core.package_identification:_identify(.) by extensions ['ros']
[0.270s] Level 1:colcon.colcon_core.package_identification:_identify(.) by extension 'ros'
[0.279s] Level 1:colcon.colcon_core.package_identification:_identify(.) by extensions ['cmake', 'python']
[0.280s] Level 1:colcon.colcon_core.package_identification:_identify(.) by extension 'cmake'
[0.280s] Level 1:colcon.colcon_core.package_identification:_identify(.) by extension 'python'
[0.280s] Level 1:colcon.colcon_core.package_identification:_identify(.) by extensions ['python_setup_py']
[0.280s] Level 1:colcon.colcon_core.package_identification:_identify(.) by extension 'python_setup_py'
[0.280s] Level 1:colcon.colcon_core.package_identification:_identify(build) by extensions ['ignore', 'ignore_ament_install']
[0.280s] Level 1:colcon.colcon_core.package_identification:_identify(build) by extension 'ignore'
[0.280s] Level 1:colcon.colcon_core.package_identification:_identify(build) ignored
[0.280s] Level 1:colcon.colcon_core.package_identification:_identify(install) by extensions ['ignore', 'ignore_ament_install']
[0.280s] Level 1:colcon.colcon_core.package_identification:_identify(install) by extension 'ignore'
[0.280s] Level 1:colcon.colcon_core.package_identification:_identify(install) ignored
[0.280s] Level 1:colcon.colcon_core.package_identification:_identify(log) by extensions ['ignore', 'ignore_ament_install']
[0.280s] Level 1:colcon.colcon_core.package_identification:_identify(log) by extension 'ignore'
[0.280s] Level 1:colcon.colcon_core.package_identification:_identify(log) ignored
[0.280s] Level 1:colcon.colcon_core.package_identification:_identify(src) by extensions ['ignore', 'ignore_ament_install']
[0.281s] Level 1:colcon.colcon_core.package_identification:_identify(src) by extension 'ignore'
[0.281s] Level 1:colcon.colcon_core.package_identification:_identify(src) by extension 'ignore_ament_install'
[0.281s] Level 1:colcon.colcon_core.package_identification:_identify(src) by extensions ['colcon_pkg']
[0.281s] Level 1:colcon.colcon_core.package_identification:_identify(src) by extension 'colcon_pkg'
[0.281s] Level 1:colcon.colcon_core.package_identification:_identify(src) by extensions ['colcon_meta']
[0.281s] Level 1:colcon.colcon_core.package_identification:_identify(src) by extension 'colcon_meta'
[0.281s] Level 1:colcon.colcon_core.package_identification:_identify(src) by extensions ['ros']
[0.281s] Level 1:colcon.colcon_core.package_identification:_identify(src) by extension 'ros'
[0.281s] Level 1:colcon.colcon_core.package_identification:_identify(src) by extensions ['cmake', 'python']
[0.281s] Level 1:colcon.colcon_core.package_identification:_identify(src) by extension 'cmake'
[0.281s] Level 1:colcon.colcon_core.package_identification:_identify(src) by extension 'python'
[0.281s] Level 1:colcon.colcon_core.package_identification:_identify(src) by extensions ['python_setup_py']
[0.281s] Level 1:colcon.colcon_core.package_identification:_identify(src) by extension 'python_setup_py'
[0.281s] Level 1:colcon.colcon_core.package_identification:_identify(src/onset_interfaces) by extensions ['ignore', 'ignore_ament_install']
[0.281s] Level 1:colcon.colcon_core.package_identification:_identify(src/onset_interfaces) by extension 'ignore'
[0.281s] Level 1:colcon.colcon_core.package_identification:_identify(src/onset_interfaces) by extension 'ignore_ament_install'
[0.281s] Level 1:colcon.colcon_core.package_identification:_identify(src/onset_interfaces) by extensions ['colcon_pkg']
[0.281s] Level 1:colcon.colcon_core.package_identification:_identify(src/onset_interfaces) by extension 'colcon_pkg'
[0.281s] Level 1:colcon.colcon_core.package_identification:_identify(src/onset_interfaces) by extensions ['colcon_meta']
[0.281s] Level 1:colcon.colcon_core.package_identification:_identify(src/onset_interfaces) by extension 'colcon_meta'
[0.281s] Level 1:colcon.colcon_core.package_identification:_identify(src/onset_interfaces) by extensions ['ros']
[0.281s] Level 1:colcon.colcon_core.package_identification:_identify(src/onset_interfaces) by extension 'ros'
[0.284s] DEBUG:colcon.colcon_core.package_identification:Package 'src/onset_interfaces' with type 'ros.ament_cmake' and name 'onset_interfaces'
[0.284s] Level 1:colcon.colcon_core.package_identification:_identify(src/onset_interfaces_old_20260226_141931) by extensions ['ignore', 'ignore_ament_install']
[0.284s] Level 1:colcon.colcon_core.package_identification:_identify(src/onset_interfaces_old_20260226_141931) by extension 'ignore'
[0.284s] Level 1:colcon.colcon_core.package_identification:_identify(src/onset_interfaces_old_20260226_141931) by extension 'ignore_ament_install'
[0.285s] Level 1:colcon.colcon_core.package_identification:_identify(src/onset_interfaces_old_20260226_141931) by extensions ['colcon_pkg']
[0.285s] Level 1:colcon.colcon_core.package_identification:_identify(src/onset_interfaces_old_20260226_141931) by extension 'colcon_pkg'
[0.285s] Level 1:colcon.colcon_core.package_identification:_identify(src/onset_interfaces_old_20260226_141931) by extensions ['colcon_meta']
[0.285s] Level 1:colcon.colcon_core.package_identification:_identify(src/onset_interfaces_old_20260226_141931) by extension 'colcon_meta'
[0.285s] Level 1:colcon.colcon_core.package_identification:_identify(src/onset_interfaces_old_20260226_141931) by extensions ['ros']
[0.285s] Level 1:colcon.colcon_core.package_identification:_identify(src/onset_interfaces_old_20260226_141931) by extension 'ros'
[0.285s] Level 1:colcon.colcon_core.package_identification:_identify(src/onset_interfaces_old_20260226_141931) by extensions ['cmake', 'python']
[0.285s] Level 1:colcon.colcon_core.package_identification:_identify(src/onset_interfaces_old_20260226_141931) by extension 'cmake'
[0.285s] Level 1:colcon.colcon_core.package_identification:_identify(src/onset_interfaces_old_20260226_141931) by extension 'python'
[0.285s] Level 1:colcon.colcon_core.package_identification:_identify(src/onset_interfaces_old_20260226_141931) by extensions ['python_setup_py']
[0.285s] Level 1:colcon.colcon_core.package_identification:_identify(src/onset_interfaces_old_20260226_141931) by extension 'python_setup_py'
[0.285s] Level 1:colcon.colcon_core.package_identification:_identify(src/onset_interfaces_old_20260226_141931/include) by extensions ['ignore', 'ignore_ament_install']
[0.285s] Level 1:colcon.colcon_core.package_identification:_identify(src/onset_interfaces_old_20260226_141931/include) by extension 'ignore'
[0.285s] Level 1:colcon.colcon_core.package_identification:_identify(src/onset_interfaces_old_20260226_141931/include) by extension 'ignore_ament_install'
[0.285s] Level 1:colcon.colcon_core.package_identification:_identify(src/onset_interfaces_old_20260226_141931/include) by extensions ['colcon_pkg']
[0.285s] Level 1:colcon.colcon_core.package_identification:_identify(src/onset_interfaces_old_20260226_141931/include) by extension 'colcon_pkg'
[0.285s] Level 1:colcon.colcon_core.package_identification:_identify(src/onset_interfaces_old_20260226_141931/include) by extensions ['colcon_meta']
[0.285s] Level 1:colcon.colcon_core.package_identification:_identify(src/onset_interfaces_old_20260226_141931/include) by extension 'colcon_meta'
[0.285s] Level 1:colcon.colcon_core.package_identification:_identify(src/onset_interfaces_old_20260226_141931/include) by extensions ['ros']
[0.285s] Level 1:colcon.colcon_core.package_identification:_identify(src/onset_interfaces_old_20260226_141931/include) by extension 'ros'
[0.285s] Level 1:colcon.colcon_core.package_identification:_identify(src/onset_interfaces_old_20260226_141931/include) by extensions ['cmake', 'python']
[0.285s] Level 1:colcon.colcon_core.package_identification:_identify(src/onset_interfaces_old_20260226_141931/include) by extension 'cmake'
[0.285s] Level 1:colcon.colcon_core.package_identification:_identify(src/onset_interfaces_old_20260226_141931/include) by extension 'python'
[0.285s] Level 1:colcon.colcon_core.package_identification:_identify(src/onset_interfaces_old_20260226_141931/include) by extensions ['python_setup_py']
[0.285s] Level 1:colcon.colcon_core.package_identification:_identify(src/onset_interfaces_old_20260226_141931/include) by extension 'python_setup_py'
[0.286s] Level 1:colcon.colcon_core.package_identification:_identify(src/onset_interfaces_old_20260226_141931/include/onset_interfaces) by extensions ['ignore', 'ignore_ament_install']
[0.286s] Level 1:colcon.colcon_core.package_identification:_identify(src/onset_interfaces_old_20260226_141931/include/onset_interfaces) by extension 'ignore'
[0.286s] Level 1:colcon.colcon_core.package_identification:_identify(src/onset_interfaces_old_20260226_141931/include/onset_interfaces) by extension 'ignore_ament_install'
[0.286s] Level 1:colcon.colcon_core.package_identification:_identify(src/onset_interfaces_old_20260226_141931/include/onset_interfaces) by extensions ['colcon_pkg']
[0.286s] Level 1:colcon.colcon_core.package_identification:_identify(src/onset_interfaces_old_20260226_141931/include/onset_interfaces) by extension 'colcon_pkg'
[0.286s] Level 1:colcon.colcon_core.package_identification:_identify(src/onset_interfaces_old_20260226_141931/include/onset_interfaces) by extensions ['colcon_meta']
[0.286s] Level 1:colcon.colcon_core.package_identification:_identify(src/onset_interfaces_old_20260226_141931/include/onset_interfaces) by extension 'colcon_meta'
[0.286s] Level 1:colcon.colcon_core.package_identification:_identify(src/onset_interfaces_old_20260226_141931/include/onset_interfaces) by extensions ['ros']
[0.286s] Level 1:colcon.colcon_core.package_identification:_identify(src/onset_interfaces_old_20260226_141931/include/onset_interfaces) by extension 'ros'
[0.286s] Level 1:colcon.colcon_core.package_identification:_identify(src/onset_interfaces_old_20260226_141931/include/onset_interfaces) by extensions ['cmake', 'python']
[0.286s] Level 1:colcon.colcon_core.package_identification:_identify(src/onset_interfaces_old_20260226_141931/include/onset_interfaces) by extension 'cmake'
[0.286s] Level 1:colcon.colcon_core.package_identification:_identify(src/onset_interfaces_old_20260226_141931/include/onset_interfaces) by extension 'python'
[0.286s] Level 1:colcon.colcon_core.package_identification:_identify(src/onset_interfaces_old_20260226_141931/include/onset_interfaces) by extensions ['python_setup_py']
[0.286s] Level 1:colcon.colcon_core.package_identification:_identify(src/onset_interfaces_old_20260226_141931/include/onset_interfaces) by extension 'python_setup_py'
[0.286s] Level 1:colcon.colcon_core.package_identification:_identify(src/onset_interfaces_old_20260226_141931/msg) by extensions ['ignore', 'ignore_ament_install']
[0.286s] Level 1:colcon.colcon_core.package_identification:_identify(src/onset_interfaces_old_20260226_141931/msg) by extension 'ignore'
[0.286s] Level 1:colcon.colcon_core.package_identification:_identify(src/onset_interfaces_old_20260226_141931/msg) by extension 'ignore_ament_install'
[0.286s] Level 1:colcon.colcon_core.package_identification:_identify(src/onset_interfaces_old_20260226_141931/msg) by extensions ['colcon_pkg']
[0.286s] Level 1:colcon.colcon_core.package_identification:_identify(src/onset_interfaces_old_20260226_141931/msg) by extension 'colcon_pkg'
[0.286s] Level 1:colcon.colcon_core.package_identification:_identify(src/onset_interfaces_old_20260226_141931/msg) by extensions ['colcon_meta']
[0.286s] Level 1:colcon.colcon_core.package_identification:_identify(src/onset_interfaces_old_20260226_141931/msg) by extension 'colcon_meta'
[0.286s] Level 1:colcon.colcon_core.package_identification:_identify(src/onset_interfaces_old_20260226_141931/msg) by extensions ['ros']
[0.286s] Level 1:colcon.colcon_core.package_identification:_identify(src/onset_interfaces_old_20260226_141931/msg) by extension 'ros'
[0.287s] Level 1:colcon.colcon_core.package_identification:_identify(src/onset_interfaces_old_20260226_141931/msg) by extensions ['cmake', 'python']
[0.287s] Level 1:colcon.colcon_core.package_identification:_identify(src/onset_interfaces_old_20260226_141931/msg) by extension 'cmake'
[0.287s] Level 1:colcon.colcon_core.package_identification:_identify(src/onset_interfaces_old_20260226_141931/msg) by extension 'python'
[0.287s] Level 1:colcon.colcon_core.package_identification:_identify(src/onset_interfaces_old_20260226_141931/msg) by extensions ['python_setup_py']
[0.287s] Level 1:colcon.colcon_core.package_identification:_identify(src/onset_interfaces_old_20260226_141931/msg) by extension 'python_setup_py'
[0.287s] Level 1:colcon.colcon_core.package_identification:_identify(src/onset_interfaces_old_20260226_141931/src) by extensions ['ignore', 'ignore_ament_install']
[0.287s] Level 1:colcon.colcon_core.package_identification:_identify(src/onset_interfaces_old_20260226_141931/src) by extension 'ignore'
[0.287s] Level 1:colcon.colcon_core.package_identification:_identify(src/onset_interfaces_old_20260226_141931/src) by extension 'ignore_ament_install'
[0.287s] Level 1:colcon.colcon_core.package_identification:_identify(src/onset_interfaces_old_20260226_141931/src) by extensions ['colcon_pkg']
[0.287s] Level 1:colcon.colcon_core.package_identification:_identify(src/onset_interfaces_old_20260226_141931/src) by extension 'colcon_pkg'
[0.287s] Level 1:colcon.colcon_core.package_identification:_identify(src/onset_interfaces_old_20260226_141931/src) by extensions ['colcon_meta']
[0.287s] Level 1:colcon.colcon_core.package_identification:_identify(src/onset_interfaces_old_20260226_141931/src) by extension 'colcon_meta'
[0.287s] Level 1:colcon.colcon_core.package_identification:_identify(src/onset_interfaces_old_20260226_141931/src) by extensions ['ros']
[0.287s] Level 1:colcon.colcon_core.package_identification:_identify(src/onset_interfaces_old_20260226_141931/src) by extension 'ros'
[0.287s] Level 1:colcon.colcon_core.package_identification:_identify(src/onset_interfaces_old_20260226_141931/src) by extensions ['cmake', 'python']
[0.287s] Level 1:colcon.colcon_core.package_identification:_identify(src/onset_interfaces_old_20260226_141931/src) by extension 'cmake'
[0.287s] Level 1:colcon.colcon_core.package_identification:_identify(src/onset_interfaces_old_20260226_141931/src) by extension 'python'
[0.287s] Level 1:colcon.colcon_core.package_identification:_identify(src/onset_interfaces_old_20260226_141931/src) by extensions ['python_setup_py']
[0.287s] Level 1:colcon.colcon_core.package_identification:_identify(src/onset_interfaces_old_20260226_141931/src) by extension 'python_setup_py'
[0.287s] Level 1:colcon.colcon_core.package_identification:_identify(src/onsetbot) by extensions ['ignore', 'ignore_ament_install']
[0.287s] Level 1:colcon.colcon_core.package_identification:_identify(src/onsetbot) by extension 'ignore'
[0.287s] Level 1:colcon.colcon_core.package_identification:_identify(src/onsetbot) by extension 'ignore_ament_install'
[0.287s] Level 1:colcon.colcon_core.package_identification:_identify(src/onsetbot) by extensions ['colcon_pkg']
[0.288s] Level 1:colcon.colcon_core.package_identification:_identify(src/onsetbot) by extension 'colcon_pkg'
[0.288s] Level 1:colcon.colcon_core.package_identification:_identify(src/onsetbot) by extensions ['colcon_meta']
[0.288s] Level 1:colcon.colcon_core.package_identification:_identify(src/onsetbot) by extension 'colcon_meta'
[0.288s] Level 1:colcon.colcon_core.package_identification:_identify(src/onsetbot) by extensions ['ros']
[0.288s] Level 1:colcon.colcon_core.package_identification:_identify(src/onsetbot) by extension 'ros'
[0.288s] DEBUG:colcon.colcon_core.package_identification:Package 'src/onsetbot' with type 'ros.ament_python' and name 'onsetbot'
[0.288s] Level 1:colcon.colcon_core.package_identification:_identify(src/ros_odrive) by extensions ['ignore', 'ignore_ament_install']
[0.288s] Level 1:colcon.colcon_core.package_identification:_identify(src/ros_odrive) by extension 'ignore'
[0.288s] Level 1:colcon.colcon_core.package_identification:_identify(src/ros_odrive) by extension 'ignore_ament_install'
[0.289s] Level 1:colcon.colcon_core.package_identification:_identify(src/ros_odrive) by extensions ['colcon_pkg']
[0.289s] Level 1:colcon.colcon_core.package_identification:_identify(src/ros_odrive) by extension 'colcon_pkg'
[0.289s] Level 1:colcon.colcon_core.package_identification:_identify(src/ros_odrive) by extensions ['colcon_meta']
[0.289s] Level 1:colcon.colcon_core.package_identification:_identify(src/ros_odrive) by extension 'colcon_meta'
[0.289s] Level 1:colcon.colcon_core.package_identification:_identify(src/ros_odrive) by extensions ['ros']
[0.289s] Level 1:colcon.colcon_core.package_identification:_identify(src/ros_odrive) by extension 'ros'
[0.289s] Level 1:colcon.colcon_core.package_identification:_identify(src/ros_odrive) by extensions ['cmake', 'python']
[0.289s] Level 1:colcon.colcon_core.package_identification:_identify(src/ros_odrive) by extension 'cmake'
[0.289s] Level 1:colcon.colcon_core.package_identification:_identify(src/ros_odrive) by extension 'python'
[0.289s] Level 1:colcon.colcon_core.package_identification:_identify(src/ros_odrive) by extensions ['python_setup_py']
[0.289s] Level 1:colcon.colcon_core.package_identification:_identify(src/ros_odrive) by extension 'python_setup_py'
[0.289s] Level 1:colcon.colcon_core.package_identification:_identify(src/ros_odrive/odrive_base) by extensions ['ignore', 'ignore_ament_install']
[0.289s] Level 1:colcon.colcon_core.package_identification:_identify(src/ros_odrive/odrive_base) by extension 'ignore'
[0.289s] Level 1:colcon.colcon_core.package_identification:_identify(src/ros_odrive/odrive_base) by extension 'ignore_ament_install'
[0.289s] Level 1:colcon.colcon_core.package_identification:_identify(src/ros_odrive/odrive_base) by extensions ['colcon_pkg']
[0.289s] Level 1:colcon.colcon_core.package_identification:_identify(src/ros_odrive/odrive_base) by extension 'colcon_pkg'
[0.289s] Level 1:colcon.colcon_core.package_identification:_identify(src/ros_odrive/odrive_base) by extensions ['colcon_meta']
[0.289s] Level 1:colcon.colcon_core.package_identification:_identify(src/ros_odrive/odrive_base) by extension 'colcon_meta'
[0.289s] Level 1:colcon.colcon_core.package_identification:_identify(src/ros_odrive/odrive_base) by extensions ['ros']
[0.289s] Level 1:colcon.colcon_core.package_identification:_identify(src/ros_odrive/odrive_base) by extension 'ros'
[0.289s] Level 1:colcon.colcon_core.package_identification:_identify(src/ros_odrive/odrive_base) by extensions ['cmake', 'python']
[0.289s] Level 1:colcon.colcon_core.package_identification:_identify(src/ros_odrive/odrive_base) by extension 'cmake'
[0.289s] Level 1:colcon.colcon_core.package_identification:_identify(src/ros_odrive/odrive_base) by extension 'python'
[0.289s] Level 1:colcon.colcon_core.package_identification:_identify(src/ros_odrive/odrive_base) by extensions ['python_setup_py']
[0.289s] Level 1:colcon.colcon_core.package_identification:_identify(src/ros_odrive/odrive_base) by extension 'python_setup_py'
[0.290s] Level 1:colcon.colcon_core.package_identification:_identify(src/ros_odrive/odrive_base/include) by extensions ['ignore', 'ignore_ament_install']
[0.290s] Level 1:colcon.colcon_core.package_identification:_identify(src/ros_odrive/odrive_base/include) by extension 'ignore'
[0.290s] Level 1:colcon.colcon_core.package_identification:_identify(src/ros_odrive/odrive_base/include) by extension 'ignore_ament_install'
[0.290s] Level 1:colcon.colcon_core.package_identification:_identify(src/ros_odrive/odrive_base/include) by extensions ['colcon_pkg']
[0.290s] Level 1:colcon.colcon_core.package_identification:_identify(src/ros_odrive/odrive_base/include) by extension 'colcon_pkg'
[0.290s] Level 1:colcon.colcon_core.package_identification:_identify(src/ros_odrive/odrive_base/include) by extensions ['colcon_meta']
[0.290s] Level 1:colcon.colcon_core.package_identification:_identify(src/ros_odrive/odrive_base/include) by extension 'colcon_meta'
[0.290s] Level 1:colcon.colcon_core.package_identification:_identify(src/ros_odrive/odrive_base/include) by extensions ['ros']
[0.290s] Level 1:colcon.colcon_core.package_identification:_identify(src/ros_odrive/odrive_base/include) by extension 'ros'
[0.290s] Level 1:colcon.colcon_core.package_identification:_identify(src/ros_odrive/odrive_base/include) by extensions ['cmake', 'python']
[0.290s] Level 1:colcon.colcon_core.package_identification:_identify(src/ros_odrive/odrive_base/include) by extension 'cmake'
[0.290s] Level 1:colcon.colcon_core.package_identification:_identify(src/ros_odrive/odrive_base/include) by extension 'python'
[0.290s] Level 1:colcon.colcon_core.package_identification:_identify(src/ros_odrive/odrive_base/include) by extensions ['python_setup_py']
[0.290s] Level 1:colcon.colcon_core.package_identification:_identify(src/ros_odrive/odrive_base/include) by extension 'python_setup_py'
[0.290s] Level 1:colcon.colcon_core.package_identification:_identify(src/ros_odrive/odrive_base/src) by extensions ['ignore', 'ignore_ament_install']
[0.290s] Level 1:colcon.colcon_core.package_identification:_identify(src/ros_odrive/odrive_base/src) by extension 'ignore'
[0.290s] Level 1:colcon.colcon_core.package_identification:_identify(src/ros_odrive/odrive_base/src) by extension 'ignore_ament_install'
[0.290s] Level 1:colcon.colcon_core.package_identification:_identify(src/ros_odrive/odrive_base/src) by extensions ['colcon_pkg']
[0.290s] Level 1:colcon.colcon_core.package_identification:_identify(src/ros_odrive/odrive_base/src) by extension 'colcon_pkg'
[0.290s] Level 1:colcon.colcon_core.package_identification:_identify(src/ros_odrive/odrive_base/src) by extensions ['colcon_meta']
[0.290s] Level 1:colcon.colcon_core.package_identification:_identify(src/ros_odrive/odrive_base/src) by extension 'colcon_meta'
[0.290s] Level 1:colcon.colcon_core.package_identification:_identify(src/ros_odrive/odrive_base/src) by extensions ['ros']
[0.290s] Level 1:colcon.colcon_core.package_identification:_identify(src/ros_odrive/odrive_base/src) by extension 'ros'
[0.290s] Level 1:colcon.colcon_core.package_identification:_identify(src/ros_odrive/odrive_base/src) by extensions ['cmake', 'python']
[0.290s] Level 1:colcon.colcon_core.package_identification:_identify(src/ros_odrive/odrive_base/src) by extension 'cmake'
[0.290s] Level 1:colcon.colcon_core.package_identification:_identify(src/ros_odrive/odrive_base/src) by extension 'python'
[0.291s] Level 1:colcon.colcon_core.package_identification:_identify(src/ros_odrive/odrive_base/src) by extensions ['python_setup_py']
[0.291s] Level 1:colcon.colcon_core.package_identification:_identify(src/ros_odrive/odrive_base/src) by extension 'python_setup_py'
[0.291s] Level 1:colcon.colcon_core.package_identification:_identify(src/ros_odrive/odrive_botwheel_explorer) by extensions ['ignore', 'ignore_ament_install']
[0.291s] Level 1:colcon.colcon_core.package_identification:_identify(src/ros_odrive/odrive_botwheel_explorer) by extension 'ignore'
[0.291s] Level 1:colcon.colcon_core.package_identification:_identify(src/ros_odrive/odrive_botwheel_explorer) by extension 'ignore_ament_install'
[0.291s] Level 1:colcon.colcon_core.package_identification:_identify(src/ros_odrive/odrive_botwheel_explorer) by extensions ['colcon_pkg']
[0.291s] Level 1:colcon.colcon_core.package_identification:_identify(src/ros_odrive/odrive_botwheel_explorer) by extension 'colcon_pkg'
[0.291s] Level 1:colcon.colcon_core.package_identification:_identify(src/ros_odrive/odrive_botwheel_explorer) by extensions ['colcon_meta']
[0.291s] Level 1:colcon.colcon_core.package_identification:_identify(src/ros_odrive/odrive_botwheel_explorer) by extension 'colcon_meta'
[0.291s] Level 1:colcon.colcon_core.package_identification:_identify(src/ros_odrive/odrive_botwheel_explorer) by extensions ['ros']
[0.291s] Level 1:colcon.colcon_core.package_identification:_identify(src/ros_odrive/odrive_botwheel_explorer) by extension 'ros'
[0.291s] DEBUG:colcon.colcon_core.package_identification:Package 'src/ros_odrive/odrive_botwheel_explorer' with type 'ros.ament_cmake' and name 'odrive_botwheel_explorer'
[0.292s] Level 1:colcon.colcon_core.package_identification:_identify(src/ros_odrive/odrive_node) by extensions ['ignore', 'ignore_ament_install']
[0.292s] Level 1:colcon.colcon_core.package_identification:_identify(src/ros_odrive/odrive_node) by extension 'ignore'
[0.292s] Level 1:colcon.colcon_core.package_identification:_identify(src/ros_odrive/odrive_node) by extension 'ignore_ament_install'
[0.292s] Level 1:colcon.colcon_core.package_identification:_identify(src/ros_odrive/odrive_node) by extensions ['colcon_pkg']
[0.292s] Level 1:colcon.colcon_core.package_identification:_identify(src/ros_odrive/odrive_node) by extension 'colcon_pkg'
[0.292s] Level 1:colcon.colcon_core.package_identification:_identify(src/ros_odrive/odrive_node) by extensions ['colcon_meta']
[0.292s] Level 1:colcon.colcon_core.package_identification:_identify(src/ros_odrive/odrive_node) by extension 'colcon_meta'
[0.292s] Level 1:colcon.colcon_core.package_identification:_identify(src/ros_odrive/odrive_node) by extensions ['ros']
[0.292s] Level 1:colcon.colcon_core.package_identification:_identify(src/ros_odrive/odrive_node) by extension 'ros'
[0.292s] DEBUG:colcon.colcon_core.package_identification:Package 'src/ros_odrive/odrive_node' with type 'ros.ament_cmake' and name 'odrive_can'
[0.293s] Level 1:colcon.colcon_core.package_identification:_identify(src/ros_odrive/odrive_ros2_control) by extensions ['ignore', 'ignore_ament_install']
[0.293s] Level 1:colcon.colcon_core.package_identification:_identify(src/ros_odrive/odrive_ros2_control) by extension 'ignore'
[0.293s] Level 1:colcon.colcon_core.package_identification:_identify(src/ros_odrive/odrive_ros2_control) by extension 'ignore_ament_install'
[0.293s] Level 1:colcon.colcon_core.package_identification:_identify(src/ros_odrive/odrive_ros2_control) by extensions ['colcon_pkg']
[0.293s] Level 1:colcon.colcon_core.package_identification:_identify(src/ros_odrive/odrive_ros2_control) by extension 'colcon_pkg'
[0.293s] Level 1:colcon.colcon_core.package_identification:_identify(src/ros_odrive/odrive_ros2_control) by extensions ['colcon_meta']
[0.293s] Level 1:colcon.colcon_core.package_identification:_identify(src/ros_odrive/odrive_ros2_control) by extension 'colcon_meta'
[0.293s] Level 1:colcon.colcon_core.package_identification:_identify(src/ros_odrive/odrive_ros2_control) by extensions ['ros']
[0.293s] Level 1:colcon.colcon_core.package_identification:_identify(src/ros_odrive/odrive_ros2_control) by extension 'ros'
[0.293s] DEBUG:colcon.colcon_core.package_identification:Package 'src/ros_odrive/odrive_ros2_control' with type 'ros.ament_cmake' and name 'odrive_ros2_control'
[0.293s] Level 1:colcon.colcon_core.package_discovery:discover_packages(recursive) using defaults
[0.293s] Level 1:colcon.colcon_core.package_discovery:discover_packages(ignore) discover
[0.294s] Level 1:colcon.colcon_core.package_discovery:discover_packages(ignore) using defaults
[0.294s] Level 1:colcon.colcon_core.package_discovery:discover_packages(path) discover
[0.294s] Level 1:colcon.colcon_core.package_discovery:discover_packages(path) using defaults
[0.321s] Level 1:colcon.colcon_core.package_discovery:discover_packages(prefix_path) check parameters
[0.321s] Level 1:colcon.colcon_core.package_discovery:discover_packages(prefix_path) discover
[0.322s] DEBUG:colcon.colcon_installed_package_information.package_discovery:Found 5 installed packages in /home/gong/onset_ws/install
[0.324s] DEBUG:colcon.colcon_installed_package_information.package_discovery:Found 444 installed packages in /opt/ros/humble
[0.326s] Level 1:colcon.colcon_core.package_discovery:discover_packages(prefix_path) using defaults
[0.377s] Level 5:colcon.colcon_core.verb:set package 'odrive_can' build argument 'cmake_args' from command line to 'None'
[0.377s] Level 5:colcon.colcon_core.verb:set package 'odrive_can' build argument 'cmake_target' from command line to 'None'
[0.378s] Level 5:colcon.colcon_core.verb:set package 'odrive_can' build argument 'cmake_target_skip_unavailable' from command line to 'False'
[0.378s] Level 5:colcon.colcon_core.verb:set package 'odrive_can' build argument 'cmake_clean_cache' from command line to 'False'
[0.378s] Level 5:colcon.colcon_core.verb:set package 'odrive_can' build argument 'cmake_clean_first' from command line to 'False'
[0.378s] Level 5:colcon.colcon_core.verb:set package 'odrive_can' build argument 'cmake_force_configure' from command line to 'False'
[0.378s] Level 5:colcon.colcon_core.verb:set package 'odrive_can' build argument 'ament_cmake_args' from command line to 'None'
[0.378s] Level 5:colcon.colcon_core.verb:set package 'odrive_can' build argument 'catkin_cmake_args' from command line to 'None'
[0.378s] Level 5:colcon.colcon_core.verb:set package 'odrive_can' build argument 'catkin_skip_building_tests' from command line to 'False'
[0.378s] DEBUG:colcon.colcon_core.verb:Building package 'odrive_can' with the following arguments: {'ament_cmake_args': None, 'build_base': '/home/gong/onset_ws/build/odrive_can', 'catkin_cmake_args': None, 'catkin_skip_building_tests': False, 'cmake_args': None, 'cmake_clean_cache': False, 'cmake_clean_first': False, 'cmake_force_configure': False, 'cmake_target': None, 'cmake_target_skip_unavailable': False, 'install_base': '/home/gong/onset_ws/install/odrive_can', 'merge_install': False, 'path': '/home/gong/onset_ws/src/ros_odrive/odrive_node', 'symlink_install': False, 'test_result_base': None}
[0.378s] Level 5:colcon.colcon_core.verb:set package 'odrive_ros2_control' build argument 'cmake_args' from command line to 'None'
[0.378s] Level 5:colcon.colcon_core.verb:set package 'odrive_ros2_control' build argument 'cmake_target' from command line to 'None'
[0.378s] Level 5:colcon.colcon_core.verb:set package 'odrive_ros2_control' build argument 'cmake_target_skip_unavailable' from command line to 'False'
[0.378s] Level 5:colcon.colcon_core.verb:set package 'odrive_ros2_control' build argument 'cmake_clean_cache' from command line to 'False'
[0.378s] Level 5:colcon.colcon_core.verb:set package 'odrive_ros2_control' build argument 'cmake_clean_first' from command line to 'False'
[0.378s] Level 5:colcon.colcon_core.verb:set package 'odrive_ros2_control' build argument 'cmake_force_configure' from command line to 'False'
[0.378s] Level 5:colcon.colcon_core.verb:set package 'odrive_ros2_control' build argument 'ament_cmake_args' from command line to 'None'
[0.378s] Level 5:colcon.colcon_core.verb:set package 'odrive_ros2_control' build argument 'catkin_cmake_args' from command line to 'None'
[0.378s] Level 5:colcon.colcon_core.verb:set package 'odrive_ros2_control' build argument 'catkin_skip_building_tests' from command line to 'False'
[0.378s] DEBUG:colcon.colcon_core.verb:Building package 'odrive_ros2_control' with the following arguments: {'ament_cmake_args': None, 'build_base': '/home/gong/onset_ws/build/odrive_ros2_control', 'catkin_cmake_args': None, 'catkin_skip_building_tests': False, 'cmake_args': None, 'cmake_clean_cache': False, 'cmake_clean_first': False, 'cmake_force_configure': False, 'cmake_target': None, 'cmake_target_skip_unavailable': False, 'install_base': '/home/gong/onset_ws/install/odrive_ros2_control', 'merge_install': False, 'path': '/home/gong/onset_ws/src/ros_odrive/odrive_ros2_control', 'symlink_install': False, 'test_result_base': None}
[0.378s] Level 5:colcon.colcon_core.verb:set package 'onset_interfaces' build argument 'cmake_args' from command line to 'None'
[0.378s] Level 5:colcon.colcon_core.verb:set package 'onset_interfaces' build argument 'cmake_target' from command line to 'None'
[0.379s] Level 5:colcon.colcon_core.verb:set package 'onset_interfaces' build argument 'cmake_target_skip_unavailable' from command line to 'False'
[0.379s] Level 5:colcon.colcon_core.verb:set package 'onset_interfaces' build argument 'cmake_clean_cache' from command line to 'False'
[0.379s] Level 5:colcon.colcon_core.verb:set package 'onset_interfaces' build argument 'cmake_clean_first' from command line to 'False'
[0.379s] Level 5:colcon.colcon_core.verb:set package 'onset_interfaces' build argument 'cmake_force_configure' from command line to 'False'
[0.379s] Level 5:colcon.colcon_core.verb:set package 'onset_interfaces' build argument 'ament_cmake_args' from command line to 'None'
[0.379s] Level 5:colcon.colcon_core.verb:set package 'onset_interfaces' build argument 'catkin_cmake_args' from command line to 'None'
[0.379s] Level 5:colcon.colcon_core.verb:set package 'onset_interfaces' build argument 'catkin_skip_building_tests' from command line to 'False'
[0.379s] DEBUG:colcon.colcon_core.verb:Building package 'onset_interfaces' with the following arguments: {'ament_cmake_args': None, 'build_base': '/home/gong/onset_ws/build/onset_interfaces', 'catkin_cmake_args': None, 'catkin_skip_building_tests': False, 'cmake_args': None, 'cmake_clean_cache': False, 'cmake_clean_first': False, 'cmake_force_configure': False, 'cmake_target': None, 'cmake_target_skip_unavailable': False, 'install_base': '/home/gong/onset_ws/install/onset_interfaces', 'merge_install': False, 'path': '/home/gong/onset_ws/src/onset_interfaces', 'symlink_install': False, 'test_result_base': None}
[0.379s] Level 5:colcon.colcon_core.verb:set package 'odrive_botwheel_explorer' build argument 'cmake_args' from command line to 'None'
[0.379s] Level 5:colcon.colcon_core.verb:set package 'odrive_botwheel_explorer' build argument 'cmake_target' from command line to 'None'
[0.379s] Level 5:colcon.colcon_core.verb:set package 'odrive_botwheel_explorer' build argument 'cmake_target_skip_unavailable' from command line to 'False'
[0.379s] Level 5:colcon.colcon_core.verb:set package 'odrive_botwheel_explorer' build argument 'cmake_clean_cache' from command line to 'False'
[0.379s] Level 5:colcon.colcon_core.verb:set package 'odrive_botwheel_explorer' build argument 'cmake_clean_first' from command line to 'False'
[0.379s] Level 5:colcon.colcon_core.verb:set package 'odrive_botwheel_explorer' build argument 'cmake_force_configure' from command line to 'False'
[0.379s] Level 5:colcon.colcon_core.verb:set package 'odrive_botwheel_explorer' build argument 'ament_cmake_args' from command line to 'None'
[0.379s] Level 5:colcon.colcon_core.verb:set package 'odrive_botwheel_explorer' build argument 'catkin_cmake_args' from command line to 'None'
[0.379s] Level 5:colcon.colcon_core.verb:set package 'odrive_botwheel_explorer' build argument 'catkin_skip_building_tests' from command line to 'False'
[0.379s] DEBUG:colcon.colcon_core.verb:Building package 'odrive_botwheel_explorer' with the following arguments: {'ament_cmake_args': None, 'build_base': '/home/gong/onset_ws/build/odrive_botwheel_explorer', 'catkin_cmake_args': None, 'catkin_skip_building_tests': False, 'cmake_args': None, 'cmake_clean_cache': False, 'cmake_clean_first': False, 'cmake_force_configure': False, 'cmake_target': None, 'cmake_target_skip_unavailable': False, 'install_base': '/home/gong/onset_ws/install/odrive_botwheel_explorer', 'merge_install': False, 'path': '/home/gong/onset_ws/src/ros_odrive/odrive_botwheel_explorer', 'symlink_install': False, 'test_result_base': None}
[0.379s] Level 5:colcon.colcon_core.verb:set package 'onsetbot' build argument 'cmake_args' from command line to 'None'
[0.379s] Level 5:colcon.colcon_core.verb:set package 'onsetbot' build argument 'cmake_target' from command line to 'None'
[0.379s] Level 5:colcon.colcon_core.verb:set package 'onsetbot' build argument 'cmake_target_skip_unavailable' from command line to 'False'
[0.379s] Level 5:colcon.colcon_core.verb:set package 'onsetbot' build argument 'cmake_clean_cache' from command line to 'False'
[0.379s] Level 5:colcon.colcon_core.verb:set package 'onsetbot' build argument 'cmake_clean_first' from command line to 'False'
[0.379s] Level 5:colcon.colcon_core.verb:set package 'onsetbot' build argument 'cmake_force_configure' from command line to 'False'
[0.379s] Level 5:colcon.colcon_core.verb:set package 'onsetbot' build argument 'ament_cmake_args' from command line to 'None'
[0.379s] Level 5:colcon.colcon_core.verb:set package 'onsetbot' build argument 'catkin_cmake_args' from command line to 'None'
[0.379s] Level 5:colcon.colcon_core.verb:set package 'onsetbot' build argument 'catkin_skip_building_tests' from command line to 'False'
[0.379s] DEBUG:colcon.colcon_core.verb:Building package 'onsetbot' with the following arguments: {'ament_cmake_args': None, 'build_base': '/home/gong/onset_ws/build/onsetbot', 'catkin_cmake_args': None, 'catkin_skip_building_tests': False, 'cmake_args': None, 'cmake_clean_cache': False, 'cmake_clean_first': False, 'cmake_force_configure': False, 'cmake_target': None, 'cmake_target_skip_unavailable': False, 'install_base': '/home/gong/onset_ws/install/onsetbot', 'merge_install': False, 'path': '/home/gong/onset_ws/src/onsetbot', 'symlink_install': False, 'test_result_base': None}
[0.380s] INFO:colcon.colcon_core.executor:Executing jobs using 'parallel' executor
[0.381s] DEBUG:colcon.colcon_parallel_executor.executor.parallel:run_until_complete
[0.381s] INFO:colcon.colcon_ros.task.ament_cmake.build:Building ROS package in '/home/gong/onset_ws/src/ros_odrive/odrive_node' with build type 'ament_cmake'
[0.381s] INFO:colcon.colcon_cmake.task.cmake.build:Building CMake package in '/home/gong/onset_ws/src/ros_odrive/odrive_node'
[0.383s] INFO:colcon.colcon_core.plugin_system:Skipping extension 'colcon_core.shell.bat': Not used on non-Windows systems
[0.384s] INFO:colcon.colcon_core.shell:Skip shell extension 'powershell' for command environment: Not usable outside of PowerShell
[0.384s] DEBUG:colcon.colcon_core.shell:Skip shell extension 'dsv' for command environment
[0.389s] INFO:colcon.colcon_ros.task.ament_cmake.build:Building ROS package in '/home/gong/onset_ws/src/ros_odrive/odrive_ros2_control' with build type 'ament_cmake'
[0.390s] INFO:colcon.colcon_cmake.task.cmake.build:Building CMake package in '/home/gong/onset_ws/src/ros_odrive/odrive_ros2_control'
[0.390s] INFO:colcon.colcon_core.shell:Skip shell extension 'powershell' for command environment: Not usable outside of PowerShell
[0.390s] DEBUG:colcon.colcon_core.shell:Skip shell extension 'dsv' for command environment
[0.403s] DEBUG:colcon.colcon_core.event_handler.log_command:Invoking command in '/home/gong/onset_ws/build/odrive_can': CMAKE_PREFIX_PATH=${CMAKE_PREFIX_PATH}:/home/gong/onset_ws/install/onsetbot:/opt/ros/humble /usr/bin/cmake --build /home/gong/onset_ws/build/odrive_can -- -j2 -l2
[0.406s] DEBUG:colcon.colcon_core.event_handler.log_command:Invoking command in '/home/gong/onset_ws/build/odrive_ros2_control': CMAKE_PREFIX_PATH=${CMAKE_PREFIX_PATH}:/home/gong/onset_ws/install/onsetbot:/opt/ros/humble /usr/bin/cmake --build /home/gong/onset_ws/build/odrive_ros2_control -- -j2 -l2
[0.511s] DEBUG:colcon.colcon_core.event_handler.log_command:Invoked command in '/home/gong/onset_ws/build/odrive_ros2_control' returned '0': CMAKE_PREFIX_PATH=${CMAKE_PREFIX_PATH}:/home/gong/onset_ws/install/onsetbot:/opt/ros/humble /usr/bin/cmake --build /home/gong/onset_ws/build/odrive_ros2_control -- -j2 -l2
[0.528s] DEBUG:colcon.colcon_core.event_handler.log_command:Invoking command in '/home/gong/onset_ws/build/odrive_ros2_control': CMAKE_PREFIX_PATH=${CMAKE_PREFIX_PATH}:/home/gong/onset_ws/install/onsetbot:/opt/ros/humble /usr/bin/cmake --install /home/gong/onset_ws/build/odrive_ros2_control
[0.542s] Level 1:colcon.colcon_core.environment:create_environment_scripts_only(odrive_ros2_control)
[0.543s] DEBUG:colcon.colcon_core.event_handler.log_command:Invoked command in '/home/gong/onset_ws/build/odrive_ros2_control' returned '0': CMAKE_PREFIX_PATH=${CMAKE_PREFIX_PATH}:/home/gong/onset_ws/install/onsetbot:/opt/ros/humble /usr/bin/cmake --install /home/gong/onset_ws/build/odrive_ros2_control
[0.544s] Level 1:colcon.colcon_core.environment:checking '/home/gong/onset_ws/install/odrive_ros2_control' for CMake module files
[0.545s] Level 1:colcon.colcon_core.environment:checking '/home/gong/onset_ws/install/odrive_ros2_control' for CMake config files
[0.545s] Level 1:colcon.colcon_core.shell:create_environment_hook('odrive_ros2_control', 'cmake_prefix_path')
[0.545s] INFO:colcon.colcon_core.shell:Creating environment hook '/home/gong/onset_ws/install/odrive_ros2_control/share/odrive_ros2_control/hook/cmake_prefix_path.ps1'
[0.547s] INFO:colcon.colcon_core.shell:Creating environment descriptor '/home/gong/onset_ws/install/odrive_ros2_control/share/odrive_ros2_control/hook/cmake_prefix_path.dsv'
[0.548s] INFO:colcon.colcon_core.shell:Creating environment hook '/home/gong/onset_ws/install/odrive_ros2_control/share/odrive_ros2_control/hook/cmake_prefix_path.sh'
[0.550s] Level 1:colcon.colcon_core.environment:checking '/home/gong/onset_ws/install/odrive_ros2_control/lib'
[0.550s] Level 1:colcon.colcon_core.shell:create_environment_hook('odrive_ros2_control', 'ld_library_path_lib')
[0.550s] INFO:colcon.colcon_core.shell:Creating environment hook '/home/gong/onset_ws/install/odrive_ros2_control/share/odrive_ros2_control/hook/ld_library_path_lib.ps1'
[0.550s] INFO:colcon.colcon_core.shell:Creating environment descriptor '/home/gong/onset_ws/install/odrive_ros2_control/share/odrive_ros2_control/hook/ld_library_path_lib.dsv'
[0.551s] INFO:colcon.colcon_core.shell:Creating environment hook '/home/gong/onset_ws/install/odrive_ros2_control/share/odrive_ros2_control/hook/ld_library_path_lib.sh'
[0.551s] Level 1:colcon.colcon_core.environment:checking '/home/gong/onset_ws/install/odrive_ros2_control/bin'
[0.552s] Level 1:colcon.colcon_core.environment:checking '/home/gong/onset_ws/install/odrive_ros2_control/lib/pkgconfig/odrive_ros2_control.pc'
[0.552s] Level 1:colcon.colcon_core.environment:checking '/home/gong/onset_ws/install/odrive_ros2_control/lib/python3.10/site-packages'
[0.552s] Level 1:colcon.colcon_core.environment:checking '/home/gong/onset_ws/install/odrive_ros2_control/bin'
[0.552s] INFO:colcon.colcon_core.shell:Creating package script '/home/gong/onset_ws/install/odrive_ros2_control/share/odrive_ros2_control/package.ps1'
[0.553s] INFO:colcon.colcon_core.shell:Creating package descriptor '/home/gong/onset_ws/install/odrive_ros2_control/share/odrive_ros2_control/package.dsv'
[0.554s] INFO:colcon.colcon_core.shell:Creating package script '/home/gong/onset_ws/install/odrive_ros2_control/share/odrive_ros2_control/package.sh'
[0.555s] INFO:colcon.colcon_core.shell:Creating package script '/home/gong/onset_ws/install/odrive_ros2_control/share/odrive_ros2_control/package.bash'
[0.557s] INFO:colcon.colcon_core.shell:Creating package script '/home/gong/onset_ws/install/odrive_ros2_control/share/odrive_ros2_control/package.zsh'
[0.558s] Level 1:colcon.colcon_core.environment:create_file_with_runtime_dependencies(/home/gong/onset_ws/install/odrive_ros2_control/share/colcon-core/packages/odrive_ros2_control)
[0.559s] Level 1:colcon.colcon_core.environment:create_environment_scripts_only(odrive_ros2_control)
[0.560s] Level 1:colcon.colcon_core.environment:checking '/home/gong/onset_ws/install/odrive_ros2_control' for CMake module files
[0.560s] Level 1:colcon.colcon_core.environment:checking '/home/gong/onset_ws/install/odrive_ros2_control' for CMake config files
[0.560s] Level 1:colcon.colcon_core.shell:create_environment_hook('odrive_ros2_control', 'cmake_prefix_path')
[0.560s] INFO:colcon.colcon_core.shell:Creating environment hook '/home/gong/onset_ws/install/odrive_ros2_control/share/odrive_ros2_control/hook/cmake_prefix_path.ps1'
[0.561s] INFO:colcon.colcon_core.shell:Creating environment descriptor '/home/gong/onset_ws/install/odrive_ros2_control/share/odrive_ros2_control/hook/cmake_prefix_path.dsv'
[0.561s] INFO:colcon.colcon_core.shell:Creating environment hook '/home/gong/onset_ws/install/odrive_ros2_control/share/odrive_ros2_control/hook/cmake_prefix_path.sh'
[0.562s] Level 1:colcon.colcon_core.environment:checking '/home/gong/onset_ws/install/odrive_ros2_control/lib'
[0.562s] Level 1:colcon.colcon_core.shell:create_environment_hook('odrive_ros2_control', 'ld_library_path_lib')
[0.563s] INFO:colcon.colcon_core.shell:Creating environment hook '/home/gong/onset_ws/install/odrive_ros2_control/share/odrive_ros2_control/hook/ld_library_path_lib.ps1'
[0.563s] INFO:colcon.colcon_core.shell:Creating environment descriptor '/home/gong/onset_ws/install/odrive_ros2_control/share/odrive_ros2_control/hook/ld_library_path_lib.dsv'
[0.564s] INFO:colcon.colcon_core.shell:Creating environment hook '/home/gong/onset_ws/install/odrive_ros2_control/share/odrive_ros2_control/hook/ld_library_path_lib.sh'
[0.564s] Level 1:colcon.colcon_core.environment:checking '/home/gong/onset_ws/install/odrive_ros2_control/bin'
[0.564s] Level 1:colcon.colcon_core.environment:checking '/home/gong/onset_ws/install/odrive_ros2_control/lib/pkgconfig/odrive_ros2_control.pc'
[0.564s] Level 1:colcon.colcon_core.environment:checking '/home/gong/onset_ws/install/odrive_ros2_control/lib/python3.10/site-packages'
[0.565s] Level 1:colcon.colcon_core.environment:checking '/home/gong/onset_ws/install/odrive_ros2_control/bin'
[0.565s] INFO:colcon.colcon_core.shell:Creating package script '/home/gong/onset_ws/install/odrive_ros2_control/share/odrive_ros2_control/package.ps1'
[0.566s] INFO:colcon.colcon_core.shell:Creating package descriptor '/home/gong/onset_ws/install/odrive_ros2_control/share/odrive_ros2_control/package.dsv'
[0.567s] INFO:colcon.colcon_core.shell:Creating package script '/home/gong/onset_ws/install/odrive_ros2_control/share/odrive_ros2_control/package.sh'
[0.568s] INFO:colcon.colcon_core.shell:Creating package script '/home/gong/onset_ws/install/odrive_ros2_control/share/odrive_ros2_control/package.bash'
[0.569s] INFO:colcon.colcon_core.shell:Creating package script '/home/gong/onset_ws/install/odrive_ros2_control/share/odrive_ros2_control/package.zsh'
[0.570s] Level 1:colcon.colcon_core.environment:create_file_with_runtime_dependencies(/home/gong/onset_ws/install/odrive_ros2_control/share/colcon-core/packages/odrive_ros2_control)
[0.570s] INFO:colcon.colcon_ros.task.ament_cmake.build:Building ROS package in '/home/gong/onset_ws/src/onset_interfaces' with build type 'ament_cmake'
[0.571s] INFO:colcon.colcon_cmake.task.cmake.build:Building CMake package in '/home/gong/onset_ws/src/onset_interfaces'
[0.571s] INFO:colcon.colcon_core.shell:Skip shell extension 'powershell' for command environment: Not usable outside of PowerShell
[0.571s] DEBUG:colcon.colcon_core.shell:Skip shell extension 'dsv' for command environment
[0.589s] DEBUG:colcon.colcon_core.event_handler.log_command:Invoking command in '/home/gong/onset_ws/build/onset_interfaces': CMAKE_PREFIX_PATH=${CMAKE_PREFIX_PATH}:/home/gong/onset_ws/install/onsetbot:/opt/ros/humble /usr/bin/cmake --build /home/gong/onset_ws/build/onset_interfaces -- -j2 -l2
[1.539s] DEBUG:colcon.colcon_core.event_handler.log_command:Invoked command in '/home/gong/onset_ws/build/onset_interfaces' returned '0': CMAKE_PREFIX_PATH=${CMAKE_PREFIX_PATH}:/home/gong/onset_ws/install/onsetbot:/opt/ros/humble /usr/bin/cmake --build /home/gong/onset_ws/build/onset_interfaces -- -j2 -l2
[1.540s] DEBUG:colcon.colcon_core.event_handler.log_command:Invoking command in '/home/gong/onset_ws/build/onset_interfaces': CMAKE_PREFIX_PATH=${CMAKE_PREFIX_PATH}:/home/gong/onset_ws/install/onsetbot:/opt/ros/humble /usr/bin/cmake --install /home/gong/onset_ws/build/onset_interfaces
[1.550s] DEBUG:colcon.colcon_core.event_handler.log_command:Invoked command in '/home/gong/onset_ws/build/odrive_can' returned '0': CMAKE_PREFIX_PATH=${CMAKE_PREFIX_PATH}:/home/gong/onset_ws/install/onsetbot:/opt/ros/humble /usr/bin/cmake --build /home/gong/onset_ws/build/odrive_can -- -j2 -l2
[1.551s] DEBUG:colcon.colcon_core.event_handler.log_command:Invoking command in '/home/gong/onset_ws/build/odrive_can': CMAKE_PREFIX_PATH=${CMAKE_PREFIX_PATH}:/home/gong/onset_ws/install/onsetbot:/opt/ros/humble /usr/bin/cmake --install /home/gong/onset_ws/build/odrive_can
[1.632s] Level 1:colcon.colcon_core.environment:create_environment_scripts_only(odrive_can)
[1.632s] Level 1:colcon.colcon_core.environment:checking '/home/gong/onset_ws/install/odrive_can' for CMake module files
[1.633s] Level 1:colcon.colcon_core.environment:checking '/home/gong/onset_ws/install/odrive_can' for CMake config files
[1.634s] Level 1:colcon.colcon_core.shell:create_environment_hook('odrive_can', 'cmake_prefix_path')
[1.634s] INFO:colcon.colcon_core.shell:Creating environment hook '/home/gong/onset_ws/install/odrive_can/share/odrive_can/hook/cmake_prefix_path.ps1'
[1.635s] DEBUG:colcon.colcon_core.event_handler.log_command:Invoked command in '/home/gong/onset_ws/build/odrive_can' returned '0': CMAKE_PREFIX_PATH=${CMAKE_PREFIX_PATH}:/home/gong/onset_ws/install/onsetbot:/opt/ros/humble /usr/bin/cmake --install /home/gong/onset_ws/build/odrive_can
[1.635s] INFO:colcon.colcon_core.shell:Creating environment descriptor '/home/gong/onset_ws/install/odrive_can/share/odrive_can/hook/cmake_prefix_path.dsv'
[1.636s] INFO:colcon.colcon_core.shell:Creating environment hook '/home/gong/onset_ws/install/odrive_can/share/odrive_can/hook/cmake_prefix_path.sh'
[1.638s] Level 1:colcon.colcon_core.environment:checking '/home/gong/onset_ws/install/odrive_can/lib'
[1.638s] Level 1:colcon.colcon_core.shell:create_environment_hook('odrive_can', 'ld_library_path_lib')
[1.638s] INFO:colcon.colcon_core.shell:Creating environment hook '/home/gong/onset_ws/install/odrive_can/share/odrive_can/hook/ld_library_path_lib.ps1'
[1.639s] INFO:colcon.colcon_core.shell:Creating environment descriptor '/home/gong/onset_ws/install/odrive_can/share/odrive_can/hook/ld_library_path_lib.dsv'
[1.639s] INFO:colcon.colcon_core.shell:Creating environment hook '/home/gong/onset_ws/install/odrive_can/share/odrive_can/hook/ld_library_path_lib.sh'
[1.640s] Level 1:colcon.colcon_core.environment:checking '/home/gong/onset_ws/install/odrive_can/bin'
[1.640s] Level 1:colcon.colcon_core.environment:checking '/home/gong/onset_ws/install/odrive_can/lib/pkgconfig/odrive_can.pc'
[1.640s] Level 1:colcon.colcon_core.environment:checking '/home/gong/onset_ws/install/odrive_can/lib/python3.10/site-packages'
[1.641s] Level 1:colcon.colcon_core.environment:checking '/home/gong/onset_ws/install/odrive_can/bin'
[1.641s] INFO:colcon.colcon_core.shell:Creating package script '/home/gong/onset_ws/install/odrive_can/share/odrive_can/package.ps1'
[1.642s] INFO:colcon.colcon_core.shell:Creating package descriptor '/home/gong/onset_ws/install/odrive_can/share/odrive_can/package.dsv'
[1.643s] INFO:colcon.colcon_core.shell:Creating package script '/home/gong/onset_ws/install/odrive_can/share/odrive_can/package.sh'
[1.643s] INFO:colcon.colcon_core.shell:Creating package script '/home/gong/onset_ws/install/odrive_can/share/odrive_can/package.bash'
[1.644s] INFO:colcon.colcon_core.shell:Creating package script '/home/gong/onset_ws/install/odrive_can/share/odrive_can/package.zsh'
[1.644s] Level 1:colcon.colcon_core.environment:create_file_with_runtime_dependencies(/home/gong/onset_ws/install/odrive_can/share/colcon-core/packages/odrive_can)
[1.646s] Level 1:colcon.colcon_core.environment:create_environment_scripts_only(odrive_can)
[1.646s] Level 1:colcon.colcon_core.environment:checking '/home/gong/onset_ws/install/odrive_can' for CMake module files
[1.647s] Level 1:colcon.colcon_core.environment:checking '/home/gong/onset_ws/install/odrive_can' for CMake config files
[1.649s] Level 1:colcon.colcon_core.shell:create_environment_hook('odrive_can', 'cmake_prefix_path')
[1.649s] INFO:colcon.colcon_core.shell:Creating environment hook '/home/gong/onset_ws/install/odrive_can/share/odrive_can/hook/cmake_prefix_path.ps1'
[1.650s] INFO:colcon.colcon_core.shell:Creating environment descriptor '/home/gong/onset_ws/install/odrive_can/share/odrive_can/hook/cmake_prefix_path.dsv'
[1.651s] INFO:colcon.colcon_core.shell:Creating environment hook '/home/gong/onset_ws/install/odrive_can/share/odrive_can/hook/cmake_prefix_path.sh'
[1.651s] Level 1:colcon.colcon_core.environment:checking '/home/gong/onset_ws/install/odrive_can/lib'
[1.652s] Level 1:colcon.colcon_core.shell:create_environment_hook('odrive_can', 'ld_library_path_lib')
[1.652s] INFO:colcon.colcon_core.shell:Creating environment hook '/home/gong/onset_ws/install/odrive_can/share/odrive_can/hook/ld_library_path_lib.ps1'
[1.652s] INFO:colcon.colcon_core.shell:Creating environment descriptor '/home/gong/onset_ws/install/odrive_can/share/odrive_can/hook/ld_library_path_lib.dsv'
[1.653s] INFO:colcon.colcon_core.shell:Creating environment hook '/home/gong/onset_ws/install/odrive_can/share/odrive_can/hook/ld_library_path_lib.sh'
[1.654s] Level 1:colcon.colcon_core.environment:checking '/home/gong/onset_ws/install/odrive_can/bin'
[1.656s] Level 1:colcon.colcon_core.environment:checking '/home/gong/onset_ws/install/odrive_can/lib/pkgconfig/odrive_can.pc'
[1.657s] Level 1:colcon.colcon_core.environment:checking '/home/gong/onset_ws/install/odrive_can/lib/python3.10/site-packages'
[1.658s] Level 1:colcon.colcon_core.environment:checking '/home/gong/onset_ws/install/odrive_can/bin'
[1.658s] INFO:colcon.colcon_core.shell:Creating package script '/home/gong/onset_ws/install/odrive_can/share/odrive_can/package.ps1'
[1.664s] INFO:colcon.colcon_core.shell:Creating package descriptor '/home/gong/onset_ws/install/odrive_can/share/odrive_can/package.dsv'
[1.670s] INFO:colcon.colcon_core.shell:Creating package script '/home/gong/onset_ws/install/odrive_can/share/odrive_can/package.sh'
[1.671s] INFO:colcon.colcon_core.shell:Creating package script '/home/gong/onset_ws/install/odrive_can/share/odrive_can/package.bash'
[1.672s] INFO:colcon.colcon_core.shell:Creating package script '/home/gong/onset_ws/install/odrive_can/share/odrive_can/package.zsh'
[1.673s] Level 1:colcon.colcon_core.environment:create_file_with_runtime_dependencies(/home/gong/onset_ws/install/odrive_can/share/colcon-core/packages/odrive_can)
[1.675s] INFO:colcon.colcon_ros.task.ament_cmake.build:Building ROS package in '/home/gong/onset_ws/src/ros_odrive/odrive_botwheel_explorer' with build type 'ament_cmake'
[1.675s] INFO:colcon.colcon_cmake.task.cmake.build:Building CMake package in '/home/gong/onset_ws/src/ros_odrive/odrive_botwheel_explorer'
[1.676s] INFO:colcon.colcon_core.shell:Skip shell extension 'powershell' for command environment: Not usable outside of PowerShell
[1.676s] DEBUG:colcon.colcon_core.shell:Skip shell extension 'dsv' for command environment
[1.684s] Level 1:colcon.colcon_core.environment:create_environment_scripts_only(onset_interfaces)
[1.685s] Level 1:colcon.colcon_core.environment:checking '/home/gong/onset_ws/install/onset_interfaces' for CMake module files
[1.686s] DEBUG:colcon.colcon_core.event_handler.log_command:Invoked command in '/home/gong/onset_ws/build/onset_interfaces' returned '0': CMAKE_PREFIX_PATH=${CMAKE_PREFIX_PATH}:/home/gong/onset_ws/install/onsetbot:/opt/ros/humble /usr/bin/cmake --install /home/gong/onset_ws/build/onset_interfaces
[1.688s] Level 1:colcon.colcon_core.environment:checking '/home/gong/onset_ws/install/onset_interfaces' for CMake config files
[1.688s] Level 1:colcon.colcon_core.shell:create_environment_hook('onset_interfaces', 'cmake_prefix_path')
[1.691s] INFO:colcon.colcon_core.shell:Creating environment hook '/home/gong/onset_ws/install/onset_interfaces/share/onset_interfaces/hook/cmake_prefix_path.ps1'
[1.692s] INFO:colcon.colcon_core.shell:Creating environment descriptor '/home/gong/onset_ws/install/onset_interfaces/share/onset_interfaces/hook/cmake_prefix_path.dsv'
[1.692s] INFO:colcon.colcon_core.shell:Creating environment hook '/home/gong/onset_ws/install/onset_interfaces/share/onset_interfaces/hook/cmake_prefix_path.sh'
[1.693s] Level 1:colcon.colcon_core.environment:checking '/home/gong/onset_ws/install/onset_interfaces/lib'
[1.693s] Level 1:colcon.colcon_core.shell:create_environment_hook('onset_interfaces', 'ld_library_path_lib')
[1.693s] INFO:colcon.colcon_core.shell:Creating environment hook '/home/gong/onset_ws/install/onset_interfaces/share/onset_interfaces/hook/ld_library_path_lib.ps1'
[1.694s] INFO:colcon.colcon_core.shell:Creating environment descriptor '/home/gong/onset_ws/install/onset_interfaces/share/onset_interfaces/hook/ld_library_path_lib.dsv'
[1.694s] INFO:colcon.colcon_core.shell:Creating environment hook '/home/gong/onset_ws/install/onset_interfaces/share/onset_interfaces/hook/ld_library_path_lib.sh'
[1.695s] Level 1:colcon.colcon_core.environment:checking '/home/gong/onset_ws/install/onset_interfaces/bin'
[1.695s] Level 1:colcon.colcon_core.environment:checking '/home/gong/onset_ws/install/onset_interfaces/lib/pkgconfig/onset_interfaces.pc'
[1.696s] Level 1:colcon.colcon_core.environment:checking '/home/gong/onset_ws/install/onset_interfaces/lib/python3.10/site-packages'
[1.696s] Level 1:colcon.colcon_core.environment:checking '/home/gong/onset_ws/install/onset_interfaces/bin'
[1.696s] INFO:colcon.colcon_core.shell:Creating package script '/home/gong/onset_ws/install/onset_interfaces/share/onset_interfaces/package.ps1'
[1.698s] INFO:colcon.colcon_core.shell:Creating package descriptor '/home/gong/onset_ws/install/onset_interfaces/share/onset_interfaces/package.dsv'
[1.698s] INFO:colcon.colcon_core.shell:Creating package script '/home/gong/onset_ws/install/onset_interfaces/share/onset_interfaces/package.sh'
[1.699s] INFO:colcon.colcon_core.shell:Creating package script '/home/gong/onset_ws/install/onset_interfaces/share/onset_interfaces/package.bash'
[1.700s] INFO:colcon.colcon_core.shell:Creating package script '/home/gong/onset_ws/install/onset_interfaces/share/onset_interfaces/package.zsh'
[1.700s] Level 1:colcon.colcon_core.environment:create_file_with_runtime_dependencies(/home/gong/onset_ws/install/onset_interfaces/share/colcon-core/packages/onset_interfaces)
[1.701s] Level 1:colcon.colcon_core.environment:create_environment_scripts_only(onset_interfaces)
[1.701s] Level 1:colcon.colcon_core.environment:checking '/home/gong/onset_ws/install/onset_interfaces' for CMake module files
[1.701s] Level 1:colcon.colcon_core.environment:checking '/home/gong/onset_ws/install/onset_interfaces' for CMake config files
[1.702s] Level 1:colcon.colcon_core.shell:create_environment_hook('onset_interfaces', 'cmake_prefix_path')
[1.702s] INFO:colcon.colcon_core.shell:Creating environment hook '/home/gong/onset_ws/install/onset_interfaces/share/onset_interfaces/hook/cmake_prefix_path.ps1'
[1.703s] INFO:colcon.colcon_core.shell:Creating environment descriptor '/home/gong/onset_ws/install/onset_interfaces/share/onset_interfaces/hook/cmake_prefix_path.dsv'
[1.703s] INFO:colcon.colcon_core.shell:Creating environment hook '/home/gong/onset_ws/install/onset_interfaces/share/onset_interfaces/hook/cmake_prefix_path.sh'
[1.704s] Level 1:colcon.colcon_core.environment:checking '/home/gong/onset_ws/install/onset_interfaces/lib'
[1.704s] Level 1:colcon.colcon_core.shell:create_environment_hook('onset_interfaces', 'ld_library_path_lib')
[1.704s] INFO:colcon.colcon_core.shell:Creating environment hook '/home/gong/onset_ws/install/onset_interfaces/share/onset_interfaces/hook/ld_library_path_lib.ps1'
[1.704s] INFO:colcon.colcon_core.shell:Creating environment descriptor '/home/gong/onset_ws/install/onset_interfaces/share/onset_interfaces/hook/ld_library_path_lib.dsv'
[1.705s] INFO:colcon.colcon_core.shell:Creating environment hook '/home/gong/onset_ws/install/onset_interfaces/share/onset_interfaces/hook/ld_library_path_lib.sh'
[1.706s] Level 1:colcon.colcon_core.environment:checking '/home/gong/onset_ws/install/onset_interfaces/bin'
[1.706s] Level 1:colcon.colcon_core.environment:checking '/home/gong/onset_ws/install/onset_interfaces/lib/pkgconfig/onset_interfaces.pc'
[1.706s] Level 1:colcon.colcon_core.environment:checking '/home/gong/onset_ws/install/onset_interfaces/lib/python3.10/site-packages'
[1.707s] Level 1:colcon.colcon_core.environment:checking '/home/gong/onset_ws/install/onset_interfaces/bin'
[1.707s] INFO:colcon.colcon_core.shell:Creating package script '/home/gong/onset_ws/install/onset_interfaces/share/onset_interfaces/package.ps1'
[1.709s] INFO:colcon.colcon_core.shell:Creating package descriptor '/home/gong/onset_ws/install/onset_interfaces/share/onset_interfaces/package.dsv'
[1.709s] INFO:colcon.colcon_core.shell:Creating package script '/home/gong/onset_ws/install/onset_interfaces/share/onset_interfaces/package.sh'
[1.710s] INFO:colcon.colcon_core.shell:Creating package script '/home/gong/onset_ws/install/onset_interfaces/share/onset_interfaces/package.bash'
[1.710s] INFO:colcon.colcon_core.shell:Creating package script '/home/gong/onset_ws/install/onset_interfaces/share/onset_interfaces/package.zsh'
[1.711s] Level 1:colcon.colcon_core.environment:create_file_with_runtime_dependencies(/home/gong/onset_ws/install/onset_interfaces/share/colcon-core/packages/onset_interfaces)
[1.712s] INFO:colcon.colcon_ros.task.ament_python.build:Building ROS package in '/home/gong/onset_ws/src/onsetbot' with build type 'ament_python'
[1.712s] Level 1:colcon.colcon_core.shell:create_environment_hook('onsetbot', 'ament_prefix_path')
[1.712s] INFO:colcon.colcon_core.shell:Creating environment hook '/home/gong/onset_ws/install/onsetbot/share/onsetbot/hook/ament_prefix_path.ps1'
[1.712s] INFO:colcon.colcon_core.shell:Creating environment descriptor '/home/gong/onset_ws/install/onsetbot/share/onsetbot/hook/ament_prefix_path.dsv'
[1.713s] INFO:colcon.colcon_core.shell:Creating environment hook '/home/gong/onset_ws/install/onsetbot/share/onsetbot/hook/ament_prefix_path.sh'
[1.715s] INFO:colcon.colcon_core.shell:Skip shell extension 'powershell' for command environment: Not usable outside of PowerShell
[1.715s] DEBUG:colcon.colcon_core.shell:Skip shell extension 'dsv' for command environment
[1.728s] DEBUG:colcon.colcon_core.event_handler.log_command:Invoking command in '/home/gong/onset_ws/build/odrive_botwheel_explorer': CMAKE_PREFIX_PATH=/home/gong/onset_ws/install/odrive_ros2_control:/home/gong/onset_ws/install/onset_interfaces:/home/gong/onset_ws/install/odrive_botwheel_explorer:/home/gong/onset_ws/install/odrive_can:/home/gong/onset_ws/install/onsetbot:/opt/ros/humble LD_LIBRARY_PATH=/home/gong/onset_ws/install/odrive_ros2_control/lib:/home/gong/onset_ws/install/onset_interfaces/lib:/home/gong/onset_ws/install/odrive_can/lib:/usr/lib/x86_64-linux-gnu/gazebo-11/plugins:/opt/ros/humble/opt/rviz_ogre_vendor/lib:/opt/ros/humble/lib/x86_64-linux-gnu:/opt/ros/humble/lib /usr/bin/cmake --build /home/gong/onset_ws/build/odrive_botwheel_explorer -- -j2 -l2
[2.061s] INFO:colcon.colcon_core.task.python.build:Building Python package in '/home/gong/onset_ws/src/onsetbot'
[2.062s] INFO:colcon.colcon_core.shell:Skip shell extension 'powershell' for command environment: Not usable outside of PowerShell
[2.062s] DEBUG:colcon.colcon_core.shell:Skip shell extension 'dsv' for command environment
[2.069s] DEBUG:colcon.colcon_core.event_handler.log_command:Invoked command in '/home/gong/onset_ws/build/odrive_botwheel_explorer' returned '0': CMAKE_PREFIX_PATH=/home/gong/onset_ws/install/odrive_ros2_control:/home/gong/onset_ws/install/onset_interfaces:/home/gong/onset_ws/install/odrive_botwheel_explorer:/home/gong/onset_ws/install/odrive_can:/home/gong/onset_ws/install/onsetbot:/opt/ros/humble LD_LIBRARY_PATH=/home/gong/onset_ws/install/odrive_ros2_control/lib:/home/gong/onset_ws/install/onset_interfaces/lib:/home/gong/onset_ws/install/odrive_can/lib:/usr/lib/x86_64-linux-gnu/gazebo-11/plugins:/opt/ros/humble/opt/rviz_ogre_vendor/lib:/opt/ros/humble/lib/x86_64-linux-gnu:/opt/ros/humble/lib /usr/bin/cmake --build /home/gong/onset_ws/build/odrive_botwheel_explorer -- -j2 -l2
[2.071s] DEBUG:colcon.colcon_core.event_handler.log_command:Invoking command in '/home/gong/onset_ws/build/odrive_botwheel_explorer': CMAKE_PREFIX_PATH=/home/gong/onset_ws/install/odrive_ros2_control:/home/gong/onset_ws/install/onset_interfaces:/home/gong/onset_ws/install/odrive_botwheel_explorer:/home/gong/onset_ws/install/odrive_can:/home/gong/onset_ws/install/onsetbot:/opt/ros/humble LD_LIBRARY_PATH=/home/gong/onset_ws/install/odrive_ros2_control/lib:/home/gong/onset_ws/install/onset_interfaces/lib:/home/gong/onset_ws/install/odrive_can/lib:/usr/lib/x86_64-linux-gnu/gazebo-11/plugins:/opt/ros/humble/opt/rviz_ogre_vendor/lib:/opt/ros/humble/lib/x86_64-linux-gnu:/opt/ros/humble/lib /usr/bin/cmake --install /home/gong/onset_ws/build/odrive_botwheel_explorer
[2.093s] Level 1:colcon.colcon_core.environment:create_environment_scripts_only(odrive_botwheel_explorer)
[2.093s] Level 1:colcon.colcon_core.environment:checking '/home/gong/onset_ws/install/odrive_botwheel_explorer' for CMake module files
[2.094s] DEBUG:colcon.colcon_core.event_handler.log_command:Invoked command in '/home/gong/onset_ws/build/odrive_botwheel_explorer' returned '0': CMAKE_PREFIX_PATH=/home/gong/onset_ws/install/odrive_ros2_control:/home/gong/onset_ws/install/onset_interfaces:/home/gong/onset_ws/install/odrive_botwheel_explorer:/home/gong/onset_ws/install/odrive_can:/home/gong/onset_ws/install/onsetbot:/opt/ros/humble LD_LIBRARY_PATH=/home/gong/onset_ws/install/odrive_ros2_control/lib:/home/gong/onset_ws/install/onset_interfaces/lib:/home/gong/onset_ws/install/odrive_can/lib:/usr/lib/x86_64-linux-gnu/gazebo-11/plugins:/opt/ros/humble/opt/rviz_ogre_vendor/lib:/opt/ros/humble/lib/x86_64-linux-gnu:/opt/ros/humble/lib /usr/bin/cmake --install /home/gong/onset_ws/build/odrive_botwheel_explorer
[2.095s] Level 1:colcon.colcon_core.environment:checking '/home/gong/onset_ws/install/odrive_botwheel_explorer' for CMake config files
[2.096s] Level 1:colcon.colcon_core.shell:create_environment_hook('odrive_botwheel_explorer', 'cmake_prefix_path')
[2.096s] INFO:colcon.colcon_core.shell:Creating environment hook '/home/gong/onset_ws/install/odrive_botwheel_explorer/share/odrive_botwheel_explorer/hook/cmake_prefix_path.ps1'
[2.097s] INFO:colcon.colcon_core.shell:Creating environment descriptor '/home/gong/onset_ws/install/odrive_botwheel_explorer/share/odrive_botwheel_explorer/hook/cmake_prefix_path.dsv'
[2.098s] INFO:colcon.colcon_core.shell:Creating environment hook '/home/gong/onset_ws/install/odrive_botwheel_explorer/share/odrive_botwheel_explorer/hook/cmake_prefix_path.sh'
[2.098s] Level 1:colcon.colcon_core.environment:checking '/home/gong/onset_ws/install/odrive_botwheel_explorer/bin'
[2.099s] Level 1:colcon.colcon_core.environment:checking '/home/gong/onset_ws/install/odrive_botwheel_explorer/lib/pkgconfig/odrive_botwheel_explorer.pc'
[2.099s] Level 1:colcon.colcon_core.environment:checking '/home/gong/onset_ws/install/odrive_botwheel_explorer/lib/python3.10/site-packages'
[2.099s] Level 1:colcon.colcon_core.environment:checking '/home/gong/onset_ws/install/odrive_botwheel_explorer/bin'
[2.099s] INFO:colcon.colcon_core.shell:Creating package script '/home/gong/onset_ws/install/odrive_botwheel_explorer/share/odrive_botwheel_explorer/package.ps1'
[2.100s] INFO:colcon.colcon_core.shell:Creating package descriptor '/home/gong/onset_ws/install/odrive_botwheel_explorer/share/odrive_botwheel_explorer/package.dsv'
[2.100s] INFO:colcon.colcon_core.shell:Creating package script '/home/gong/onset_ws/install/odrive_botwheel_explorer/share/odrive_botwheel_explorer/package.sh'
[2.101s] INFO:colcon.colcon_core.shell:Creating package script '/home/gong/onset_ws/install/odrive_botwheel_explorer/share/odrive_botwheel_explorer/package.bash'
[2.101s] INFO:colcon.colcon_core.shell:Creating package script '/home/gong/onset_ws/install/odrive_botwheel_explorer/share/odrive_botwheel_explorer/package.zsh'
[2.102s] Level 1:colcon.colcon_core.environment:create_file_with_runtime_dependencies(/home/gong/onset_ws/install/odrive_botwheel_explorer/share/colcon-core/packages/odrive_botwheel_explorer)
[2.103s] Level 1:colcon.colcon_core.environment:create_environment_scripts_only(odrive_botwheel_explorer)
[2.103s] Level 1:colcon.colcon_core.environment:checking '/home/gong/onset_ws/install/odrive_botwheel_explorer' for CMake module files
[2.103s] Level 1:colcon.colcon_core.environment:checking '/home/gong/onset_ws/install/odrive_botwheel_explorer' for CMake config files
[2.104s] Level 1:colcon.colcon_core.shell:create_environment_hook('odrive_botwheel_explorer', 'cmake_prefix_path')
[2.104s] INFO:colcon.colcon_core.shell:Creating environment hook '/home/gong/onset_ws/install/odrive_botwheel_explorer/share/odrive_botwheel_explorer/hook/cmake_prefix_path.ps1'
[2.104s] INFO:colcon.colcon_core.shell:Creating environment descriptor '/home/gong/onset_ws/install/odrive_botwheel_explorer/share/odrive_botwheel_explorer/hook/cmake_prefix_path.dsv'
[2.105s] INFO:colcon.colcon_core.shell:Creating environment hook '/home/gong/onset_ws/install/odrive_botwheel_explorer/share/odrive_botwheel_explorer/hook/cmake_prefix_path.sh'
[2.106s] Level 1:colcon.colcon_core.environment:checking '/home/gong/onset_ws/install/odrive_botwheel_explorer/bin'
[2.107s] Level 1:colcon.colcon_core.environment:checking '/home/gong/onset_ws/install/odrive_botwheel_explorer/lib/pkgconfig/odrive_botwheel_explorer.pc'
[2.107s] Level 1:colcon.colcon_core.environment:checking '/home/gong/onset_ws/install/odrive_botwheel_explorer/lib/python3.10/site-packages'
[2.107s] Level 1:colcon.colcon_core.environment:checking '/home/gong/onset_ws/install/odrive_botwheel_explorer/bin'
[2.108s] INFO:colcon.colcon_core.shell:Creating package script '/home/gong/onset_ws/install/odrive_botwheel_explorer/share/odrive_botwheel_explorer/package.ps1'
[2.108s] INFO:colcon.colcon_core.shell:Creating package descriptor '/home/gong/onset_ws/install/odrive_botwheel_explorer/share/odrive_botwheel_explorer/package.dsv'
[2.109s] INFO:colcon.colcon_core.shell:Creating package script '/home/gong/onset_ws/install/odrive_botwheel_explorer/share/odrive_botwheel_explorer/package.sh'
[2.112s] INFO:colcon.colcon_core.shell:Creating package script '/home/gong/onset_ws/install/odrive_botwheel_explorer/share/odrive_botwheel_explorer/package.bash'
[2.113s] INFO:colcon.colcon_core.shell:Creating package script '/home/gong/onset_ws/install/odrive_botwheel_explorer/share/odrive_botwheel_explorer/package.zsh'
[2.113s] Level 1:colcon.colcon_core.environment:create_file_with_runtime_dependencies(/home/gong/onset_ws/install/odrive_botwheel_explorer/share/colcon-core/packages/odrive_botwheel_explorer)
[2.501s] DEBUG:colcon.colcon_core.event_handler.log_command:Invoking command in '/home/gong/onset_ws/src/onsetbot': CMAKE_PREFIX_PATH=/home/gong/onset_ws/install/onset_interfaces:/home/gong/onset_ws/install/odrive_can:/home/gong/onset_ws/install/odrive_botwheel_explorer:/home/gong/onset_ws/install/odrive_ros2_control LD_LIBRARY_PATH=/home/gong/onset_ws/install/onset_interfaces/lib:/home/gong/onset_ws/install/odrive_can/lib:/home/gong/onset_ws/install/odrive_ros2_control/lib:/usr/lib/x86_64-linux-gnu/gazebo-11/plugins:/opt/ros/humble/opt/rviz_ogre_vendor/lib:/opt/ros/humble/lib/x86_64-linux-gnu:/opt/ros/humble/lib PYTHONPATH=/home/gong/onset_ws/build/onsetbot/prefix_override:/usr/lib/python3/dist-packages/colcon_core/task/python/colcon_distutils_commands:/home/gong/onset_ws/install/onsetbot/lib/python3.10/site-packages:${PYTHONPATH} /usr/bin/python3 -W ignore:setup.py install is deprecated -W ignore:easy_install command is deprecated setup.py egg_info --egg-base ../../build/onsetbot build --build-base /home/gong/onset_ws/build/onsetbot/build install --record /home/gong/onset_ws/build/onsetbot/install.log --single-version-externally-managed install_data
[2.804s] Level 1:colcon.colcon_core.environment:checking '/home/gong/onset_ws/install/onsetbot' for CMake module files
[2.805s] DEBUG:colcon.colcon_core.event_handler.log_command:Invoked command in '/home/gong/onset_ws/src/onsetbot' returned '0': CMAKE_PREFIX_PATH=/home/gong/onset_ws/install/onset_interfaces:/home/gong/onset_ws/install/odrive_can:/home/gong/onset_ws/install/odrive_botwheel_explorer:/home/gong/onset_ws/install/odrive_ros2_control LD_LIBRARY_PATH=/home/gong/onset_ws/install/onset_interfaces/lib:/home/gong/onset_ws/install/odrive_can/lib:/home/gong/onset_ws/install/odrive_ros2_control/lib:/usr/lib/x86_64-linux-gnu/gazebo-11/plugins:/opt/ros/humble/opt/rviz_ogre_vendor/lib:/opt/ros/humble/lib/x86_64-linux-gnu:/opt/ros/humble/lib PYTHONPATH=/home/gong/onset_ws/build/onsetbot/prefix_override:/usr/lib/python3/dist-packages/colcon_core/task/python/colcon_distutils_commands:/home/gong/onset_ws/install/onsetbot/lib/python3.10/site-packages:${PYTHONPATH} /usr/bin/python3 -W ignore:setup.py install is deprecated -W ignore:easy_install command is deprecated setup.py egg_info --egg-base ../../build/onsetbot build --build-base /home/gong/onset_ws/build/onsetbot/build install --record /home/gong/onset_ws/build/onsetbot/install.log --single-version-externally-managed install_data
[2.806s] Level 1:colcon.colcon_core.environment:checking '/home/gong/onset_ws/install/onsetbot' for CMake config files
[2.807s] Level 1:colcon.colcon_core.environment:checking '/home/gong/onset_ws/install/onsetbot/lib'
[2.807s] Level 1:colcon.colcon_core.environment:checking '/home/gong/onset_ws/install/onsetbot/bin'
[2.807s] Level 1:colcon.colcon_core.environment:checking '/home/gong/onset_ws/install/onsetbot/lib/pkgconfig/onsetbot.pc'
[2.807s] Level 1:colcon.colcon_core.environment:checking '/home/gong/onset_ws/install/onsetbot/lib/python3.10/site-packages'
[2.807s] Level 1:colcon.colcon_core.shell:create_environment_hook('onsetbot', 'pythonpath')
[2.807s] INFO:colcon.colcon_core.shell:Creating environment hook '/home/gong/onset_ws/install/onsetbot/share/onsetbot/hook/pythonpath.ps1'
[2.808s] INFO:colcon.colcon_core.shell:Creating environment descriptor '/home/gong/onset_ws/install/onsetbot/share/onsetbot/hook/pythonpath.dsv'
[2.809s] INFO:colcon.colcon_core.shell:Creating environment hook '/home/gong/onset_ws/install/onsetbot/share/onsetbot/hook/pythonpath.sh'
[2.810s] Level 1:colcon.colcon_core.environment:checking '/home/gong/onset_ws/install/onsetbot/bin'
[2.810s] Level 1:colcon.colcon_core.environment:create_environment_scripts_only(onsetbot)
[2.810s] INFO:colcon.colcon_core.shell:Creating package script '/home/gong/onset_ws/install/onsetbot/share/onsetbot/package.ps1'
[2.811s] INFO:colcon.colcon_core.shell:Creating package descriptor '/home/gong/onset_ws/install/onsetbot/share/onsetbot/package.dsv'
[2.811s] INFO:colcon.colcon_core.shell:Creating package script '/home/gong/onset_ws/install/onsetbot/share/onsetbot/package.sh'
[2.812s] INFO:colcon.colcon_core.shell:Creating package script '/home/gong/onset_ws/install/onsetbot/share/onsetbot/package.bash'
[2.813s] INFO:colcon.colcon_core.shell:Creating package script '/home/gong/onset_ws/install/onsetbot/share/onsetbot/package.zsh'
[2.813s] Level 1:colcon.colcon_core.environment:create_file_with_runtime_dependencies(/home/gong/onset_ws/install/onsetbot/share/colcon-core/packages/onsetbot)
[2.814s] DEBUG:colcon.colcon_parallel_executor.executor.parallel:closing loop
[2.814s] DEBUG:colcon.colcon_parallel_executor.executor.parallel:loop closed
[2.815s] DEBUG:colcon.colcon_parallel_executor.executor.parallel:run_until_complete finished with '0'
[2.815s] DEBUG:colcon.colcon_core.event_reactor:joining thread
[2.821s] INFO:colcon.colcon_core.plugin_system:Skipping extension 'colcon_notification.desktop_notification.terminal_notifier': Not used on non-Darwin systems
[2.821s] INFO:colcon.colcon_core.plugin_system:Skipping extension 'colcon_notification.desktop_notification.win32': Not used on non-Windows systems
[2.821s] INFO:colcon.colcon_notification.desktop_notification:Sending desktop notification using 'notify2'
[2.841s] DEBUG:colcon.colcon_core.event_reactor:joined thread
[2.842s] INFO:colcon.colcon_core.shell:Creating prefix script '/home/gong/onset_ws/install/local_setup.ps1'
[2.843s] INFO:colcon.colcon_core.shell:Creating prefix util module '/home/gong/onset_ws/install/_local_setup_util_ps1.py'
[2.845s] INFO:colcon.colcon_core.shell:Creating prefix chain script '/home/gong/onset_ws/install/setup.ps1'
[2.847s] INFO:colcon.colcon_core.shell:Creating prefix script '/home/gong/onset_ws/install/local_setup.sh'
[2.848s] INFO:colcon.colcon_core.shell:Creating prefix util module '/home/gong/onset_ws/install/_local_setup_util_sh.py'
[2.849s] INFO:colcon.colcon_core.shell:Creating prefix chain script '/home/gong/onset_ws/install/setup.sh'
[2.850s] INFO:colcon.colcon_core.shell:Creating prefix script '/home/gong/onset_ws/install/local_setup.bash'
[2.851s] INFO:colcon.colcon_core.shell:Creating prefix chain script '/home/gong/onset_ws/install/setup.bash'
[2.852s] INFO:colcon.colcon_core.shell:Creating prefix script '/home/gong/onset_ws/install/local_setup.zsh'
[2.853s] INFO:colcon.colcon_core.shell:Creating prefix chain script '/home/gong/onset_ws/install/setup.zsh'
