[0.020s] Invoking command in '/home/gong/onset_ws/build/odrive_botwheel_explorer': AMENT_PREFIX_PATH=/home/gong/onset_ws/install/odrive_ros2_control:${AMENT_PREFIX_PATH} CMAKE_PREFIX_PATH=/home/gong/onset_ws/install/odrive_ros2_control:/opt/ros/humble LD_LIBRARY_PATH=/home/gong/onset_ws/install/odrive_ros2_control/lib:${LD_LIBRARY_PATH} /usr/bin/cmake --build /home/gong/onset_ws/build/odrive_botwheel_explorer -- -j2 -l2
[0.081s] Invoked command in '/home/gong/onset_ws/build/odrive_botwheel_explorer' returned '0': AMENT_PREFIX_PATH=/home/gong/onset_ws/install/odrive_ros2_control:${AMENT_PREFIX_PATH} CMAKE_PREFIX_PATH=/home/gong/onset_ws/install/odrive_ros2_control:/opt/ros/humble LD_LIBRARY_PATH=/home/gong/onset_ws/install/odrive_ros2_control/lib:${LD_LIBRARY_PATH} /usr/bin/cmake --build /home/gong/onset_ws/build/odrive_botwheel_explorer -- -j2 -l2
[0.084s] Invoking command in '/home/gong/onset_ws/build/odrive_botwheel_explorer': AMENT_PREFIX_PATH=/home/gong/onset_ws/install/odrive_ros2_control:${AMENT_PREFIX_PATH} CMAKE_PREFIX_PATH=/home/gong/onset_ws/install/odrive_ros2_control:/opt/ros/humble LD_LIBRARY_PATH=/home/gong/onset_ws/install/odrive_ros2_control/lib:${LD_LIBRARY_PATH} /usr/bin/cmake --install /home/gong/onset_ws/build/odrive_botwheel_explorer
[0.098s] -- Install configuration: ""
[0.098s] -- Up-to-date: /home/gong/onset_ws/install/odrive_botwheel_explorer/share/odrive_botwheel_explorer/urdf
[0.098s] -- Up-to-date: /home/gong/onset_ws/install/odrive_botwheel_explorer/share/odrive_botwheel_explorer/urdf/diffbot_description.urdf.xacro
[0.098s] -- Up-to-date: /home/gong/onset_ws/install/odrive_botwheel_explorer/share/odrive_botwheel_explorer/urdf/diffbot.ros2_control.xacro
[0.098s] -- Up-to-date: /home/gong/onset_ws/install/odrive_botwheel_explorer/share/odrive_botwheel_explorer/urdf/diffbot.urdf.xacro
[0.098s] -- Up-to-date: /home/gong/onset_ws/install/odrive_botwheel_explorer/share/odrive_botwheel_explorer/config
[0.098s] -- Up-to-date: /home/gong/onset_ws/install/odrive_botwheel_explorer/share/odrive_botwheel_explorer/config/diffbot_controllers.yaml
[0.098s] -- Up-to-date: /home/gong/onset_ws/install/odrive_botwheel_explorer/share/odrive_botwheel_explorer/launch
[0.098s] -- Up-to-date: /home/gong/onset_ws/install/odrive_botwheel_explorer/share/odrive_botwheel_explorer/launch/botwheel_explorer.launch.py
[0.098s] -- Up-to-date: /home/gong/onset_ws/install/odrive_botwheel_explorer/share/ament_index/resource_index/package_run_dependencies/odrive_botwheel_explorer
[0.098s] -- Up-to-date: /home/gong/onset_ws/install/odrive_botwheel_explorer/share/ament_index/resource_index/parent_prefix_path/odrive_botwheel_explorer
[0.098s] -- Up-to-date: /home/gong/onset_ws/install/odrive_botwheel_explorer/share/odrive_botwheel_explorer/environment/ament_prefix_path.sh
[0.098s] -- Up-to-date: /home/gong/onset_ws/install/odrive_botwheel_explorer/share/odrive_botwheel_explorer/environment/ament_prefix_path.dsv
[0.098s] -- Up-to-date: /home/gong/onset_ws/install/odrive_botwheel_explorer/share/odrive_botwheel_explorer/environment/path.sh
[0.098s] -- Up-to-date: /home/gong/onset_ws/install/odrive_botwheel_explorer/share/odrive_botwheel_explorer/environment/path.dsv
[0.098s] -- Up-to-date: /home/gong/onset_ws/install/odrive_botwheel_explorer/share/odrive_botwheel_explorer/local_setup.bash
[0.099s] -- Up-to-date: /home/gong/onset_ws/install/odrive_botwheel_explorer/share/odrive_botwheel_explorer/local_setup.sh
[0.099s] -- Up-to-date: /home/gong/onset_ws/install/odrive_botwheel_explorer/share/odrive_botwheel_explorer/local_setup.zsh
[0.099s] -- Up-to-date: /home/gong/onset_ws/install/odrive_botwheel_explorer/share/odrive_botwheel_explorer/local_setup.dsv
[0.099s] -- Installing: /home/gong/onset_ws/install/odrive_botwheel_explorer/share/odrive_botwheel_explorer/package.dsv
[0.106s] -- Up-to-date: /home/gong/onset_ws/install/odrive_botwheel_explorer/share/ament_index/resource_index/packages/odrive_botwheel_explorer
[0.106s] -- Up-to-date: /home/gong/onset_ws/install/odrive_botwheel_explorer/share/odrive_botwheel_explorer/cmake/odrive_botwheel_explorerConfig.cmake
[0.106s] -- Up-to-date: /home/gong/onset_ws/install/odrive_botwheel_explorer/share/odrive_botwheel_explorer/cmake/odrive_botwheel_explorerConfig-version.cmake
[0.106s] -- Up-to-date: /home/gong/onset_ws/install/odrive_botwheel_explorer/share/odrive_botwheel_explorer/package.xml
[0.111s] Invoked command in '/home/gong/onset_ws/build/odrive_botwheel_explorer' returned '0': AMENT_PREFIX_PATH=/home/gong/onset_ws/install/odrive_ros2_control:${AMENT_PREFIX_PATH} CMAKE_PREFIX_PATH=/home/gong/onset_ws/install/odrive_ros2_control:/opt/ros/humble LD_LIBRARY_PATH=/home/gong/onset_ws/install/odrive_ros2_control/lib:${LD_LIBRARY_PATH} /usr/bin/cmake --install /home/gong/onset_ws/build/odrive_botwheel_explorer
