[0.022s] Invoking command in '/home/gong/onset_ws/build/onset_interfaces': CMAKE_PREFIX_PATH=${CMAKE_PREFIX_PATH}:/home/gong/onset_ws/install/onsetbot:/opt/ros/humble /usr/bin/cmake --build /home/gong/onset_ws/build/onset_interfaces -- -j2 -l2
[0.114s] -- Found ament_cmake: 1.3.13 (/opt/ros/humble/share/ament_cmake/cmake)
[0.432s] -- Found rosidl_default_generators: 1.2.0 (/opt/ros/humble/share/rosidl_default_generators/cmake)
[0.441s] -- Using all available rosidl_typesupport_c: rosidl_typesupport_fastrtps_c;rosidl_typesupport_introspection_c
[0.453s] -- Found rosidl_adapter: 3.1.8 (/opt/ros/humble/share/rosidl_adapter/cmake)
[0.530s] -- Using all available rosidl_typesupport_cpp: rosidl_typesupport_fastrtps_cpp;rosidl_typesupport_introspection_cpp
[0.808s] [31mCMake Error at /opt/ros/humble/share/rosidl_adapter/cmake/rosidl_adapt_interfaces.cmake:59 (message):
[0.808s]   execute_process(/usr/bin/python3 -m rosidl_adapter --package-name
[0.808s]   onset_interfaces --arguments-file
[0.808s]   /home/gong/onset_ws/build/onset_interfaces/rosidl_adapter__arguments__onset_interfaces.json
[0.808s]   --output-dir
[0.809s]   /home/gong/onset_ws/build/onset_interfaces/rosidl_adapter/onset_interfaces
[0.809s]   --output-file
[0.809s]   /home/gong/onset_ws/build/onset_interfaces/rosidl_adapter/onset_interfaces.idls)
[0.809s]   returned error code 1:
[0.809s] 
[0.809s]   Error processing 'bool SW1' of 'onset_interfaces/STM32State': ''SW1' is an
[0.809s]   invalid field name.  It should have the pattern
[0.809s]   '^(?!.*__)(?!.*_$)[a-z][a-z0-9_]*$''
[0.809s] 
[0.809s]   Traceback (most recent call last):
[0.809s] 
[0.809s]     File "/usr/lib/python3.10/runpy.py", line 196, in _run_module_as_main
[0.809s]       return _run_code(code, main_globals, None,
[0.809s]     File "/usr/lib/python3.10/runpy.py", line 86, in _run_code
[0.809s]       exec(code, run_globals)
[0.809s]     File "/opt/ros/humble/local/lib/python3.10/dist-packages/rosidl_adapter/__main__.py", line 19, in <module>
[0.809s]       sys.exit(main())
[0.809s]     File "/opt/ros/humble/local/lib/python3.10/dist-packages/rosidl_adapter/main.py", line 53, in main
[0.809s]       abs_idl_file = convert_to_idl(
[0.810s]     File "/opt/ros/humble/local/lib/python3.10/dist-packages/rosidl_adapter/__init__.py", line 19, in convert_to_idl
[0.810s]       return convert_msg_to_idl(
[0.810s]     File "/opt/ros/humble/local/lib/python3.10/dist-packages/rosidl_adapter/msg/__init__.py", line 28, in convert_msg_to_idl
[0.810s]       msg = parse_message_string(package_name, input_file.stem, content)
[0.810s]     File "/opt/ros/humble/local/lib/python3.10/dist-packages/rosidl_adapter/parser.py", line 519, in parse_message_string
[0.810s]       fields.append(Field(
[0.810s]     File "/opt/ros/humble/local/lib/python3.10/dist-packages/rosidl_adapter/parser.py", line 354, in __init__
[0.810s]       raise NameError(
[0.810s] 
[0.810s]   NameError: 'SW1' is an invalid field name.  It should have the pattern
[0.810s]   '^(?!.*__)(?!.*_$)[a-z][a-z0-9_]*$'
[0.810s] 
[0.810s] Call Stack (most recent call first):
[0.811s]   /opt/ros/humble/share/rosidl_cmake/cmake/rosidl_generate_interfaces.cmake:130 (rosidl_adapt_interfaces)
[0.811s]   CMakeLists.txt:7 (rosidl_generate_interfaces)
[0.811s] 
[0.811s] [0m
[0.811s] -- Configuring incomplete, errors occurred!
[0.811s] See also "/home/gong/onset_ws/build/onset_interfaces/CMakeFiles/CMakeOutput.log".
[0.824s] gmake: *** [Makefile:963: cmake_check_build_system] Error 1
[0.829s] Invoked command in '/home/gong/onset_ws/build/onset_interfaces' returned '2': CMAKE_PREFIX_PATH=${CMAKE_PREFIX_PATH}:/home/gong/onset_ws/install/onsetbot:/opt/ros/humble /usr/bin/cmake --build /home/gong/onset_ws/build/onset_interfaces -- -j2 -l2
