[0.714s] Invoking command in '/home/gong/onset_ws/src/onsetbot': CMAKE_PREFIX_PATH=/home/gong/onset_ws/install/onset_interfaces:/home/gong/onset_ws/install/odrive_can:/home/gong/onset_ws/install/odrive_botwheel_explorer:/home/gong/onset_ws/install/odrive_ros2_control LD_LIBRARY_PATH=/home/gong/onset_ws/install/onset_interfaces/lib:/home/gong/onset_ws/install/odrive_can/lib:/home/gong/onset_ws/install/odrive_ros2_control/lib:/usr/lib/x86_64-linux-gnu/gazebo-11/plugins:/opt/ros/humble/opt/rviz_ogre_vendor/lib:/opt/ros/humble/lib/x86_64-linux-gnu:/opt/ros/humble/lib PYTHONPATH=/home/gong/onset_ws/build/onsetbot/prefix_override:/usr/lib/python3/dist-packages/colcon_core/task/python/colcon_distutils_commands:/home/gong/onset_ws/install/onsetbot/lib/python3.10/site-packages:${PYTHONPATH} /usr/bin/python3 -W ignore:setup.py install is deprecated -W ignore:easy_install command is deprecated setup.py egg_info --egg-base ../../build/onsetbot build --build-base /home/gong/onset_ws/build/onsetbot/build install --record /home/gong/onset_ws/build/onsetbot/install.log --single-version-externally-managed install_data
[1.004s] running egg_info
[1.005s] writing ../../build/onsetbot/onsetbot.egg-info/PKG-INFO
[1.006s] writing dependency_links to ../../build/onsetbot/onsetbot.egg-info/dependency_links.txt
[1.006s] writing entry points to ../../build/onsetbot/onsetbot.egg-info/entry_points.txt
[1.007s] writing requirements to ../../build/onsetbot/onsetbot.egg-info/requires.txt
[1.008s] writing top-level names to ../../build/onsetbot/onsetbot.egg-info/top_level.txt
[1.010s] reading manifest file '../../build/onsetbot/onsetbot.egg-info/SOURCES.txt'
[1.011s] writing manifest file '../../build/onsetbot/onsetbot.egg-info/SOURCES.txt'
[1.011s] running build
[1.011s] running build_py
[1.012s] running install
[1.012s] running install_lib
[1.014s] running install_data
[1.014s] running install_egg_info
[1.016s] removing '/home/gong/onset_ws/install/onsetbot/lib/python3.10/site-packages/onsetbot-0.0.0-py3.10.egg-info' (and everything under it)
[1.020s] Copying ../../build/onsetbot/onsetbot.egg-info to /home/gong/onset_ws/install/onsetbot/lib/python3.10/site-packages/onsetbot-0.0.0-py3.10.egg-info
[1.020s] running install_scripts
[1.045s] Installing actuator_command script to /home/gong/onset_ws/install/onsetbot/lib/onsetbot
[1.046s] Installing odrive_can_bridge script to /home/gong/onset_ws/install/onsetbot/lib/onsetbot
[1.046s] Installing onset_gui script to /home/gong/onset_ws/install/onsetbot/lib/onsetbot
[1.047s] Installing stm32_bridge script to /home/gong/onset_ws/install/onsetbot/lib/onsetbot
[1.047s] writing list of installed files to '/home/gong/onset_ws/build/onsetbot/install.log'
[1.077s] Invoked command in '/home/gong/onset_ws/src/onsetbot' returned '0': CMAKE_PREFIX_PATH=/home/gong/onset_ws/install/onset_interfaces:/home/gong/onset_ws/install/odrive_can:/home/gong/onset_ws/install/odrive_botwheel_explorer:/home/gong/onset_ws/install/odrive_ros2_control LD_LIBRARY_PATH=/home/gong/onset_ws/install/onset_interfaces/lib:/home/gong/onset_ws/install/odrive_can/lib:/home/gong/onset_ws/install/odrive_ros2_control/lib:/usr/lib/x86_64-linux-gnu/gazebo-11/plugins:/opt/ros/humble/opt/rviz_ogre_vendor/lib:/opt/ros/humble/lib/x86_64-linux-gnu:/opt/ros/humble/lib PYTHONPATH=/home/gong/onset_ws/build/onsetbot/prefix_override:/usr/lib/python3/dist-packages/colcon_core/task/python/colcon_distutils_commands:/home/gong/onset_ws/install/onsetbot/lib/python3.10/site-packages:${PYTHONPATH} /usr/bin/python3 -W ignore:setup.py install is deprecated -W ignore:easy_install command is deprecated setup.py egg_info --egg-base ../../build/onsetbot build --build-base /home/gong/onset_ws/build/onsetbot/build install --record /home/gong/onset_ws/build/onsetbot/install.log --single-version-externally-managed install_data
