[0.013s] Invoking command in '/home/gong/onset_ws/build/onset_interfaces': CMAKE_PREFIX_PATH=${CMAKE_PREFIX_PATH}:/home/gong/onset_ws/install/onsetbot:/opt/ros/humble /usr/bin/cmake --build /home/gong/onset_ws/build/onset_interfaces -- -j2 -l2
[0.048s] -- Found ament_cmake: 1.3.13 (/opt/ros/humble/share/ament_cmake/cmake)
[0.239s] -- Found rosidl_default_generators: 1.2.0 (/opt/ros/humble/share/rosidl_default_generators/cmake)
[0.239s] -- Using all available rosidl_typesupport_c: rosidl_typesupport_fastrtps_c;rosidl_typesupport_introspection_c
[0.243s] -- Found rosidl_adapter: 3.1.8 (/opt/ros/humble/share/rosidl_adapter/cmake)
[0.281s] -- Using all available rosidl_typesupport_cpp: rosidl_typesupport_fastrtps_cpp;rosidl_typesupport_introspection_cpp
[0.579s] -- Found ament_cmake_ros: 0.10.0 (/opt/ros/humble/share/ament_cmake_ros/cmake)
[0.779s] -- Using all available rosidl_typesupport_c: rosidl_typesupport_fastrtps_c;rosidl_typesupport_introspection_c
[1.071s] -- Using all available rosidl_typesupport_cpp: rosidl_typesupport_fastrtps_cpp;rosidl_typesupport_introspection_cpp
[1.100s] -- Found python_cmake_module: 0.10.0 (/opt/ros/humble/share/python_cmake_module/cmake)
[1.128s] -- Using PYTHON_EXECUTABLE: /usr/bin/python3
[1.128s] -- Using PYTHON_INCLUDE_DIRS: /usr/include/python3.10
[1.128s] -- Using PYTHON_LIBRARIES: /usr/lib/x86_64-linux-gnu/libpython3.10.so
[1.145s] -- Configuring done
[1.194s] -- Generating done
[1.209s] -- Build files have been written to: /home/gong/onset_ws/build/onset_interfaces
[1.245s] [  1%] [34m[1mGenerating C code for ROS interfaces[0m
[1.257s] [  3%] [34m[1mGenerating C++ code for ROS interfaces[0m
[1.887s] [35m[1mConsolidate compiler generated dependencies of target onset_interfaces__rosidl_generator_c[0m
[1.912s] [  3%] Built target onset_interfaces__cpp
[1.925s] [  5%] [32mBuilding C object CMakeFiles/onset_interfaces__rosidl_generator_c.dir/rosidl_generator_c/onset_interfaces/msg/detail/launch_command__functions.c.o[0m
[1.991s] [  5%] Built target ament_cmake_python_copy_onset_interfaces
[2.006s] [  7%] [34m[1mGenerating C++ type support dispatch for ROS interfaces[0m
[2.388s] [35m[1mConsolidate compiler generated dependencies of target onset_interfaces__rosidl_typesupport_cpp[0m
[2.391s] [  9%] [32mBuilding C object CMakeFiles/onset_interfaces__rosidl_generator_c.dir/rosidl_generator_c/onset_interfaces/msg/detail/onset_status__functions.c.o[0m
[2.412s] [ 10%] [32mBuilding CXX object CMakeFiles/onset_interfaces__rosidl_typesupport_cpp.dir/rosidl_typesupport_cpp/onset_interfaces/msg/launch_command__type_support.cpp.o[0m
[2.467s] [ 12%] [32mBuilding C object CMakeFiles/onset_interfaces__rosidl_generator_c.dir/rosidl_generator_c/onset_interfaces/msg/detail/stm32_message__functions.c.o[0m
[2.532s] [ 14%] [32mBuilding C object CMakeFiles/onset_interfaces__rosidl_generator_c.dir/rosidl_generator_c/onset_interfaces/msg/detail/stm32_state__functions.c.o[0m
[2.599s] [ 16%] [32m[1mLinking C shared library libonset_interfaces__rosidl_generator_c.so[0m
[2.702s] [ 16%] Built target onset_interfaces__rosidl_generator_c
[2.726s] [ 18%] [34m[1mGenerating C++ type support for eProsima Fast-RTPS[0m
[3.062s] [ 20%] [32mBuilding CXX object CMakeFiles/onset_interfaces__rosidl_typesupport_cpp.dir/rosidl_typesupport_cpp/onset_interfaces/msg/onset_status__type_support.cpp.o[0m
[3.178s] [35m[1mConsolidate compiler generated dependencies of target onset_interfaces__rosidl_typesupport_fastrtps_cpp[0m
[3.214s] [ 21%] [32mBuilding CXX object CMakeFiles/onset_interfaces__rosidl_typesupport_fastrtps_cpp.dir/rosidl_typesupport_fastrtps_cpp/onset_interfaces/msg/detail/dds_fastrtps/launch_command__type_support.cpp.o[0m
[3.394s] [ 23%] [32mBuilding CXX object CMakeFiles/onset_interfaces__rosidl_typesupport_cpp.dir/rosidl_typesupport_cpp/onset_interfaces/msg/stm32_message__type_support.cpp.o[0m
[4.055s] [ 25%] [32mBuilding CXX object CMakeFiles/onset_interfaces__rosidl_typesupport_cpp.dir/rosidl_typesupport_cpp/onset_interfaces/msg/stm32_state__type_support.cpp.o[0m
[4.302s] [ 27%] [32mBuilding CXX object CMakeFiles/onset_interfaces__rosidl_typesupport_fastrtps_cpp.dir/rosidl_typesupport_fastrtps_cpp/onset_interfaces/msg/detail/dds_fastrtps/onset_status__type_support.cpp.o[0m
[4.352s] [ 29%] [32m[1mLinking CXX shared library libonset_interfaces__rosidl_typesupport_cpp.so[0m
[4.415s] [ 29%] Built target onset_interfaces__rosidl_typesupport_cpp
[4.430s] [ 30%] [34m[1mGenerating C++ introspection for ROS interfaces[0m
[4.727s] [ 32%] [32mBuilding CXX object CMakeFiles/onset_interfaces__rosidl_typesupport_fastrtps_cpp.dir/rosidl_typesupport_fastrtps_cpp/onset_interfaces/msg/detail/dds_fastrtps/stm32_message__type_support.cpp.o[0m
[4.832s] [35m[1mConsolidate compiler generated dependencies of target onset_interfaces__rosidl_typesupport_introspection_cpp[0m
[4.853s] [ 34%] [32mBuilding CXX object CMakeFiles/onset_interfaces__rosidl_typesupport_introspection_cpp.dir/rosidl_typesupport_introspection_cpp/onset_interfaces/msg/detail/launch_command__type_support.cpp.o[0m
[5.130s] [ 36%] [32mBuilding CXX object CMakeFiles/onset_interfaces__rosidl_typesupport_fastrtps_cpp.dir/rosidl_typesupport_fastrtps_cpp/onset_interfaces/msg/detail/dds_fastrtps/stm32_state__type_support.cpp.o[0m
[5.320s] [ 38%] [32mBuilding CXX object CMakeFiles/onset_interfaces__rosidl_typesupport_introspection_cpp.dir/rosidl_typesupport_introspection_cpp/onset_interfaces/msg/detail/onset_status__type_support.cpp.o[0m
[5.584s] [ 40%] [32m[1mLinking CXX shared library libonset_interfaces__rosidl_typesupport_fastrtps_cpp.so[0m
[5.688s] [ 40%] Built target onset_interfaces__rosidl_typesupport_fastrtps_cpp
[5.722s] [ 41%] [32mBuilding CXX object CMakeFiles/onset_interfaces__rosidl_typesupport_introspection_cpp.dir/rosidl_typesupport_introspection_cpp/onset_interfaces/msg/detail/stm32_message__type_support.cpp.o[0m
[6.061s] running egg_info
[6.062s] writing onset_interfaces.egg-info/PKG-INFO
[6.063s] writing dependency_links to onset_interfaces.egg-info/dependency_links.txt
[6.063s] writing top-level names to onset_interfaces.egg-info/top_level.txt
[6.067s] reading manifest file 'onset_interfaces.egg-info/SOURCES.txt'
[6.068s] writing manifest file 'onset_interfaces.egg-info/SOURCES.txt'
[6.107s] [ 41%] Built target ament_cmake_python_build_onset_interfaces_egg
[6.121s] [ 43%] [34m[1mGenerating C type support for eProsima Fast-RTPS[0m
[6.141s] [ 45%] [32mBuilding CXX object CMakeFiles/onset_interfaces__rosidl_typesupport_introspection_cpp.dir/rosidl_typesupport_introspection_cpp/onset_interfaces/msg/detail/stm32_state__type_support.cpp.o[0m
[6.554s] [35m[1mConsolidate compiler generated dependencies of target onset_interfaces__rosidl_typesupport_fastrtps_c[0m
[6.567s] [ 47%] [32m[1mLinking CXX shared library libonset_interfaces__rosidl_typesupport_introspection_cpp.so[0m
[6.571s] [ 49%] [32mBuilding CXX object CMakeFiles/onset_interfaces__rosidl_typesupport_fastrtps_c.dir/rosidl_typesupport_fastrtps_c/onset_interfaces/msg/detail/launch_command__type_support_c.cpp.o[0m
[6.626s] [ 49%] Built target onset_interfaces__rosidl_typesupport_introspection_cpp
[6.643s] [ 50%] [34m[1mGenerating C introspection for ROS interfaces[0m
[6.987s] [ 52%] [32mBuilding CXX object CMakeFiles/onset_interfaces__rosidl_typesupport_fastrtps_c.dir/rosidl_typesupport_fastrtps_c/onset_interfaces/msg/detail/onset_status__type_support_c.cpp.o[0m
[7.054s] [35m[1mConsolidate compiler generated dependencies of target onset_interfaces__rosidl_typesupport_introspection_c[0m
[7.072s] [ 54%] [32mBuilding C object CMakeFiles/onset_interfaces__rosidl_typesupport_introspection_c.dir/rosidl_typesupport_introspection_c/onset_interfaces/msg/detail/launch_command__type_support.c.o[0m
[7.125s] [ 56%] [32mBuilding C object CMakeFiles/onset_interfaces__rosidl_typesupport_introspection_c.dir/rosidl_typesupport_introspection_c/onset_interfaces/msg/detail/onset_status__type_support.c.o[0m
[7.171s] [ 58%] [32mBuilding C object CMakeFiles/onset_interfaces__rosidl_typesupport_introspection_c.dir/rosidl_typesupport_introspection_c/onset_interfaces/msg/detail/stm32_message__type_support.c.o[0m
[7.212s] [ 60%] [32mBuilding C object CMakeFiles/onset_interfaces__rosidl_typesupport_introspection_c.dir/rosidl_typesupport_introspection_c/onset_interfaces/msg/detail/stm32_state__type_support.c.o[0m
[7.258s] [ 61%] [32m[1mLinking C shared library libonset_interfaces__rosidl_typesupport_introspection_c.so[0m
[7.304s] [ 61%] Built target onset_interfaces__rosidl_typesupport_introspection_c
[7.318s] [ 63%] [32mBuilding CXX object CMakeFiles/onset_interfaces__rosidl_typesupport_fastrtps_c.dir/rosidl_typesupport_fastrtps_c/onset_interfaces/msg/detail/stm32_message__type_support_c.cpp.o[0m
[7.348s] [ 65%] [34m[1mGenerating C type support dispatch for ROS interfaces[0m
[7.644s] [35m[1mConsolidate compiler generated dependencies of target onset_interfaces__rosidl_typesupport_c[0m
[7.661s] [ 67%] [32mBuilding CXX object CMakeFiles/onset_interfaces__rosidl_typesupport_c.dir/rosidl_typesupport_c/onset_interfaces/msg/launch_command__type_support.cpp.o[0m
[7.678s] [ 69%] [32mBuilding CXX object CMakeFiles/onset_interfaces__rosidl_typesupport_fastrtps_c.dir/rosidl_typesupport_fastrtps_c/onset_interfaces/msg/detail/stm32_state__type_support_c.cpp.o[0m
[7.702s] [ 70%] [32mBuilding CXX object CMakeFiles/onset_interfaces__rosidl_typesupport_c.dir/rosidl_typesupport_c/onset_interfaces/msg/onset_status__type_support.cpp.o[0m
[7.742s] [ 72%] [32mBuilding CXX object CMakeFiles/onset_interfaces__rosidl_typesupport_c.dir/rosidl_typesupport_c/onset_interfaces/msg/stm32_message__type_support.cpp.o[0m
[7.781s] [ 74%] [32mBuilding CXX object CMakeFiles/onset_interfaces__rosidl_typesupport_c.dir/rosidl_typesupport_c/onset_interfaces/msg/stm32_state__type_support.cpp.o[0m
[7.824s] [ 76%] [32m[1mLinking CXX shared library libonset_interfaces__rosidl_typesupport_c.so[0m
[7.881s] [ 76%] Built target onset_interfaces__rosidl_typesupport_c
[8.027s] [ 78%] [32m[1mLinking CXX shared library libonset_interfaces__rosidl_typesupport_fastrtps_c.so[0m
[8.121s] [ 78%] Built target onset_interfaces__rosidl_typesupport_fastrtps_c
[8.150s] [ 78%] Built target onset_interfaces
[8.179s] [ 80%] [34m[1mGenerating Python code for ROS interfaces[0m
[8.745s] [ 80%] Built target onset_interfaces__py
[8.760s] [35m[1mConsolidate compiler generated dependencies of target onset_interfaces__rosidl_generator_py[0m
[8.781s] [ 83%] [32mBuilding C object CMakeFiles/onset_interfaces__rosidl_generator_py.dir/rosidl_generator_py/onset_interfaces/msg/_onset_status_s.c.o[0m
[8.781s] [ 83%] [32mBuilding C object CMakeFiles/onset_interfaces__rosidl_generator_py.dir/rosidl_generator_py/onset_interfaces/msg/_launch_command_s.c.o[0m
[8.965s] [ 87%] [32mBuilding C object CMakeFiles/onset_interfaces__rosidl_generator_py.dir/rosidl_generator_py/onset_interfaces/msg/_stm32_message_s.c.o[0m
[8.966s] [ 87%] [32mBuilding C object CMakeFiles/onset_interfaces__rosidl_generator_py.dir/rosidl_generator_py/onset_interfaces/msg/_stm32_state_s.c.o[0m
[9.079s] [ 89%] [32m[1mLinking C shared library rosidl_generator_py/onset_interfaces/libonset_interfaces__rosidl_generator_py.so[0m
[9.130s] [ 89%] Built target onset_interfaces__rosidl_generator_py
[9.146s] [35m[1mConsolidate compiler generated dependencies of target onset_interfaces__rosidl_typesupport_introspection_c__pyext[0m
[9.146s] [35m[1mConsolidate compiler generated dependencies of target onset_interfaces__rosidl_typesupport_fastrtps_c__pyext[0m
[9.162s] [ 92%] [32mBuilding C object CMakeFiles/onset_interfaces__rosidl_typesupport_introspection_c__pyext.dir/rosidl_generator_py/onset_interfaces/_onset_interfaces_s.ep.rosidl_typesupport_introspection_c.c.o[0m
[9.163s] [ 92%] [32mBuilding C object CMakeFiles/onset_interfaces__rosidl_typesupport_fastrtps_c__pyext.dir/rosidl_generator_py/onset_interfaces/_onset_interfaces_s.ep.rosidl_typesupport_fastrtps_c.c.o[0m
[9.276s] [ 96%] [32m[1mLinking C shared library rosidl_generator_py/onset_interfaces/onset_interfaces_s__rosidl_typesupport_introspection_c.cpython-310-x86_64-linux-gnu.so[0m
[9.277s] [ 96%] [32m[1mLinking C shared library rosidl_generator_py/onset_interfaces/onset_interfaces_s__rosidl_typesupport_fastrtps_c.cpython-310-x86_64-linux-gnu.so[0m
[9.321s] [ 96%] Built target onset_interfaces__rosidl_typesupport_introspection_c__pyext
[9.321s] [ 96%] Built target onset_interfaces__rosidl_typesupport_fastrtps_c__pyext
[9.337s] [35m[1mConsolidate compiler generated dependencies of target onset_interfaces__rosidl_typesupport_c__pyext[0m
[9.355s] [ 98%] [32mBuilding C object CMakeFiles/onset_interfaces__rosidl_typesupport_c__pyext.dir/rosidl_generator_py/onset_interfaces/_onset_interfaces_s.ep.rosidl_typesupport_c.c.o[0m
[9.468s] [100%] [32m[1mLinking C shared library rosidl_generator_py/onset_interfaces/onset_interfaces_s__rosidl_typesupport_c.cpython-310-x86_64-linux-gnu.so[0m
[9.511s] [100%] Built target onset_interfaces__rosidl_typesupport_c__pyext
[9.527s] Invoked command in '/home/gong/onset_ws/build/onset_interfaces' returned '0': CMAKE_PREFIX_PATH=${CMAKE_PREFIX_PATH}:/home/gong/onset_ws/install/onsetbot:/opt/ros/humble /usr/bin/cmake --build /home/gong/onset_ws/build/onset_interfaces -- -j2 -l2
[9.541s] Invoking command in '/home/gong/onset_ws/build/onset_interfaces': CMAKE_PREFIX_PATH=${CMAKE_PREFIX_PATH}:/home/gong/onset_ws/install/onsetbot:/opt/ros/humble /usr/bin/cmake --install /home/gong/onset_ws/build/onset_interfaces
[9.551s] -- Install configuration: ""
[9.551s] -- Up-to-date: /home/gong/onset_ws/install/onset_interfaces/share/ament_index/resource_index/rosidl_interfaces/onset_interfaces
[9.552s] -- Up-to-date: /home/gong/onset_ws/install/onset_interfaces/include/onset_interfaces/onset_interfaces
[9.552s] -- Up-to-date: /home/gong/onset_ws/install/onset_interfaces/include/onset_interfaces/onset_interfaces/msg
[9.552s] -- Installing: /home/gong/onset_ws/install/onset_interfaces/include/onset_interfaces/onset_interfaces/msg/launch_command.h
[9.552s] -- Up-to-date: /home/gong/onset_ws/install/onset_interfaces/include/onset_interfaces/onset_interfaces/msg/detail
[9.552s] -- Installing: /home/gong/onset_ws/install/onset_interfaces/include/onset_interfaces/onset_interfaces/msg/detail/onset_status__functions.h
[9.552s] -- Installing: /home/gong/onset_ws/install/onset_interfaces/include/onset_interfaces/onset_interfaces/msg/detail/stm32_message__struct.h
[9.553s] -- Installing: /home/gong/onset_ws/install/onset_interfaces/include/onset_interfaces/onset_interfaces/msg/detail/stm32_message__functions.h
[9.553s] -- Installing: /home/gong/onset_ws/install/onset_interfaces/include/onset_interfaces/onset_interfaces/msg/detail/onset_status__functions.c
[9.553s] -- Installing: /home/gong/onset_ws/install/onset_interfaces/include/onset_interfaces/onset_interfaces/msg/detail/onset_status__struct.h
[9.553s] -- Installing: /home/gong/onset_ws/install/onset_interfaces/include/onset_interfaces/onset_interfaces/msg/detail/onset_status__type_support.h
[9.553s] -- Installing: /home/gong/onset_ws/install/onset_interfaces/include/onset_interfaces/onset_interfaces/msg/detail/stm32_state__functions.c
[9.554s] -- Installing: /home/gong/onset_ws/install/onset_interfaces/include/onset_interfaces/onset_interfaces/msg/detail/launch_command__struct.h
[9.554s] -- Installing: /home/gong/onset_ws/install/onset_interfaces/include/onset_interfaces/onset_interfaces/msg/detail/stm32_state__struct.h
[9.554s] -- Installing: /home/gong/onset_ws/install/onset_interfaces/include/onset_interfaces/onset_interfaces/msg/detail/launch_command__type_support.h
[9.554s] -- Installing: /home/gong/onset_ws/install/onset_interfaces/include/onset_interfaces/onset_interfaces/msg/detail/stm32_message__functions.c
[9.554s] -- Installing: /home/gong/onset_ws/install/onset_interfaces/include/onset_interfaces/onset_interfaces/msg/detail/launch_command__functions.c
[9.554s] -- Installing: /home/gong/onset_ws/install/onset_interfaces/include/onset_interfaces/onset_interfaces/msg/detail/stm32_state__functions.h
[9.554s] -- Installing: /home/gong/onset_ws/install/onset_interfaces/include/onset_interfaces/onset_interfaces/msg/detail/launch_command__functions.h
[9.555s] -- Installing: /home/gong/onset_ws/install/onset_interfaces/include/onset_interfaces/onset_interfaces/msg/detail/stm32_state__type_support.h
[9.555s] -- Installing: /home/gong/onset_ws/install/onset_interfaces/include/onset_interfaces/onset_interfaces/msg/detail/stm32_message__type_support.h
[9.555s] -- Up-to-date: /home/gong/onset_ws/install/onset_interfaces/include/onset_interfaces/onset_interfaces/msg/rosidl_generator_c__visibility_control.h
[9.555s] -- Installing: /home/gong/onset_ws/install/onset_interfaces/include/onset_interfaces/onset_interfaces/msg/stm32_state.h
[9.555s] -- Installing: /home/gong/onset_ws/install/onset_interfaces/include/onset_interfaces/onset_interfaces/msg/stm32_message.h
[9.555s] -- Installing: /home/gong/onset_ws/install/onset_interfaces/include/onset_interfaces/onset_interfaces/msg/onset_status.h
[9.556s] -- Up-to-date: /home/gong/onset_ws/install/onset_interfaces/share/onset_interfaces/environment/library_path.sh
[9.556s] -- Installing: /home/gong/onset_ws/install/onset_interfaces/share/onset_interfaces/environment/library_path.dsv
[9.556s] -- Installing: /home/gong/onset_ws/install/onset_interfaces/lib/libonset_interfaces__rosidl_generator_c.so
[9.557s] -- Set runtime path of "/home/gong/onset_ws/install/onset_interfaces/lib/libonset_interfaces__rosidl_generator_c.so" to ""
[9.557s] -- Up-to-date: /home/gong/onset_ws/install/onset_interfaces/include/onset_interfaces/onset_interfaces
[9.557s] -- Up-to-date: /home/gong/onset_ws/install/onset_interfaces/include/onset_interfaces/onset_interfaces/msg
[9.557s] -- Up-to-date: /home/gong/onset_ws/install/onset_interfaces/include/onset_interfaces/onset_interfaces/msg/detail
[9.557s] -- Installing: /home/gong/onset_ws/install/onset_interfaces/include/onset_interfaces/onset_interfaces/msg/detail/onset_status__rosidl_typesupport_fastrtps_c.h
[9.557s] -- Installing: /home/gong/onset_ws/install/onset_interfaces/include/onset_interfaces/onset_interfaces/msg/detail/launch_command__rosidl_typesupport_fastrtps_c.h
[9.557s] -- Installing: /home/gong/onset_ws/install/onset_interfaces/include/onset_interfaces/onset_interfaces/msg/detail/stm32_message__rosidl_typesupport_fastrtps_c.h
[9.558s] -- Installing: /home/gong/onset_ws/install/onset_interfaces/include/onset_interfaces/onset_interfaces/msg/detail/stm32_state__rosidl_typesupport_fastrtps_c.h
[9.558s] -- Up-to-date: /home/gong/onset_ws/install/onset_interfaces/include/onset_interfaces/onset_interfaces/msg/rosidl_typesupport_fastrtps_c__visibility_control.h
[9.558s] -- Installing: /home/gong/onset_ws/install/onset_interfaces/lib/libonset_interfaces__rosidl_typesupport_fastrtps_c.so
[9.558s] -- Set runtime path of "/home/gong/onset_ws/install/onset_interfaces/lib/libonset_interfaces__rosidl_typesupport_fastrtps_c.so" to ""
[9.558s] -- Up-to-date: /home/gong/onset_ws/install/onset_interfaces/include/onset_interfaces/onset_interfaces
[9.559s] -- Up-to-date: /home/gong/onset_ws/install/onset_interfaces/include/onset_interfaces/onset_interfaces/msg
[9.559s] -- Up-to-date: /home/gong/onset_ws/install/onset_interfaces/include/onset_interfaces/onset_interfaces/msg/detail
[9.559s] -- Installing: /home/gong/onset_ws/install/onset_interfaces/include/onset_interfaces/onset_interfaces/msg/detail/launch_command__type_support.c
[9.559s] -- Installing: /home/gong/onset_ws/install/onset_interfaces/include/onset_interfaces/onset_interfaces/msg/detail/stm32_message__type_support.c
[9.559s] -- Installing: /home/gong/onset_ws/install/onset_interfaces/include/onset_interfaces/onset_interfaces/msg/detail/launch_command__rosidl_typesupport_introspection_c.h
[9.559s] -- Installing: /home/gong/onset_ws/install/onset_interfaces/include/onset_interfaces/onset_interfaces/msg/detail/onset_status__rosidl_typesupport_introspection_c.h
[9.560s] -- Installing: /home/gong/onset_ws/install/onset_interfaces/include/onset_interfaces/onset_interfaces/msg/detail/stm32_message__rosidl_typesupport_introspection_c.h
[9.560s] -- Installing: /home/gong/onset_ws/install/onset_interfaces/include/onset_interfaces/onset_interfaces/msg/detail/stm32_state__type_support.c
[9.560s] -- Installing: /home/gong/onset_ws/install/onset_interfaces/include/onset_interfaces/onset_interfaces/msg/detail/stm32_state__rosidl_typesupport_introspection_c.h
[9.560s] -- Installing: /home/gong/onset_ws/install/onset_interfaces/include/onset_interfaces/onset_interfaces/msg/detail/onset_status__type_support.c
[9.560s] -- Up-to-date: /home/gong/onset_ws/install/onset_interfaces/include/onset_interfaces/onset_interfaces/msg/rosidl_typesupport_introspection_c__visibility_control.h
[9.561s] -- Installing: /home/gong/onset_ws/install/onset_interfaces/lib/libonset_interfaces__rosidl_typesupport_introspection_c.so
[9.561s] -- Set runtime path of "/home/gong/onset_ws/install/onset_interfaces/lib/libonset_interfaces__rosidl_typesupport_introspection_c.so" to ""
[9.561s] -- Installing: /home/gong/onset_ws/install/onset_interfaces/lib/libonset_interfaces__rosidl_typesupport_c.so
[9.562s] -- Set runtime path of "/home/gong/onset_ws/install/onset_interfaces/lib/libonset_interfaces__rosidl_typesupport_c.so" to ""
[9.562s] -- Up-to-date: /home/gong/onset_ws/install/onset_interfaces/include/onset_interfaces/onset_interfaces
[9.562s] -- Up-to-date: /home/gong/onset_ws/install/onset_interfaces/include/onset_interfaces/onset_interfaces/msg
[9.562s] -- Installing: /home/gong/onset_ws/install/onset_interfaces/include/onset_interfaces/onset_interfaces/msg/launch_command.hpp
[9.562s] -- Installing: /home/gong/onset_ws/install/onset_interfaces/include/onset_interfaces/onset_interfaces/msg/stm32_message.hpp
[9.562s] -- Up-to-date: /home/gong/onset_ws/install/onset_interfaces/include/onset_interfaces/onset_interfaces/msg/rosidl_generator_cpp__visibility_control.hpp
[9.562s] -- Up-to-date: /home/gong/onset_ws/install/onset_interfaces/include/onset_interfaces/onset_interfaces/msg/detail
[9.562s] -- Installing: /home/gong/onset_ws/install/onset_interfaces/include/onset_interfaces/onset_interfaces/msg/detail/launch_command__traits.hpp
[9.562s] -- Installing: /home/gong/onset_ws/install/onset_interfaces/include/onset_interfaces/onset_interfaces/msg/detail/stm32_message__type_support.hpp
[9.563s] -- Installing: /home/gong/onset_ws/install/onset_interfaces/include/onset_interfaces/onset_interfaces/msg/detail/stm32_state__struct.hpp
[9.563s] -- Installing: /home/gong/onset_ws/install/onset_interfaces/include/onset_interfaces/onset_interfaces/msg/detail/stm32_state__builder.hpp
[9.563s] -- Installing: /home/gong/onset_ws/install/onset_interfaces/include/onset_interfaces/onset_interfaces/msg/detail/stm32_message__builder.hpp
[9.563s] -- Installing: /home/gong/onset_ws/install/onset_interfaces/include/onset_interfaces/onset_interfaces/msg/detail/stm32_state__type_support.hpp
[9.564s] -- Installing: /home/gong/onset_ws/install/onset_interfaces/include/onset_interfaces/onset_interfaces/msg/detail/onset_status__struct.hpp
[9.564s] -- Installing: /home/gong/onset_ws/install/onset_interfaces/include/onset_interfaces/onset_interfaces/msg/detail/launch_command__builder.hpp
[9.564s] -- Installing: /home/gong/onset_ws/install/onset_interfaces/include/onset_interfaces/onset_interfaces/msg/detail/onset_status__builder.hpp
[9.564s] -- Installing: /home/gong/onset_ws/install/onset_interfaces/include/onset_interfaces/onset_interfaces/msg/detail/stm32_state__traits.hpp
[9.564s] -- Installing: /home/gong/onset_ws/install/onset_interfaces/include/onset_interfaces/onset_interfaces/msg/detail/launch_command__struct.hpp
[9.565s] -- Installing: /home/gong/onset_ws/install/onset_interfaces/include/onset_interfaces/onset_interfaces/msg/detail/onset_status__traits.hpp
[9.565s] -- Installing: /home/gong/onset_ws/install/onset_interfaces/include/onset_interfaces/onset_interfaces/msg/detail/stm32_message__traits.hpp
[9.565s] -- Installing: /home/gong/onset_ws/install/onset_interfaces/include/onset_interfaces/onset_interfaces/msg/detail/stm32_message__struct.hpp
[9.566s] -- Installing: /home/gong/onset_ws/install/onset_interfaces/include/onset_interfaces/onset_interfaces/msg/detail/onset_status__type_support.hpp
[9.566s] -- Installing: /home/gong/onset_ws/install/onset_interfaces/include/onset_interfaces/onset_interfaces/msg/detail/launch_command__type_support.hpp
[9.567s] -- Installing: /home/gong/onset_ws/install/onset_interfaces/include/onset_interfaces/onset_interfaces/msg/onset_status.hpp
[9.567s] -- Installing: /home/gong/onset_ws/install/onset_interfaces/include/onset_interfaces/onset_interfaces/msg/stm32_state.hpp
[9.567s] -- Up-to-date: /home/gong/onset_ws/install/onset_interfaces/include/onset_interfaces/onset_interfaces
[9.568s] -- Up-to-date: /home/gong/onset_ws/install/onset_interfaces/include/onset_interfaces/onset_interfaces/msg
[9.568s] -- Up-to-date: /home/gong/onset_ws/install/onset_interfaces/include/onset_interfaces/onset_interfaces/msg/detail
[9.568s] -- Installing: /home/gong/onset_ws/install/onset_interfaces/include/onset_interfaces/onset_interfaces/msg/detail/onset_status__rosidl_typesupport_fastrtps_cpp.hpp
[9.568s] -- Installing: /home/gong/onset_ws/install/onset_interfaces/include/onset_interfaces/onset_interfaces/msg/detail/stm32_state__rosidl_typesupport_fastrtps_cpp.hpp
[9.568s] -- Installing: /home/gong/onset_ws/install/onset_interfaces/include/onset_interfaces/onset_interfaces/msg/detail/launch_command__rosidl_typesupport_fastrtps_cpp.hpp
[9.568s] -- Up-to-date: /home/gong/onset_ws/install/onset_interfaces/include/onset_interfaces/onset_interfaces/msg/detail/dds_fastrtps
[9.568s] -- Installing: /home/gong/onset_ws/install/onset_interfaces/include/onset_interfaces/onset_interfaces/msg/detail/stm32_message__rosidl_typesupport_fastrtps_cpp.hpp
[9.568s] -- Up-to-date: /home/gong/onset_ws/install/onset_interfaces/include/onset_interfaces/onset_interfaces/msg/rosidl_typesupport_fastrtps_cpp__visibility_control.h
[9.568s] -- Installing: /home/gong/onset_ws/install/onset_interfaces/lib/libonset_interfaces__rosidl_typesupport_fastrtps_cpp.so
[9.568s] -- Set runtime path of "/home/gong/onset_ws/install/onset_interfaces/lib/libonset_interfaces__rosidl_typesupport_fastrtps_cpp.so" to ""
[9.568s] -- Up-to-date: /home/gong/onset_ws/install/onset_interfaces/include/onset_interfaces/onset_interfaces
[9.568s] -- Up-to-date: /home/gong/onset_ws/install/onset_interfaces/include/onset_interfaces/onset_interfaces/msg
[9.569s] -- Up-to-date: /home/gong/onset_ws/install/onset_interfaces/include/onset_interfaces/onset_interfaces/msg/detail
[9.569s] -- Installing: /home/gong/onset_ws/install/onset_interfaces/include/onset_interfaces/onset_interfaces/msg/detail/stm32_message__rosidl_typesupport_introspection_cpp.hpp
[9.569s] -- Installing: /home/gong/onset_ws/install/onset_interfaces/include/onset_interfaces/onset_interfaces/msg/detail/launch_command__type_support.cpp
[9.569s] -- Installing: /home/gong/onset_ws/install/onset_interfaces/include/onset_interfaces/onset_interfaces/msg/detail/stm32_state__rosidl_typesupport_introspection_cpp.hpp
[9.569s] -- Installing: /home/gong/onset_ws/install/onset_interfaces/include/onset_interfaces/onset_interfaces/msg/detail/onset_status__type_support.cpp
[9.569s] -- Installing: /home/gong/onset_ws/install/onset_interfaces/include/onset_interfaces/onset_interfaces/msg/detail/launch_command__rosidl_typesupport_introspection_cpp.hpp
[9.570s] -- Installing: /home/gong/onset_ws/install/onset_interfaces/include/onset_interfaces/onset_interfaces/msg/detail/stm32_state__type_support.cpp
[9.570s] -- Installing: /home/gong/onset_ws/install/onset_interfaces/include/onset_interfaces/onset_interfaces/msg/detail/onset_status__rosidl_typesupport_introspection_cpp.hpp
[9.570s] -- Installing: /home/gong/onset_ws/install/onset_interfaces/include/onset_interfaces/onset_interfaces/msg/detail/stm32_message__type_support.cpp
[9.571s] -- Installing: /home/gong/onset_ws/install/onset_interfaces/lib/libonset_interfaces__rosidl_typesupport_introspection_cpp.so
[9.571s] -- Set runtime path of "/home/gong/onset_ws/install/onset_interfaces/lib/libonset_interfaces__rosidl_typesupport_introspection_cpp.so" to ""
[9.571s] -- Installing: /home/gong/onset_ws/install/onset_interfaces/lib/libonset_interfaces__rosidl_typesupport_cpp.so
[9.572s] -- Set runtime path of "/home/gong/onset_ws/install/onset_interfaces/lib/libonset_interfaces__rosidl_typesupport_cpp.so" to ""
[9.572s] -- Up-to-date: /home/gong/onset_ws/install/onset_interfaces/share/onset_interfaces/environment/pythonpath.sh
[9.572s] -- Installing: /home/gong/onset_ws/install/onset_interfaces/share/onset_interfaces/environment/pythonpath.dsv
[9.574s] -- Up-to-date: /home/gong/onset_ws/install/onset_interfaces/local/lib/python3.10/dist-packages/onset_interfaces-0.0.0-py3.10.egg-info
[9.574s] -- Installing: /home/gong/onset_ws/install/onset_interfaces/local/lib/python3.10/dist-packages/onset_interfaces-0.0.0-py3.10.egg-info/SOURCES.txt
[9.574s] -- Installing: /home/gong/onset_ws/install/onset_interfaces/local/lib/python3.10/dist-packages/onset_interfaces-0.0.0-py3.10.egg-info/top_level.txt
[9.574s] -- Installing: /home/gong/onset_ws/install/onset_interfaces/local/lib/python3.10/dist-packages/onset_interfaces-0.0.0-py3.10.egg-info/dependency_links.txt
[9.574s] -- Installing: /home/gong/onset_ws/install/onset_interfaces/local/lib/python3.10/dist-packages/onset_interfaces-0.0.0-py3.10.egg-info/PKG-INFO
[9.575s] -- Up-to-date: /home/gong/onset_ws/install/onset_interfaces/local/lib/python3.10/dist-packages/onset_interfaces
[9.575s] -- Installing: /home/gong/onset_ws/install/onset_interfaces/local/lib/python3.10/dist-packages/onset_interfaces/onset_interfaces_s__rosidl_typesupport_c.cpython-310-x86_64-linux-gnu.so
[9.575s] -- Installing: /home/gong/onset_ws/install/onset_interfaces/local/lib/python3.10/dist-packages/onset_interfaces/__init__.py
[9.575s] -- Installing: /home/gong/onset_ws/install/onset_interfaces/local/lib/python3.10/dist-packages/onset_interfaces/onset_interfaces_s__rosidl_typesupport_introspection_c.cpython-310-x86_64-linux-gnu.so
[9.575s] -- Up-to-date: /home/gong/onset_ws/install/onset_interfaces/local/lib/python3.10/dist-packages/onset_interfaces/msg
[9.575s] -- Installing: /home/gong/onset_ws/install/onset_interfaces/local/lib/python3.10/dist-packages/onset_interfaces/msg/_stm32_state_s.c
[9.575s] -- Installing: /home/gong/onset_ws/install/onset_interfaces/local/lib/python3.10/dist-packages/onset_interfaces/msg/_launch_command_s.c
[9.577s] -- Installing: /home/gong/onset_ws/install/onset_interfaces/local/lib/python3.10/dist-packages/onset_interfaces/msg/__init__.py
[9.577s] -- Installing: /home/gong/onset_ws/install/onset_interfaces/local/lib/python3.10/dist-packages/onset_interfaces/msg/_launch_command.py
[9.577s] -- Installing: /home/gong/onset_ws/install/onset_interfaces/local/lib/python3.10/dist-packages/onset_interfaces/msg/_stm32_state.py
[9.577s] -- Installing: /home/gong/onset_ws/install/onset_interfaces/local/lib/python3.10/dist-packages/onset_interfaces/msg/_onset_status_s.c
[9.577s] -- Installing: /home/gong/onset_ws/install/onset_interfaces/local/lib/python3.10/dist-packages/onset_interfaces/msg/_stm32_message.py
[9.577s] -- Installing: /home/gong/onset_ws/install/onset_interfaces/local/lib/python3.10/dist-packages/onset_interfaces/msg/_stm32_message_s.c
[9.577s] -- Installing: /home/gong/onset_ws/install/onset_interfaces/local/lib/python3.10/dist-packages/onset_interfaces/msg/_onset_status.py
[9.577s] -- Installing: /home/gong/onset_ws/install/onset_interfaces/local/lib/python3.10/dist-packages/onset_interfaces/onset_interfaces_s__rosidl_typesupport_fastrtps_c.cpython-310-x86_64-linux-gnu.so
[9.577s] -- Installing: /home/gong/onset_ws/install/onset_interfaces/local/lib/python3.10/dist-packages/onset_interfaces/_onset_interfaces_s.ep.rosidl_typesupport_c.c
[9.577s] -- Installing: /home/gong/onset_ws/install/onset_interfaces/local/lib/python3.10/dist-packages/onset_interfaces/libonset_interfaces__rosidl_generator_py.so
[9.578s] -- Installing: /home/gong/onset_ws/install/onset_interfaces/local/lib/python3.10/dist-packages/onset_interfaces/_onset_interfaces_s.ep.rosidl_typesupport_introspection_c.c
[9.578s] -- Installing: /home/gong/onset_ws/install/onset_interfaces/local/lib/python3.10/dist-packages/onset_interfaces/_onset_interfaces_s.ep.rosidl_typesupport_fastrtps_c.c
[9.626s] Listing '/home/gong/onset_ws/install/onset_interfaces/local/lib/python3.10/dist-packages/onset_interfaces'...
[9.626s] Compiling '/home/gong/onset_ws/install/onset_interfaces/local/lib/python3.10/dist-packages/onset_interfaces/__init__.py'...
[9.626s] Listing '/home/gong/onset_ws/install/onset_interfaces/local/lib/python3.10/dist-packages/onset_interfaces/msg'...
[9.626s] Compiling '/home/gong/onset_ws/install/onset_interfaces/local/lib/python3.10/dist-packages/onset_interfaces/msg/__init__.py'...
[9.626s] Compiling '/home/gong/onset_ws/install/onset_interfaces/local/lib/python3.10/dist-packages/onset_interfaces/msg/_launch_command.py'...
[9.627s] Compiling '/home/gong/onset_ws/install/onset_interfaces/local/lib/python3.10/dist-packages/onset_interfaces/msg/_onset_status.py'...
[9.627s] Compiling '/home/gong/onset_ws/install/onset_interfaces/local/lib/python3.10/dist-packages/onset_interfaces/msg/_stm32_message.py'...
[9.627s] Compiling '/home/gong/onset_ws/install/onset_interfaces/local/lib/python3.10/dist-packages/onset_interfaces/msg/_stm32_state.py'...
[9.632s] -- Installing: /home/gong/onset_ws/install/onset_interfaces/local/lib/python3.10/dist-packages/onset_interfaces/onset_interfaces_s__rosidl_typesupport_fastrtps_c.cpython-310-x86_64-linux-gnu.so
[9.634s] -- Set runtime path of "/home/gong/onset_ws/install/onset_interfaces/local/lib/python3.10/dist-packages/onset_interfaces/onset_interfaces_s__rosidl_typesupport_fastrtps_c.cpython-310-x86_64-linux-gnu.so" to ""
[9.634s] -- Installing: /home/gong/onset_ws/install/onset_interfaces/local/lib/python3.10/dist-packages/onset_interfaces/onset_interfaces_s__rosidl_typesupport_introspection_c.cpython-310-x86_64-linux-gnu.so
[9.634s] -- Set runtime path of "/home/gong/onset_ws/install/onset_interfaces/local/lib/python3.10/dist-packages/onset_interfaces/onset_interfaces_s__rosidl_typesupport_introspection_c.cpython-310-x86_64-linux-gnu.so" to ""
[9.634s] -- Installing: /home/gong/onset_ws/install/onset_interfaces/local/lib/python3.10/dist-packages/onset_interfaces/onset_interfaces_s__rosidl_typesupport_c.cpython-310-x86_64-linux-gnu.so
[9.634s] -- Set runtime path of "/home/gong/onset_ws/install/onset_interfaces/local/lib/python3.10/dist-packages/onset_interfaces/onset_interfaces_s__rosidl_typesupport_c.cpython-310-x86_64-linux-gnu.so" to ""
[9.634s] -- Installing: /home/gong/onset_ws/install/onset_interfaces/lib/libonset_interfaces__rosidl_generator_py.so
[9.635s] -- Set runtime path of "/home/gong/onset_ws/install/onset_interfaces/lib/libonset_interfaces__rosidl_generator_py.so" to ""
[9.635s] -- Up-to-date: /home/gong/onset_ws/install/onset_interfaces/share/onset_interfaces/msg/LaunchCommand.idl
[9.635s] -- Installing: /home/gong/onset_ws/install/onset_interfaces/share/onset_interfaces/msg/OnsetStatus.idl
[9.635s] -- Up-to-date: /home/gong/onset_ws/install/onset_interfaces/share/onset_interfaces/msg/STM32Message.idl
[9.635s] -- Up-to-date: /home/gong/onset_ws/install/onset_interfaces/share/onset_interfaces/msg/STM32State.idl
[9.635s] -- Up-to-date: /home/gong/onset_ws/install/onset_interfaces/share/onset_interfaces/msg/LaunchCommand.msg
[9.635s] -- Installing: /home/gong/onset_ws/install/onset_interfaces/share/onset_interfaces/msg/OnsetStatus.msg
[9.635s] -- Up-to-date: /home/gong/onset_ws/install/onset_interfaces/share/onset_interfaces/msg/STM32Message.msg
[9.635s] -- Up-to-date: /home/gong/onset_ws/install/onset_interfaces/share/onset_interfaces/msg/STM32State.msg
[9.636s] -- Up-to-date: /home/gong/onset_ws/install/onset_interfaces/share/ament_index/resource_index/package_run_dependencies/onset_interfaces
[9.636s] -- Up-to-date: /home/gong/onset_ws/install/onset_interfaces/share/ament_index/resource_index/parent_prefix_path/onset_interfaces
[9.636s] -- Up-to-date: /home/gong/onset_ws/install/onset_interfaces/share/onset_interfaces/environment/ament_prefix_path.sh
[9.636s] -- Installing: /home/gong/onset_ws/install/onset_interfaces/share/onset_interfaces/environment/ament_prefix_path.dsv
[9.636s] -- Up-to-date: /home/gong/onset_ws/install/onset_interfaces/share/onset_interfaces/environment/path.sh
[9.636s] -- Installing: /home/gong/onset_ws/install/onset_interfaces/share/onset_interfaces/environment/path.dsv
[9.636s] -- Up-to-date: /home/gong/onset_ws/install/onset_interfaces/share/onset_interfaces/local_setup.bash
[9.636s] -- Up-to-date: /home/gong/onset_ws/install/onset_interfaces/share/onset_interfaces/local_setup.sh
[9.636s] -- Up-to-date: /home/gong/onset_ws/install/onset_interfaces/share/onset_interfaces/local_setup.zsh
[9.636s] -- Installing: /home/gong/onset_ws/install/onset_interfaces/share/onset_interfaces/local_setup.dsv
[9.637s] -- Installing: /home/gong/onset_ws/install/onset_interfaces/share/onset_interfaces/package.dsv
[9.637s] -- Up-to-date: /home/gong/onset_ws/install/onset_interfaces/share/ament_index/resource_index/packages/onset_interfaces
[9.637s] -- Up-to-date: /home/gong/onset_ws/install/onset_interfaces/share/onset_interfaces/cmake/export_onset_interfaces__rosidl_generator_cExport.cmake
[9.637s] -- Up-to-date: /home/gong/onset_ws/install/onset_interfaces/share/onset_interfaces/cmake/export_onset_interfaces__rosidl_generator_cExport-noconfig.cmake
[9.637s] -- Up-to-date: /home/gong/onset_ws/install/onset_interfaces/share/onset_interfaces/cmake/export_onset_interfaces__rosidl_typesupport_fastrtps_cExport.cmake
[9.637s] -- Up-to-date: /home/gong/onset_ws/install/onset_interfaces/share/onset_interfaces/cmake/export_onset_interfaces__rosidl_typesupport_fastrtps_cExport-noconfig.cmake
[9.637s] -- Up-to-date: /home/gong/onset_ws/install/onset_interfaces/share/onset_interfaces/cmake/onset_interfaces__rosidl_typesupport_introspection_cExport.cmake
[9.637s] -- Up-to-date: /home/gong/onset_ws/install/onset_interfaces/share/onset_interfaces/cmake/onset_interfaces__rosidl_typesupport_introspection_cExport-noconfig.cmake
[9.637s] -- Up-to-date: /home/gong/onset_ws/install/onset_interfaces/share/onset_interfaces/cmake/onset_interfaces__rosidl_typesupport_cExport.cmake
[9.638s] -- Up-to-date: /home/gong/onset_ws/install/onset_interfaces/share/onset_interfaces/cmake/onset_interfaces__rosidl_typesupport_cExport-noconfig.cmake
[9.638s] -- Up-to-date: /home/gong/onset_ws/install/onset_interfaces/share/onset_interfaces/cmake/export_onset_interfaces__rosidl_generator_cppExport.cmake
[9.638s] -- Up-to-date: /home/gong/onset_ws/install/onset_interfaces/share/onset_interfaces/cmake/export_onset_interfaces__rosidl_typesupport_fastrtps_cppExport.cmake
[9.638s] -- Up-to-date: /home/gong/onset_ws/install/onset_interfaces/share/onset_interfaces/cmake/export_onset_interfaces__rosidl_typesupport_fastrtps_cppExport-noconfig.cmake
[9.638s] -- Up-to-date: /home/gong/onset_ws/install/onset_interfaces/share/onset_interfaces/cmake/onset_interfaces__rosidl_typesupport_introspection_cppExport.cmake
[9.638s] -- Up-to-date: /home/gong/onset_ws/install/onset_interfaces/share/onset_interfaces/cmake/onset_interfaces__rosidl_typesupport_introspection_cppExport-noconfig.cmake
[9.638s] -- Up-to-date: /home/gong/onset_ws/install/onset_interfaces/share/onset_interfaces/cmake/onset_interfaces__rosidl_typesupport_cppExport.cmake
[9.638s] -- Up-to-date: /home/gong/onset_ws/install/onset_interfaces/share/onset_interfaces/cmake/onset_interfaces__rosidl_typesupport_cppExport-noconfig.cmake
[9.638s] -- Up-to-date: /home/gong/onset_ws/install/onset_interfaces/share/onset_interfaces/cmake/export_onset_interfaces__rosidl_generator_pyExport.cmake
[9.638s] -- Up-to-date: /home/gong/onset_ws/install/onset_interfaces/share/onset_interfaces/cmake/export_onset_interfaces__rosidl_generator_pyExport-noconfig.cmake
[9.639s] -- Up-to-date: /home/gong/onset_ws/install/onset_interfaces/share/onset_interfaces/cmake/rosidl_cmake-extras.cmake
[9.639s] -- Up-to-date: /home/gong/onset_ws/install/onset_interfaces/share/onset_interfaces/cmake/ament_cmake_export_include_directories-extras.cmake
[9.639s] -- Up-to-date: /home/gong/onset_ws/install/onset_interfaces/share/onset_interfaces/cmake/ament_cmake_export_libraries-extras.cmake
[9.639s] -- Up-to-date: /home/gong/onset_ws/install/onset_interfaces/share/onset_interfaces/cmake/ament_cmake_export_targets-extras.cmake
[9.639s] -- Up-to-date: /home/gong/onset_ws/install/onset_interfaces/share/onset_interfaces/cmake/rosidl_cmake_export_typesupport_targets-extras.cmake
[9.639s] -- Up-to-date: /home/gong/onset_ws/install/onset_interfaces/share/onset_interfaces/cmake/ament_cmake_export_dependencies-extras.cmake
[9.639s] -- Up-to-date: /home/gong/onset_ws/install/onset_interfaces/share/onset_interfaces/cmake/rosidl_cmake_export_typesupport_libraries-extras.cmake
[9.639s] -- Up-to-date: /home/gong/onset_ws/install/onset_interfaces/share/onset_interfaces/cmake/onset_interfacesConfig.cmake
[9.639s] -- Up-to-date: /home/gong/onset_ws/install/onset_interfaces/share/onset_interfaces/cmake/onset_interfacesConfig-version.cmake
[9.639s] -- Up-to-date: /home/gong/onset_ws/install/onset_interfaces/share/onset_interfaces/package.xml
[9.643s] Invoked command in '/home/gong/onset_ws/build/onset_interfaces' returned '0': CMAKE_PREFIX_PATH=${CMAKE_PREFIX_PATH}:/home/gong/onset_ws/install/onsetbot:/opt/ros/humble /usr/bin/cmake --install /home/gong/onset_ws/build/onset_interfaces
