[0.859s] Invoking command in '/home/gong/onset_ws/src/onsetbot': CMAKE_PREFIX_PATH=/home/gong/onset_ws/install/onset_interfaces:/home/gong/onset_ws/install/odrive_can:/home/gong/onset_ws/install/odrive_botwheel_explorer:/home/gong/onset_ws/install/odrive_ros2_control LD_LIBRARY_PATH=/home/gong/onset_ws/install/onset_interfaces/lib:/home/gong/onset_ws/install/odrive_can/lib:/home/gong/onset_ws/install/odrive_ros2_control/lib:/usr/lib/x86_64-linux-gnu/gazebo-11/plugins:/opt/ros/humble/opt/rviz_ogre_vendor/lib:/opt/ros/humble/lib/x86_64-linux-gnu:/opt/ros/humble/lib PYTHONPATH=/home/gong/onset_ws/build/onsetbot/prefix_override:/usr/lib/python3/dist-packages/colcon_core/task/python/colcon_distutils_commands:/home/gong/onset_ws/install/onsetbot/lib/python3.10/site-packages:${PYTHONPATH} /usr/bin/python3 -W ignore:setup.py install is deprecated -W ignore:easy_install command is deprecated setup.py egg_info --egg-base ../../build/onsetbot build --build-base /home/gong/onset_ws/build/onsetbot/build install --record /home/gong/onset_ws/build/onsetbot/install.log --single-version-externally-managed install_data
[1.122s] running egg_info
[1.123s] writing ../../build/onsetbot/onsetbot.egg-info/PKG-INFO
[1.124s] writing dependency_links to ../../build/onsetbot/onsetbot.egg-info/dependency_links.txt
[1.125s] writing entry points to ../../build/onsetbot/onsetbot.egg-info/entry_points.txt
[1.125s] writing requirements to ../../build/onsetbot/onsetbot.egg-info/requires.txt
[1.126s] writing top-level names to ../../build/onsetbot/onsetbot.egg-info/top_level.txt
[1.129s] reading manifest file '../../build/onsetbot/onsetbot.egg-info/SOURCES.txt'
[1.129s] writing manifest file '../../build/onsetbot/onsetbot.egg-info/SOURCES.txt'
[1.130s] running build
[1.130s] running build_py
[1.131s] copying onsetbot/stm32_bridge.py -> /home/gong/onset_ws/build/onsetbot/build/lib/onsetbot
[1.131s] copying onsetbot/odrive_can_bridge.py -> /home/gong/onset_ws/build/onsetbot/build/lib/onsetbot
[1.140s] copying onsetbot/actuator_command.py -> /home/gong/onset_ws/build/onsetbot/build/lib/onsetbot
[1.140s] copying onsetbot/onset_gui.py -> /home/gong/onset_ws/build/onsetbot/build/lib/onsetbot
[1.142s] running install
[1.142s] running install_lib
[1.144s] copying /home/gong/onset_ws/build/onsetbot/build/lib/onsetbot/stm32_bridge.py -> /home/gong/onset_ws/install/onsetbot/lib/python3.10/site-packages/onsetbot
[1.144s] copying /home/gong/onset_ws/build/onsetbot/build/lib/onsetbot/odrive_can_bridge.py -> /home/gong/onset_ws/install/onsetbot/lib/python3.10/site-packages/onsetbot
[1.144s] copying /home/gong/onset_ws/build/onsetbot/build/lib/onsetbot/actuator_command.py -> /home/gong/onset_ws/install/onsetbot/lib/python3.10/site-packages/onsetbot
[1.144s] copying /home/gong/onset_ws/build/onsetbot/build/lib/onsetbot/onset_gui.py -> /home/gong/onset_ws/install/onsetbot/lib/python3.10/site-packages/onsetbot
[1.145s] byte-compiling /home/gong/onset_ws/install/onsetbot/lib/python3.10/site-packages/onsetbot/stm32_bridge.py to stm32_bridge.cpython-310.pyc
[1.145s] byte-compiling /home/gong/onset_ws/install/onsetbot/lib/python3.10/site-packages/onsetbot/odrive_can_bridge.py to odrive_can_bridge.cpython-310.pyc
[1.148s] byte-compiling /home/gong/onset_ws/install/onsetbot/lib/python3.10/site-packages/onsetbot/actuator_command.py to actuator_command.cpython-310.pyc
[1.149s] byte-compiling /home/gong/onset_ws/install/onsetbot/lib/python3.10/site-packages/onsetbot/onset_gui.py to onset_gui.cpython-310.pyc
[1.154s] running install_data
[1.154s] running install_egg_info
[1.157s] removing '/home/gong/onset_ws/install/onsetbot/lib/python3.10/site-packages/onsetbot-0.0.0-py3.10.egg-info' (and everything under it)
[1.159s] Copying ../../build/onsetbot/onsetbot.egg-info to /home/gong/onset_ws/install/onsetbot/lib/python3.10/site-packages/onsetbot-0.0.0-py3.10.egg-info
[1.159s] running install_scripts
[1.178s] Installing actuator_command script to /home/gong/onset_ws/install/onsetbot/lib/onsetbot
[1.179s] Installing odrive_can_bridge script to /home/gong/onset_ws/install/onsetbot/lib/onsetbot
[1.179s] Installing onset_gui script to /home/gong/onset_ws/install/onsetbot/lib/onsetbot
[1.180s] Installing zero_sequence script to /home/gong/onset_ws/install/onsetbot/lib/onsetbot
[1.181s] writing list of installed files to '/home/gong/onset_ws/build/onsetbot/install.log'
[1.205s] Invoked command in '/home/gong/onset_ws/src/onsetbot' returned '0': CMAKE_PREFIX_PATH=/home/gong/onset_ws/install/onset_interfaces:/home/gong/onset_ws/install/odrive_can:/home/gong/onset_ws/install/odrive_botwheel_explorer:/home/gong/onset_ws/install/odrive_ros2_control LD_LIBRARY_PATH=/home/gong/onset_ws/install/onset_interfaces/lib:/home/gong/onset_ws/install/odrive_can/lib:/home/gong/onset_ws/install/odrive_ros2_control/lib:/usr/lib/x86_64-linux-gnu/gazebo-11/plugins:/opt/ros/humble/opt/rviz_ogre_vendor/lib:/opt/ros/humble/lib/x86_64-linux-gnu:/opt/ros/humble/lib PYTHONPATH=/home/gong/onset_ws/build/onsetbot/prefix_override:/usr/lib/python3/dist-packages/colcon_core/task/python/colcon_distutils_commands:/home/gong/onset_ws/install/onsetbot/lib/python3.10/site-packages:${PYTHONPATH} /usr/bin/python3 -W ignore:setup.py install is deprecated -W ignore:easy_install command is deprecated setup.py egg_info --egg-base ../../build/onsetbot build --build-base /home/gong/onset_ws/build/onsetbot/build install --record /home/gong/onset_ws/build/onsetbot/install.log --single-version-externally-managed install_data
