/home/gong/onset_ws/install/onsetbot/lib/python3.10/site-packages/onsetbot/stm32_bridge.py
/home/gong/onset_ws/install/onsetbot/lib/python3.10/site-packages/onsetbot/odrive_can_bridge.py
/home/gong/onset_ws/install/onsetbot/lib/python3.10/site-packages/onsetbot/__init__.py
/home/gong/onset_ws/install/onsetbot/lib/python3.10/site-packages/onsetbot/actuator_command.py
/home/gong/onset_ws/install/onsetbot/lib/python3.10/site-packages/onsetbot/onset_gui.py
/home/gong/onset_ws/install/onsetbot/lib/python3.10/site-packages/onsetbot/__pycache__/stm32_bridge.cpython-310.pyc
/home/gong/onset_ws/install/onsetbot/lib/python3.10/site-packages/onsetbot/__pycache__/odrive_can_bridge.cpython-310.pyc
/home/gong/onset_ws/install/onsetbot/lib/python3.10/site-packages/onsetbot/__pycache__/__init__.cpython-310.pyc
/home/gong/onset_ws/install/onsetbot/lib/python3.10/site-packages/onsetbot/__pycache__/actuator_command.cpython-310.pyc
/home/gong/onset_ws/install/onsetbot/lib/python3.10/site-packages/onsetbot/__pycache__/onset_gui.cpython-310.pyc
/home/gong/onset_ws/install/onsetbot/share/ament_index/resource_index/packages/onsetbot
/home/gong/onset_ws/install/onsetbot/share/onsetbot/package.xml
/home/gong/onset_ws/install/onsetbot/lib/python3.10/site-packages/onsetbot-0.0.0-py3.10.egg-info/SOURCES.txt
/home/gong/onset_ws/install/onsetbot/lib/python3.10/site-packages/onsetbot-0.0.0-py3.10.egg-info/top_level.txt
/home/gong/onset_ws/install/onsetbot/lib/python3.10/site-packages/onsetbot-0.0.0-py3.10.egg-info/requires.txt
/home/gong/onset_ws/install/onsetbot/lib/python3.10/site-packages/onsetbot-0.0.0-py3.10.egg-info/zip-safe
/home/gong/onset_ws/install/onsetbot/lib/python3.10/site-packages/onsetbot-0.0.0-py3.10.egg-info/dependency_links.txt
/home/gong/onset_ws/install/onsetbot/lib/python3.10/site-packages/onsetbot-0.0.0-py3.10.egg-info/entry_points.txt
/home/gong/onset_ws/install/onsetbot/lib/python3.10/site-packages/onsetbot-0.0.0-py3.10.egg-info/PKG-INFO
/home/gong/onset_ws/install/onsetbot/lib/onsetbot/actuator_command
/home/gong/onset_ws/install/onsetbot/lib/onsetbot/odrive_can_bridge
/home/gong/onset_ws/install/onsetbot/lib/onsetbot/onset_gui
/home/gong/onset_ws/install/onsetbot/lib/onsetbot/stm32_bridge
