[0.050s] Invoking command in '/home/gong/onset_ws/build/onset_interfaces': CMAKE_PREFIX_PATH=${CMAKE_PREFIX_PATH}:/home/gong/onset_ws/install/onsetbot:/opt/ros/humble /usr/bin/cmake --build /home/gong/onset_ws/build/onset_interfaces -- -j2 -l2
[0.222s] -- Found ament_cmake: 1.3.13 (/opt/ros/humble/share/ament_cmake/cmake)
[1.291s] -- Found rosidl_default_generators: 1.2.0 (/opt/ros/humble/share/rosidl_default_generators/cmake)
[1.326s] -- Using all available rosidl_typesupport_c: rosidl_typesupport_fastrtps_c;rosidl_typesupport_introspection_c
[1.359s] -- Found rosidl_adapter: 3.1.8 (/opt/ros/humble/share/rosidl_adapter/cmake)
[1.653s] -- Using all available rosidl_typesupport_cpp: rosidl_typesupport_fastrtps_cpp;rosidl_typesupport_introspection_cpp
[3.101s] -- Found ament_cmake_ros: 0.10.0 (/opt/ros/humble/share/ament_cmake_ros/cmake)
[3.798s] -- Using all available rosidl_typesupport_c: rosidl_typesupport_fastrtps_c;rosidl_typesupport_introspection_c
[4.687s] -- Using all available rosidl_typesupport_cpp: rosidl_typesupport_fastrtps_cpp;rosidl_typesupport_introspection_cpp
[4.781s] -- Found python_cmake_module: 0.10.0 (/opt/ros/humble/share/python_cmake_module/cmake)
[4.875s] -- Using PYTHON_EXECUTABLE: /usr/bin/python3
[4.875s] -- Using PYTHON_INCLUDE_DIRS: /usr/include/python3.10
[4.875s] -- Using PYTHON_LIBRARIES: /usr/lib/x86_64-linux-gnu/libpython3.10.so
[4.988s] -- Configuring done
[5.262s] -- Generating done
[5.324s] -- Build files have been written to: /home/gong/onset_ws/build/onset_interfaces
[5.428s] [  1%] [34m[1mGenerating C code for ROS interfaces[0m
[5.504s] [  3%] [34m[1mGenerating C++ code for ROS interfaces[0m
[7.333s] [35m[1mConsolidate compiler generated dependencies of target onset_interfaces__rosidl_generator_c[0m
[7.400s] [  5%] [32mBuilding C object CMakeFiles/onset_interfaces__rosidl_generator_c.dir/rosidl_generator_c/onset_interfaces/msg/detail/launch_command__functions.c.o[0m
[7.417s] [  5%] Built target onset_interfaces__cpp
[7.630s] [  5%] Built target ament_cmake_python_copy_onset_interfaces
[7.671s] [  7%] [32mBuilding C object CMakeFiles/onset_interfaces__rosidl_generator_c.dir/rosidl_generator_c/onset_interfaces/msg/detail/onset_status__functions.c.o[0m
[7.972s] [  9%] [32mBuilding C object CMakeFiles/onset_interfaces__rosidl_generator_c.dir/rosidl_generator_c/onset_interfaces/msg/detail/stm32_message__functions.c.o[0m
[7.974s] [ 10%] [32mBuilding C object CMakeFiles/onset_interfaces__rosidl_generator_c.dir/rosidl_generator_c/onset_interfaces/msg/detail/stm32_state__functions.c.o[0m
[8.141s] [ 12%] [34m[1mGenerating C++ type support for eProsima Fast-RTPS[0m
[8.147s] [ 14%] [32m[1mLinking C shared library libonset_interfaces__rosidl_generator_c.so[0m
[8.369s] [ 14%] Built target onset_interfaces__rosidl_generator_c
[8.423s] [ 16%] [34m[1mGenerating C++ introspection for ROS interfaces[0m
[9.437s] [35m[1mConsolidate compiler generated dependencies of target onset_interfaces__rosidl_typesupport_fastrtps_cpp[0m
[9.500s] [ 18%] [32mBuilding CXX object CMakeFiles/onset_interfaces__rosidl_typesupport_fastrtps_cpp.dir/rosidl_typesupport_fastrtps_cpp/onset_interfaces/msg/detail/dds_fastrtps/launch_command__type_support.cpp.o[0m
[9.669s] [35m[1mConsolidate compiler generated dependencies of target onset_interfaces__rosidl_typesupport_introspection_cpp[0m
[9.746s] [ 20%] [32mBuilding CXX object CMakeFiles/onset_interfaces__rosidl_typesupport_introspection_cpp.dir/rosidl_typesupport_introspection_cpp/onset_interfaces/msg/detail/launch_command__type_support.cpp.o[0m
[11.229s] [ 21%] [32mBuilding CXX object CMakeFiles/onset_interfaces__rosidl_typesupport_introspection_cpp.dir/rosidl_typesupport_introspection_cpp/onset_interfaces/msg/detail/onset_status__type_support.cpp.o[0m
[11.256s] [ 23%] [32mBuilding CXX object CMakeFiles/onset_interfaces__rosidl_typesupport_fastrtps_cpp.dir/rosidl_typesupport_fastrtps_cpp/onset_interfaces/msg/detail/dds_fastrtps/onset_status__type_support.cpp.o[0m
[12.408s] [ 25%] [32mBuilding CXX object CMakeFiles/onset_interfaces__rosidl_typesupport_introspection_cpp.dir/rosidl_typesupport_introspection_cpp/onset_interfaces/msg/detail/stm32_message__type_support.cpp.o[0m
[12.501s] [ 27%] [32mBuilding CXX object CMakeFiles/onset_interfaces__rosidl_typesupport_fastrtps_cpp.dir/rosidl_typesupport_fastrtps_cpp/onset_interfaces/msg/detail/dds_fastrtps/stm32_message__type_support.cpp.o[0m
[13.578s] [ 29%] [32mBuilding CXX object CMakeFiles/onset_interfaces__rosidl_typesupport_introspection_cpp.dir/rosidl_typesupport_introspection_cpp/onset_interfaces/msg/detail/stm32_state__type_support.cpp.o[0m
[13.746s] [ 30%] [32mBuilding CXX object CMakeFiles/onset_interfaces__rosidl_typesupport_fastrtps_cpp.dir/rosidl_typesupport_fastrtps_cpp/onset_interfaces/msg/detail/dds_fastrtps/stm32_state__type_support.cpp.o[0m
[14.771s] [ 32%] [32m[1mLinking CXX shared library libonset_interfaces__rosidl_typesupport_introspection_cpp.so[0m
[14.953s] [ 32%] Built target onset_interfaces__rosidl_typesupport_introspection_cpp
[15.019s] [ 34%] [34m[1mGenerating C++ type support dispatch for ROS interfaces[0m
[15.051s] [ 36%] [32m[1mLinking CXX shared library libonset_interfaces__rosidl_typesupport_fastrtps_cpp.so[0m
[15.333s] [ 36%] Built target onset_interfaces__rosidl_typesupport_fastrtps_cpp
[15.385s] [ 38%] [34m[1mGenerating C type support for eProsima Fast-RTPS[0m
[15.937s] [35m[1mConsolidate compiler generated dependencies of target onset_interfaces__rosidl_typesupport_cpp[0m
[16.016s] [ 40%] [32mBuilding CXX object CMakeFiles/onset_interfaces__rosidl_typesupport_cpp.dir/rosidl_typesupport_cpp/onset_interfaces/msg/launch_command__type_support.cpp.o[0m
[16.633s] [35m[1mConsolidate compiler generated dependencies of target onset_interfaces__rosidl_typesupport_fastrtps_c[0m
[16.703s] [ 41%] [32mBuilding CXX object CMakeFiles/onset_interfaces__rosidl_typesupport_fastrtps_c.dir/rosidl_typesupport_fastrtps_c/onset_interfaces/msg/detail/launch_command__type_support_c.cpp.o[0m
[16.848s] [ 43%] [32mBuilding CXX object CMakeFiles/onset_interfaces__rosidl_typesupport_cpp.dir/rosidl_typesupport_cpp/onset_interfaces/msg/onset_status__type_support.cpp.o[0m
[17.687s] [ 45%] [32mBuilding CXX object CMakeFiles/onset_interfaces__rosidl_typesupport_cpp.dir/rosidl_typesupport_cpp/onset_interfaces/msg/stm32_message__type_support.cpp.o[0m
[17.827s] [ 47%] [32mBuilding CXX object CMakeFiles/onset_interfaces__rosidl_typesupport_fastrtps_c.dir/rosidl_typesupport_fastrtps_c/onset_interfaces/msg/detail/onset_status__type_support_c.cpp.o[0m
[18.613s] [ 49%] [32mBuilding CXX object CMakeFiles/onset_interfaces__rosidl_typesupport_cpp.dir/rosidl_typesupport_cpp/onset_interfaces/msg/stm32_state__type_support.cpp.o[0m
[18.974s] [ 50%] [32mBuilding CXX object CMakeFiles/onset_interfaces__rosidl_typesupport_fastrtps_c.dir/rosidl_typesupport_fastrtps_c/onset_interfaces/msg/detail/stm32_message__type_support_c.cpp.o[0m
[19.457s] [ 52%] [32m[1mLinking CXX shared library libonset_interfaces__rosidl_typesupport_cpp.so[0m
[19.608s] [ 52%] Built target onset_interfaces__rosidl_typesupport_cpp
[19.651s] [ 54%] [32mBuilding CXX object CMakeFiles/onset_interfaces__rosidl_typesupport_fastrtps_c.dir/rosidl_typesupport_fastrtps_c/onset_interfaces/msg/detail/stm32_state__type_support_c.cpp.o[0m
[20.019s] [ 56%] [34m[1mGenerating C introspection for ROS interfaces[0m
[20.920s] [ 58%] [32m[1mLinking CXX shared library libonset_interfaces__rosidl_typesupport_fastrtps_c.so[0m
[21.322s] [ 58%] Built target onset_interfaces__rosidl_typesupport_fastrtps_c
[21.364s] [ 60%] [34m[1mGenerating C type support dispatch for ROS interfaces[0m
[21.577s] [35m[1mConsolidate compiler generated dependencies of target onset_interfaces__rosidl_typesupport_introspection_c[0m
[21.625s] [ 61%] [32mBuilding C object CMakeFiles/onset_interfaces__rosidl_typesupport_introspection_c.dir/rosidl_typesupport_introspection_c/onset_interfaces/msg/detail/launch_command__type_support.c.o[0m
[21.773s] [ 63%] [32mBuilding C object CMakeFiles/onset_interfaces__rosidl_typesupport_introspection_c.dir/rosidl_typesupport_introspection_c/onset_interfaces/msg/detail/onset_status__type_support.c.o[0m
[21.898s] [ 65%] [32mBuilding C object CMakeFiles/onset_interfaces__rosidl_typesupport_introspection_c.dir/rosidl_typesupport_introspection_c/onset_interfaces/msg/detail/stm32_message__type_support.c.o[0m
[22.034s] [ 67%] [32mBuilding C object CMakeFiles/onset_interfaces__rosidl_typesupport_introspection_c.dir/rosidl_typesupport_introspection_c/onset_interfaces/msg/detail/stm32_state__type_support.c.o[0m
[22.176s] [ 69%] [32m[1mLinking C shared library libonset_interfaces__rosidl_typesupport_introspection_c.so[0m
[22.246s] [35m[1mConsolidate compiler generated dependencies of target onset_interfaces__rosidl_typesupport_c[0m
[22.304s] [ 70%] [32mBuilding CXX object CMakeFiles/onset_interfaces__rosidl_typesupport_c.dir/rosidl_typesupport_c/onset_interfaces/msg/launch_command__type_support.cpp.o[0m
[22.311s] [ 70%] Built target onset_interfaces__rosidl_typesupport_introspection_c
[22.434s] [ 72%] [32mBuilding CXX object CMakeFiles/onset_interfaces__rosidl_typesupport_c.dir/rosidl_typesupport_c/onset_interfaces/msg/onset_status__type_support.cpp.o[0m
[22.546s] [ 74%] [32mBuilding CXX object CMakeFiles/onset_interfaces__rosidl_typesupport_c.dir/rosidl_typesupport_c/onset_interfaces/msg/stm32_message__type_support.cpp.o[0m
[22.652s] [ 76%] [32mBuilding CXX object CMakeFiles/onset_interfaces__rosidl_typesupport_c.dir/rosidl_typesupport_c/onset_interfaces/msg/stm32_state__type_support.cpp.o[0m
[22.767s] [ 78%] [32m[1mLinking CXX shared library libonset_interfaces__rosidl_typesupport_c.so[0m
[22.935s] [ 78%] Built target onset_interfaces__rosidl_typesupport_c
[23.032s] [ 78%] Built target onset_interfaces
[23.123s] [ 80%] [34m[1mGenerating Python code for ROS interfaces[0m
[23.301s] running egg_info
[23.305s] writing onset_interfaces.egg-info/PKG-INFO
[23.305s] writing dependency_links to onset_interfaces.egg-info/dependency_links.txt
[23.308s] writing top-level names to onset_interfaces.egg-info/top_level.txt
[23.314s] reading manifest file 'onset_interfaces.egg-info/SOURCES.txt'
[23.317s] writing manifest file 'onset_interfaces.egg-info/SOURCES.txt'
[23.397s] [ 80%] Built target ament_cmake_python_build_onset_interfaces_egg
[24.865s] [ 80%] Built target onset_interfaces__py
[24.930s] [35m[1mConsolidate compiler generated dependencies of target onset_interfaces__rosidl_generator_py[0m
[24.997s] [ 81%] [32mBuilding C object CMakeFiles/onset_interfaces__rosidl_generator_py.dir/rosidl_generator_py/onset_interfaces/msg/_onset_status_s.c.o[0m
[24.997s] [ 83%] [32mBuilding C object CMakeFiles/onset_interfaces__rosidl_generator_py.dir/rosidl_generator_py/onset_interfaces/msg/_launch_command_s.c.o[0m
[25.491s] [ 85%] [32mBuilding C object CMakeFiles/onset_interfaces__rosidl_generator_py.dir/rosidl_generator_py/onset_interfaces/msg/_stm32_message_s.c.o[0m
[25.497s] [ 87%] [32mBuilding C object CMakeFiles/onset_interfaces__rosidl_generator_py.dir/rosidl_generator_py/onset_interfaces/msg/_stm32_state_s.c.o[0m
[25.854s] [ 89%] [32m[1mLinking C shared library rosidl_generator_py/onset_interfaces/libonset_interfaces__rosidl_generator_py.so[0m
[26.004s] [ 89%] Built target onset_interfaces__rosidl_generator_py
[26.047s] [35m[1mConsolidate compiler generated dependencies of target onset_interfaces__rosidl_typesupport_fastrtps_c__pyext[0m
[26.059s] [35m[1mConsolidate compiler generated dependencies of target onset_interfaces__rosidl_typesupport_introspection_c__pyext[0m
[26.117s] [ 90%] [32mBuilding C object CMakeFiles/onset_interfaces__rosidl_typesupport_fastrtps_c__pyext.dir/rosidl_generator_py/onset_interfaces/_onset_interfaces_s.ep.rosidl_typesupport_fastrtps_c.c.o[0m
[26.121s] [ 92%] [32mBuilding C object CMakeFiles/onset_interfaces__rosidl_typesupport_introspection_c__pyext.dir/rosidl_generator_py/onset_interfaces/_onset_interfaces_s.ep.rosidl_typesupport_introspection_c.c.o[0m
[26.484s] [ 94%] [32m[1mLinking C shared library rosidl_generator_py/onset_interfaces/onset_interfaces_s__rosidl_typesupport_introspection_c.cpython-310-x86_64-linux-gnu.so[0m
[26.498s] [ 96%] [32m[1mLinking C shared library rosidl_generator_py/onset_interfaces/onset_interfaces_s__rosidl_typesupport_fastrtps_c.cpython-310-x86_64-linux-gnu.so[0m
[26.631s] [ 96%] Built target onset_interfaces__rosidl_typesupport_introspection_c__pyext
[26.657s] [ 96%] Built target onset_interfaces__rosidl_typesupport_fastrtps_c__pyext
[26.680s] [35m[1mConsolidate compiler generated dependencies of target onset_interfaces__rosidl_typesupport_c__pyext[0m
[26.737s] [ 98%] [32mBuilding C object CMakeFiles/onset_interfaces__rosidl_typesupport_c__pyext.dir/rosidl_generator_py/onset_interfaces/_onset_interfaces_s.ep.rosidl_typesupport_c.c.o[0m
[27.086s] [100%] [32m[1mLinking C shared library rosidl_generator_py/onset_interfaces/onset_interfaces_s__rosidl_typesupport_c.cpython-310-x86_64-linux-gnu.so[0m
[27.216s] [100%] Built target onset_interfaces__rosidl_typesupport_c__pyext
[27.267s] Invoked command in '/home/gong/onset_ws/build/onset_interfaces' returned '0': CMAKE_PREFIX_PATH=${CMAKE_PREFIX_PATH}:/home/gong/onset_ws/install/onsetbot:/opt/ros/humble /usr/bin/cmake --build /home/gong/onset_ws/build/onset_interfaces -- -j2 -l2
[27.281s] Invoking command in '/home/gong/onset_ws/build/onset_interfaces': CMAKE_PREFIX_PATH=${CMAKE_PREFIX_PATH}:/home/gong/onset_ws/install/onsetbot:/opt/ros/humble /usr/bin/cmake --install /home/gong/onset_ws/build/onset_interfaces
[27.311s] -- Install configuration: ""
[27.311s] -- Up-to-date: /home/gong/onset_ws/install/onset_interfaces/share/ament_index/resource_index/rosidl_interfaces/onset_interfaces
[27.311s] -- Up-to-date: /home/gong/onset_ws/install/onset_interfaces/include/onset_interfaces/onset_interfaces
[27.315s] -- Up-to-date: /home/gong/onset_ws/install/onset_interfaces/include/onset_interfaces/onset_interfaces/msg
[27.321s] -- Installing: /home/gong/onset_ws/install/onset_interfaces/include/onset_interfaces/onset_interfaces/msg/launch_command.h
[27.325s] -- Up-to-date: /home/gong/onset_ws/install/onset_interfaces/include/onset_interfaces/onset_interfaces/msg/detail
[27.325s] -- Installing: /home/gong/onset_ws/install/onset_interfaces/include/onset_interfaces/onset_interfaces/msg/detail/onset_status__functions.h
[27.328s] -- Installing: /home/gong/onset_ws/install/onset_interfaces/include/onset_interfaces/onset_interfaces/msg/detail/stm32_message__struct.h
[27.328s] -- Installing: /home/gong/onset_ws/install/onset_interfaces/include/onset_interfaces/onset_interfaces/msg/detail/stm32_message__functions.h
[27.331s] -- Installing: /home/gong/onset_ws/install/onset_interfaces/include/onset_interfaces/onset_interfaces/msg/detail/onset_status__functions.c
[27.331s] -- Installing: /home/gong/onset_ws/install/onset_interfaces/include/onset_interfaces/onset_interfaces/msg/detail/onset_status__struct.h
[27.331s] -- Installing: /home/gong/onset_ws/install/onset_interfaces/include/onset_interfaces/onset_interfaces/msg/detail/onset_status__type_support.h
[27.332s] -- Installing: /home/gong/onset_ws/install/onset_interfaces/include/onset_interfaces/onset_interfaces/msg/detail/stm32_state__functions.c
[27.332s] -- Installing: /home/gong/onset_ws/install/onset_interfaces/include/onset_interfaces/onset_interfaces/msg/detail/launch_command__struct.h
[27.332s] -- Installing: /home/gong/onset_ws/install/onset_interfaces/include/onset_interfaces/onset_interfaces/msg/detail/stm32_state__struct.h
[27.333s] -- Installing: /home/gong/onset_ws/install/onset_interfaces/include/onset_interfaces/onset_interfaces/msg/detail/launch_command__type_support.h
[27.336s] -- Installing: /home/gong/onset_ws/install/onset_interfaces/include/onset_interfaces/onset_interfaces/msg/detail/stm32_message__functions.c
[27.337s] -- Installing: /home/gong/onset_ws/install/onset_interfaces/include/onset_interfaces/onset_interfaces/msg/detail/launch_command__functions.c
[27.337s] -- Installing: /home/gong/onset_ws/install/onset_interfaces/include/onset_interfaces/onset_interfaces/msg/detail/stm32_state__functions.h
[27.337s] -- Installing: /home/gong/onset_ws/install/onset_interfaces/include/onset_interfaces/onset_interfaces/msg/detail/launch_command__functions.h
[27.342s] -- Installing: /home/gong/onset_ws/install/onset_interfaces/include/onset_interfaces/onset_interfaces/msg/detail/stm32_state__type_support.h
[27.342s] -- Installing: /home/gong/onset_ws/install/onset_interfaces/include/onset_interfaces/onset_interfaces/msg/detail/stm32_message__type_support.h
[27.343s] -- Up-to-date: /home/gong/onset_ws/install/onset_interfaces/include/onset_interfaces/onset_interfaces/msg/rosidl_generator_c__visibility_control.h
[27.343s] -- Installing: /home/gong/onset_ws/install/onset_interfaces/include/onset_interfaces/onset_interfaces/msg/stm32_state.h
[27.343s] -- Installing: /home/gong/onset_ws/install/onset_interfaces/include/onset_interfaces/onset_interfaces/msg/stm32_message.h
[27.345s] -- Installing: /home/gong/onset_ws/install/onset_interfaces/include/onset_interfaces/onset_interfaces/msg/onset_status.h
[27.345s] -- Up-to-date: /home/gong/onset_ws/install/onset_interfaces/share/onset_interfaces/environment/library_path.sh
[27.345s] -- Installing: /home/gong/onset_ws/install/onset_interfaces/share/onset_interfaces/environment/library_path.dsv
[27.346s] -- Installing: /home/gong/onset_ws/install/onset_interfaces/lib/libonset_interfaces__rosidl_generator_c.so
[27.348s] -- Set runtime path of "/home/gong/onset_ws/install/onset_interfaces/lib/libonset_interfaces__rosidl_generator_c.so" to ""
[27.348s] -- Up-to-date: /home/gong/onset_ws/install/onset_interfaces/include/onset_interfaces/onset_interfaces
[27.348s] -- Up-to-date: /home/gong/onset_ws/install/onset_interfaces/include/onset_interfaces/onset_interfaces/msg
[27.348s] -- Up-to-date: /home/gong/onset_ws/install/onset_interfaces/include/onset_interfaces/onset_interfaces/msg/detail
[27.348s] -- Installing: /home/gong/onset_ws/install/onset_interfaces/include/onset_interfaces/onset_interfaces/msg/detail/onset_status__rosidl_typesupport_fastrtps_c.h
[27.348s] -- Installing: /home/gong/onset_ws/install/onset_interfaces/include/onset_interfaces/onset_interfaces/msg/detail/launch_command__rosidl_typesupport_fastrtps_c.h
[27.349s] -- Installing: /home/gong/onset_ws/install/onset_interfaces/include/onset_interfaces/onset_interfaces/msg/detail/stm32_message__rosidl_typesupport_fastrtps_c.h
[27.349s] -- Installing: /home/gong/onset_ws/install/onset_interfaces/include/onset_interfaces/onset_interfaces/msg/detail/stm32_state__rosidl_typesupport_fastrtps_c.h
[27.349s] -- Up-to-date: /home/gong/onset_ws/install/onset_interfaces/include/onset_interfaces/onset_interfaces/msg/rosidl_typesupport_fastrtps_c__visibility_control.h
[27.351s] -- Installing: /home/gong/onset_ws/install/onset_interfaces/lib/libonset_interfaces__rosidl_typesupport_fastrtps_c.so
[27.355s] -- Set runtime path of "/home/gong/onset_ws/install/onset_interfaces/lib/libonset_interfaces__rosidl_typesupport_fastrtps_c.so" to ""
[27.355s] -- Up-to-date: /home/gong/onset_ws/install/onset_interfaces/include/onset_interfaces/onset_interfaces
[27.355s] -- Up-to-date: /home/gong/onset_ws/install/onset_interfaces/include/onset_interfaces/onset_interfaces/msg
[27.355s] -- Up-to-date: /home/gong/onset_ws/install/onset_interfaces/include/onset_interfaces/onset_interfaces/msg/detail
[27.356s] -- Installing: /home/gong/onset_ws/install/onset_interfaces/include/onset_interfaces/onset_interfaces/msg/detail/launch_command__type_support.c
[27.356s] -- Installing: /home/gong/onset_ws/install/onset_interfaces/include/onset_interfaces/onset_interfaces/msg/detail/stm32_message__type_support.c
[27.358s] -- Installing: /home/gong/onset_ws/install/onset_interfaces/include/onset_interfaces/onset_interfaces/msg/detail/launch_command__rosidl_typesupport_introspection_c.h
[27.361s] -- Installing: /home/gong/onset_ws/install/onset_interfaces/include/onset_interfaces/onset_interfaces/msg/detail/onset_status__rosidl_typesupport_introspection_c.h
[27.361s] -- Installing: /home/gong/onset_ws/install/onset_interfaces/include/onset_interfaces/onset_interfaces/msg/detail/stm32_message__rosidl_typesupport_introspection_c.h
[27.361s] -- Installing: /home/gong/onset_ws/install/onset_interfaces/include/onset_interfaces/onset_interfaces/msg/detail/stm32_state__type_support.c
[27.365s] -- Installing: /home/gong/onset_ws/install/onset_interfaces/include/onset_interfaces/onset_interfaces/msg/detail/stm32_state__rosidl_typesupport_introspection_c.h
[27.365s] -- Installing: /home/gong/onset_ws/install/onset_interfaces/include/onset_interfaces/onset_interfaces/msg/detail/onset_status__type_support.c
[27.366s] -- Up-to-date: /home/gong/onset_ws/install/onset_interfaces/include/onset_interfaces/onset_interfaces/msg/rosidl_typesupport_introspection_c__visibility_control.h
[27.372s] -- Installing: /home/gong/onset_ws/install/onset_interfaces/lib/libonset_interfaces__rosidl_typesupport_introspection_c.so
[27.373s] -- Set runtime path of "/home/gong/onset_ws/install/onset_interfaces/lib/libonset_interfaces__rosidl_typesupport_introspection_c.so" to ""
[27.375s] -- Installing: /home/gong/onset_ws/install/onset_interfaces/lib/libonset_interfaces__rosidl_typesupport_c.so
[27.377s] -- Set runtime path of "/home/gong/onset_ws/install/onset_interfaces/lib/libonset_interfaces__rosidl_typesupport_c.so" to ""
[27.377s] -- Up-to-date: /home/gong/onset_ws/install/onset_interfaces/include/onset_interfaces/onset_interfaces
[27.378s] -- Up-to-date: /home/gong/onset_ws/install/onset_interfaces/include/onset_interfaces/onset_interfaces/msg
[27.383s] -- Installing: /home/gong/onset_ws/install/onset_interfaces/include/onset_interfaces/onset_interfaces/msg/launch_command.hpp
[27.383s] -- Installing: /home/gong/onset_ws/install/onset_interfaces/include/onset_interfaces/onset_interfaces/msg/stm32_message.hpp
[27.383s] -- Up-to-date: /home/gong/onset_ws/install/onset_interfaces/include/onset_interfaces/onset_interfaces/msg/rosidl_generator_cpp__visibility_control.hpp
[27.386s] -- Up-to-date: /home/gong/onset_ws/install/onset_interfaces/include/onset_interfaces/onset_interfaces/msg/detail
[27.386s] -- Installing: /home/gong/onset_ws/install/onset_interfaces/include/onset_interfaces/onset_interfaces/msg/detail/launch_command__traits.hpp
[27.387s] -- Installing: /home/gong/onset_ws/install/onset_interfaces/include/onset_interfaces/onset_interfaces/msg/detail/stm32_message__type_support.hpp
[27.387s] -- Installing: /home/gong/onset_ws/install/onset_interfaces/include/onset_interfaces/onset_interfaces/msg/detail/stm32_state__struct.hpp
[27.387s] -- Installing: /home/gong/onset_ws/install/onset_interfaces/include/onset_interfaces/onset_interfaces/msg/detail/stm32_state__builder.hpp
[27.387s] -- Installing: /home/gong/onset_ws/install/onset_interfaces/include/onset_interfaces/onset_interfaces/msg/detail/stm32_message__builder.hpp
[27.387s] -- Installing: /home/gong/onset_ws/install/onset_interfaces/include/onset_interfaces/onset_interfaces/msg/detail/stm32_state__type_support.hpp
[27.387s] -- Installing: /home/gong/onset_ws/install/onset_interfaces/include/onset_interfaces/onset_interfaces/msg/detail/onset_status__struct.hpp
[27.388s] -- Installing: /home/gong/onset_ws/install/onset_interfaces/include/onset_interfaces/onset_interfaces/msg/detail/launch_command__builder.hpp
[27.388s] -- Installing: /home/gong/onset_ws/install/onset_interfaces/include/onset_interfaces/onset_interfaces/msg/detail/onset_status__builder.hpp
[27.392s] -- Installing: /home/gong/onset_ws/install/onset_interfaces/include/onset_interfaces/onset_interfaces/msg/detail/stm32_state__traits.hpp
[27.392s] -- Installing: /home/gong/onset_ws/install/onset_interfaces/include/onset_interfaces/onset_interfaces/msg/detail/launch_command__struct.hpp
[27.393s] -- Installing: /home/gong/onset_ws/install/onset_interfaces/include/onset_interfaces/onset_interfaces/msg/detail/onset_status__traits.hpp
[27.393s] -- Installing: /home/gong/onset_ws/install/onset_interfaces/include/onset_interfaces/onset_interfaces/msg/detail/stm32_message__traits.hpp
[27.397s] -- Installing: /home/gong/onset_ws/install/onset_interfaces/include/onset_interfaces/onset_interfaces/msg/detail/stm32_message__struct.hpp
[27.397s] -- Installing: /home/gong/onset_ws/install/onset_interfaces/include/onset_interfaces/onset_interfaces/msg/detail/onset_status__type_support.hpp
[27.398s] -- Installing: /home/gong/onset_ws/install/onset_interfaces/include/onset_interfaces/onset_interfaces/msg/detail/launch_command__type_support.hpp
[27.398s] -- Installing: /home/gong/onset_ws/install/onset_interfaces/include/onset_interfaces/onset_interfaces/msg/onset_status.hpp
[27.398s] -- Installing: /home/gong/onset_ws/install/onset_interfaces/include/onset_interfaces/onset_interfaces/msg/stm32_state.hpp
[27.399s] -- Up-to-date: /home/gong/onset_ws/install/onset_interfaces/include/onset_interfaces/onset_interfaces
[27.400s] -- Up-to-date: /home/gong/onset_ws/install/onset_interfaces/include/onset_interfaces/onset_interfaces/msg
[27.400s] -- Up-to-date: /home/gong/onset_ws/install/onset_interfaces/include/onset_interfaces/onset_interfaces/msg/detail
[27.400s] -- Installing: /home/gong/onset_ws/install/onset_interfaces/include/onset_interfaces/onset_interfaces/msg/detail/onset_status__rosidl_typesupport_fastrtps_cpp.hpp
[27.401s] -- Installing: /home/gong/onset_ws/install/onset_interfaces/include/onset_interfaces/onset_interfaces/msg/detail/stm32_state__rosidl_typesupport_fastrtps_cpp.hpp
[27.401s] -- Installing: /home/gong/onset_ws/install/onset_interfaces/include/onset_interfaces/onset_interfaces/msg/detail/launch_command__rosidl_typesupport_fastrtps_cpp.hpp
[27.401s] -- Up-to-date: /home/gong/onset_ws/install/onset_interfaces/include/onset_interfaces/onset_interfaces/msg/detail/dds_fastrtps
[27.401s] -- Installing: /home/gong/onset_ws/install/onset_interfaces/include/onset_interfaces/onset_interfaces/msg/detail/stm32_message__rosidl_typesupport_fastrtps_cpp.hpp
[27.402s] -- Up-to-date: /home/gong/onset_ws/install/onset_interfaces/include/onset_interfaces/onset_interfaces/msg/rosidl_typesupport_fastrtps_cpp__visibility_control.h
[27.403s] -- Installing: /home/gong/onset_ws/install/onset_interfaces/lib/libonset_interfaces__rosidl_typesupport_fastrtps_cpp.so
[27.406s] -- Set runtime path of "/home/gong/onset_ws/install/onset_interfaces/lib/libonset_interfaces__rosidl_typesupport_fastrtps_cpp.so" to ""
[27.407s] -- Up-to-date: /home/gong/onset_ws/install/onset_interfaces/include/onset_interfaces/onset_interfaces
[27.407s] -- Up-to-date: /home/gong/onset_ws/install/onset_interfaces/include/onset_interfaces/onset_interfaces/msg
[27.408s] -- Up-to-date: /home/gong/onset_ws/install/onset_interfaces/include/onset_interfaces/onset_interfaces/msg/detail
[27.409s] -- Installing: /home/gong/onset_ws/install/onset_interfaces/include/onset_interfaces/onset_interfaces/msg/detail/stm32_message__rosidl_typesupport_introspection_cpp.hpp
[27.409s] -- Installing: /home/gong/onset_ws/install/onset_interfaces/include/onset_interfaces/onset_interfaces/msg/detail/launch_command__type_support.cpp
[27.410s] -- Installing: /home/gong/onset_ws/install/onset_interfaces/include/onset_interfaces/onset_interfaces/msg/detail/stm32_state__rosidl_typesupport_introspection_cpp.hpp
[27.412s] -- Installing: /home/gong/onset_ws/install/onset_interfaces/include/onset_interfaces/onset_interfaces/msg/detail/onset_status__type_support.cpp
[27.413s] -- Installing: /home/gong/onset_ws/install/onset_interfaces/include/onset_interfaces/onset_interfaces/msg/detail/launch_command__rosidl_typesupport_introspection_cpp.hpp
[27.417s] -- Installing: /home/gong/onset_ws/install/onset_interfaces/include/onset_interfaces/onset_interfaces/msg/detail/stm32_state__type_support.cpp
[27.417s] -- Installing: /home/gong/onset_ws/install/onset_interfaces/include/onset_interfaces/onset_interfaces/msg/detail/onset_status__rosidl_typesupport_introspection_cpp.hpp
[27.417s] -- Installing: /home/gong/onset_ws/install/onset_interfaces/include/onset_interfaces/onset_interfaces/msg/detail/stm32_message__type_support.cpp
[27.425s] -- Installing: /home/gong/onset_ws/install/onset_interfaces/lib/libonset_interfaces__rosidl_typesupport_introspection_cpp.so
[27.426s] -- Set runtime path of "/home/gong/onset_ws/install/onset_interfaces/lib/libonset_interfaces__rosidl_typesupport_introspection_cpp.so" to ""
[27.430s] -- Installing: /home/gong/onset_ws/install/onset_interfaces/lib/libonset_interfaces__rosidl_typesupport_cpp.so
[27.433s] -- Set runtime path of "/home/gong/onset_ws/install/onset_interfaces/lib/libonset_interfaces__rosidl_typesupport_cpp.so" to ""
[27.433s] -- Up-to-date: /home/gong/onset_ws/install/onset_interfaces/share/onset_interfaces/environment/pythonpath.sh
[27.434s] -- Installing: /home/gong/onset_ws/install/onset_interfaces/share/onset_interfaces/environment/pythonpath.dsv
[27.435s] -- Up-to-date: /home/gong/onset_ws/install/onset_interfaces/local/lib/python3.10/dist-packages/onset_interfaces-0.0.0-py3.10.egg-info
[27.436s] -- Installing: /home/gong/onset_ws/install/onset_interfaces/local/lib/python3.10/dist-packages/onset_interfaces-0.0.0-py3.10.egg-info/SOURCES.txt
[27.437s] -- Installing: /home/gong/onset_ws/install/onset_interfaces/local/lib/python3.10/dist-packages/onset_interfaces-0.0.0-py3.10.egg-info/top_level.txt
[27.439s] -- Installing: /home/gong/onset_ws/install/onset_interfaces/local/lib/python3.10/dist-packages/onset_interfaces-0.0.0-py3.10.egg-info/dependency_links.txt
[27.439s] -- Installing: /home/gong/onset_ws/install/onset_interfaces/local/lib/python3.10/dist-packages/onset_interfaces-0.0.0-py3.10.egg-info/PKG-INFO
[27.441s] -- Up-to-date: /home/gong/onset_ws/install/onset_interfaces/local/lib/python3.10/dist-packages/onset_interfaces
[27.442s] -- Installing: /home/gong/onset_ws/install/onset_interfaces/local/lib/python3.10/dist-packages/onset_interfaces/onset_interfaces_s__rosidl_typesupport_c.cpython-310-x86_64-linux-gnu.so
[27.443s] -- Installing: /home/gong/onset_ws/install/onset_interfaces/local/lib/python3.10/dist-packages/onset_interfaces/__init__.py
[27.444s] -- Installing: /home/gong/onset_ws/install/onset_interfaces/local/lib/python3.10/dist-packages/onset_interfaces/onset_interfaces_s__rosidl_typesupport_introspection_c.cpython-310-x86_64-linux-gnu.so
[27.445s] -- Up-to-date: /home/gong/onset_ws/install/onset_interfaces/local/lib/python3.10/dist-packages/onset_interfaces/msg
[27.446s] -- Installing: /home/gong/onset_ws/install/onset_interfaces/local/lib/python3.10/dist-packages/onset_interfaces/msg/_stm32_state_s.c
[27.447s] -- Installing: /home/gong/onset_ws/install/onset_interfaces/local/lib/python3.10/dist-packages/onset_interfaces/msg/_launch_command_s.c
[27.449s] -- Installing: /home/gong/onset_ws/install/onset_interfaces/local/lib/python3.10/dist-packages/onset_interfaces/msg/__init__.py
[27.449s] -- Installing: /home/gong/onset_ws/install/onset_interfaces/local/lib/python3.10/dist-packages/onset_interfaces/msg/_launch_command.py
[27.451s] -- Installing: /home/gong/onset_ws/install/onset_interfaces/local/lib/python3.10/dist-packages/onset_interfaces/msg/_stm32_state.py
[27.452s] -- Installing: /home/gong/onset_ws/install/onset_interfaces/local/lib/python3.10/dist-packages/onset_interfaces/msg/_onset_status_s.c
[27.455s] -- Installing: /home/gong/onset_ws/install/onset_interfaces/local/lib/python3.10/dist-packages/onset_interfaces/msg/_stm32_message.py
[27.456s] -- Installing: /home/gong/onset_ws/install/onset_interfaces/local/lib/python3.10/dist-packages/onset_interfaces/msg/_stm32_message_s.c
[27.457s] -- Installing: /home/gong/onset_ws/install/onset_interfaces/local/lib/python3.10/dist-packages/onset_interfaces/msg/_onset_status.py
[27.459s] -- Installing: /home/gong/onset_ws/install/onset_interfaces/local/lib/python3.10/dist-packages/onset_interfaces/onset_interfaces_s__rosidl_typesupport_fastrtps_c.cpython-310-x86_64-linux-gnu.so
[27.461s] -- Installing: /home/gong/onset_ws/install/onset_interfaces/local/lib/python3.10/dist-packages/onset_interfaces/_onset_interfaces_s.ep.rosidl_typesupport_c.c
[27.463s] -- Installing: /home/gong/onset_ws/install/onset_interfaces/local/lib/python3.10/dist-packages/onset_interfaces/libonset_interfaces__rosidl_generator_py.so
[27.466s] -- Installing: /home/gong/onset_ws/install/onset_interfaces/local/lib/python3.10/dist-packages/onset_interfaces/_onset_interfaces_s.ep.rosidl_typesupport_introspection_c.c
[27.468s] -- Installing: /home/gong/onset_ws/install/onset_interfaces/local/lib/python3.10/dist-packages/onset_interfaces/_onset_interfaces_s.ep.rosidl_typesupport_fastrtps_c.c
[27.602s] Listing '/home/gong/onset_ws/install/onset_interfaces/local/lib/python3.10/dist-packages/onset_interfaces'...
[27.602s] Compiling '/home/gong/onset_ws/install/onset_interfaces/local/lib/python3.10/dist-packages/onset_interfaces/__init__.py'...
[27.602s] Listing '/home/gong/onset_ws/install/onset_interfaces/local/lib/python3.10/dist-packages/onset_interfaces/msg'...
[27.602s] Compiling '/home/gong/onset_ws/install/onset_interfaces/local/lib/python3.10/dist-packages/onset_interfaces/msg/__init__.py'...
[27.603s] Compiling '/home/gong/onset_ws/install/onset_interfaces/local/lib/python3.10/dist-packages/onset_interfaces/msg/_launch_command.py'...
[27.603s] Compiling '/home/gong/onset_ws/install/onset_interfaces/local/lib/python3.10/dist-packages/onset_interfaces/msg/_onset_status.py'...
[27.603s] Compiling '/home/gong/onset_ws/install/onset_interfaces/local/lib/python3.10/dist-packages/onset_interfaces/msg/_stm32_message.py'...
[27.603s] Compiling '/home/gong/onset_ws/install/onset_interfaces/local/lib/python3.10/dist-packages/onset_interfaces/msg/_stm32_state.py'...
[27.617s] -- Installing: /home/gong/onset_ws/install/onset_interfaces/local/lib/python3.10/dist-packages/onset_interfaces/onset_interfaces_s__rosidl_typesupport_fastrtps_c.cpython-310-x86_64-linux-gnu.so
[27.618s] -- Set runtime path of "/home/gong/onset_ws/install/onset_interfaces/local/lib/python3.10/dist-packages/onset_interfaces/onset_interfaces_s__rosidl_typesupport_fastrtps_c.cpython-310-x86_64-linux-gnu.so" to ""
[27.619s] -- Installing: /home/gong/onset_ws/install/onset_interfaces/local/lib/python3.10/dist-packages/onset_interfaces/onset_interfaces_s__rosidl_typesupport_introspection_c.cpython-310-x86_64-linux-gnu.so
[27.621s] -- Set runtime path of "/home/gong/onset_ws/install/onset_interfaces/local/lib/python3.10/dist-packages/onset_interfaces/onset_interfaces_s__rosidl_typesupport_introspection_c.cpython-310-x86_64-linux-gnu.so" to ""
[27.623s] -- Installing: /home/gong/onset_ws/install/onset_interfaces/local/lib/python3.10/dist-packages/onset_interfaces/onset_interfaces_s__rosidl_typesupport_c.cpython-310-x86_64-linux-gnu.so
[27.625s] -- Set runtime path of "/home/gong/onset_ws/install/onset_interfaces/local/lib/python3.10/dist-packages/onset_interfaces/onset_interfaces_s__rosidl_typesupport_c.cpython-310-x86_64-linux-gnu.so" to ""
[27.630s] -- Installing: /home/gong/onset_ws/install/onset_interfaces/lib/libonset_interfaces__rosidl_generator_py.so
[27.632s] -- Set runtime path of "/home/gong/onset_ws/install/onset_interfaces/lib/libonset_interfaces__rosidl_generator_py.so" to ""
[27.633s] -- Up-to-date: /home/gong/onset_ws/install/onset_interfaces/share/onset_interfaces/msg/LaunchCommand.idl
[27.633s] -- Up-to-date: /home/gong/onset_ws/install/onset_interfaces/share/onset_interfaces/msg/OnsetStatus.idl
[27.634s] -- Installing: /home/gong/onset_ws/install/onset_interfaces/share/onset_interfaces/msg/STM32Message.idl
[27.635s] -- Up-to-date: /home/gong/onset_ws/install/onset_interfaces/share/onset_interfaces/msg/STM32State.idl
[27.636s] -- Up-to-date: /home/gong/onset_ws/install/onset_interfaces/share/onset_interfaces/msg/LaunchCommand.msg
[27.638s] -- Up-to-date: /home/gong/onset_ws/install/onset_interfaces/share/onset_interfaces/msg/OnsetStatus.msg
[27.638s] -- Installing: /home/gong/onset_ws/install/onset_interfaces/share/onset_interfaces/msg/STM32Message.msg
[27.638s] -- Up-to-date: /home/gong/onset_ws/install/onset_interfaces/share/onset_interfaces/msg/STM32State.msg
[27.640s] -- Up-to-date: /home/gong/onset_ws/install/onset_interfaces/share/ament_index/resource_index/package_run_dependencies/onset_interfaces
[27.641s] -- Installing: /home/gong/onset_ws/install/onset_interfaces/share/ament_index/resource_index/parent_prefix_path/onset_interfaces
[27.642s] -- Up-to-date: /home/gong/onset_ws/install/onset_interfaces/share/onset_interfaces/environment/ament_prefix_path.sh
[27.643s] -- Installing: /home/gong/onset_ws/install/onset_interfaces/share/onset_interfaces/environment/ament_prefix_path.dsv
[27.644s] -- Up-to-date: /home/gong/onset_ws/install/onset_interfaces/share/onset_interfaces/environment/path.sh
[27.646s] -- Installing: /home/gong/onset_ws/install/onset_interfaces/share/onset_interfaces/environment/path.dsv
[27.646s] -- Up-to-date: /home/gong/onset_ws/install/onset_interfaces/share/onset_interfaces/local_setup.bash
[27.647s] -- Up-to-date: /home/gong/onset_ws/install/onset_interfaces/share/onset_interfaces/local_setup.sh
[27.647s] -- Up-to-date: /home/gong/onset_ws/install/onset_interfaces/share/onset_interfaces/local_setup.zsh
[27.650s] -- Installing: /home/gong/onset_ws/install/onset_interfaces/share/onset_interfaces/local_setup.dsv
[27.650s] -- Installing: /home/gong/onset_ws/install/onset_interfaces/share/onset_interfaces/package.dsv
[27.650s] -- Up-to-date: /home/gong/onset_ws/install/onset_interfaces/share/ament_index/resource_index/packages/onset_interfaces
[27.651s] -- Up-to-date: /home/gong/onset_ws/install/onset_interfaces/share/onset_interfaces/cmake/export_onset_interfaces__rosidl_generator_cExport.cmake
[27.651s] -- Up-to-date: /home/gong/onset_ws/install/onset_interfaces/share/onset_interfaces/cmake/export_onset_interfaces__rosidl_generator_cExport-noconfig.cmake
[27.652s] -- Up-to-date: /home/gong/onset_ws/install/onset_interfaces/share/onset_interfaces/cmake/export_onset_interfaces__rosidl_typesupport_fastrtps_cExport.cmake
[27.653s] -- Up-to-date: /home/gong/onset_ws/install/onset_interfaces/share/onset_interfaces/cmake/export_onset_interfaces__rosidl_typesupport_fastrtps_cExport-noconfig.cmake
[27.655s] -- Up-to-date: /home/gong/onset_ws/install/onset_interfaces/share/onset_interfaces/cmake/onset_interfaces__rosidl_typesupport_introspection_cExport.cmake
[27.656s] -- Up-to-date: /home/gong/onset_ws/install/onset_interfaces/share/onset_interfaces/cmake/onset_interfaces__rosidl_typesupport_introspection_cExport-noconfig.cmake
[27.656s] -- Up-to-date: /home/gong/onset_ws/install/onset_interfaces/share/onset_interfaces/cmake/onset_interfaces__rosidl_typesupport_cExport.cmake
[27.659s] -- Up-to-date: /home/gong/onset_ws/install/onset_interfaces/share/onset_interfaces/cmake/onset_interfaces__rosidl_typesupport_cExport-noconfig.cmake
[27.659s] -- Up-to-date: /home/gong/onset_ws/install/onset_interfaces/share/onset_interfaces/cmake/export_onset_interfaces__rosidl_generator_cppExport.cmake
[27.659s] -- Up-to-date: /home/gong/onset_ws/install/onset_interfaces/share/onset_interfaces/cmake/export_onset_interfaces__rosidl_typesupport_fastrtps_cppExport.cmake
[27.659s] -- Up-to-date: /home/gong/onset_ws/install/onset_interfaces/share/onset_interfaces/cmake/export_onset_interfaces__rosidl_typesupport_fastrtps_cppExport-noconfig.cmake
[27.660s] -- Up-to-date: /home/gong/onset_ws/install/onset_interfaces/share/onset_interfaces/cmake/onset_interfaces__rosidl_typesupport_introspection_cppExport.cmake
[27.660s] -- Up-to-date: /home/gong/onset_ws/install/onset_interfaces/share/onset_interfaces/cmake/onset_interfaces__rosidl_typesupport_introspection_cppExport-noconfig.cmake
[27.661s] -- Up-to-date: /home/gong/onset_ws/install/onset_interfaces/share/onset_interfaces/cmake/onset_interfaces__rosidl_typesupport_cppExport.cmake
[27.662s] -- Up-to-date: /home/gong/onset_ws/install/onset_interfaces/share/onset_interfaces/cmake/onset_interfaces__rosidl_typesupport_cppExport-noconfig.cmake
[27.663s] -- Up-to-date: /home/gong/onset_ws/install/onset_interfaces/share/onset_interfaces/cmake/export_onset_interfaces__rosidl_generator_pyExport.cmake
[27.664s] -- Up-to-date: /home/gong/onset_ws/install/onset_interfaces/share/onset_interfaces/cmake/export_onset_interfaces__rosidl_generator_pyExport-noconfig.cmake
[27.665s] -- Up-to-date: /home/gong/onset_ws/install/onset_interfaces/share/onset_interfaces/cmake/rosidl_cmake-extras.cmake
[27.666s] -- Up-to-date: /home/gong/onset_ws/install/onset_interfaces/share/onset_interfaces/cmake/ament_cmake_export_include_directories-extras.cmake
[27.666s] -- Up-to-date: /home/gong/onset_ws/install/onset_interfaces/share/onset_interfaces/cmake/ament_cmake_export_libraries-extras.cmake
[27.666s] -- Up-to-date: /home/gong/onset_ws/install/onset_interfaces/share/onset_interfaces/cmake/ament_cmake_export_targets-extras.cmake
[27.668s] -- Up-to-date: /home/gong/onset_ws/install/onset_interfaces/share/onset_interfaces/cmake/rosidl_cmake_export_typesupport_targets-extras.cmake
[27.670s] -- Up-to-date: /home/gong/onset_ws/install/onset_interfaces/share/onset_interfaces/cmake/ament_cmake_export_dependencies-extras.cmake
[27.670s] -- Up-to-date: /home/gong/onset_ws/install/onset_interfaces/share/onset_interfaces/cmake/rosidl_cmake_export_typesupport_libraries-extras.cmake
[27.671s] -- Up-to-date: /home/gong/onset_ws/install/onset_interfaces/share/onset_interfaces/cmake/onset_interfacesConfig.cmake
[27.672s] -- Up-to-date: /home/gong/onset_ws/install/onset_interfaces/share/onset_interfaces/cmake/onset_interfacesConfig-version.cmake
[27.675s] -- Up-to-date: /home/gong/onset_ws/install/onset_interfaces/share/onset_interfaces/package.xml
[27.690s] Invoked command in '/home/gong/onset_ws/build/onset_interfaces' returned '0': CMAKE_PREFIX_PATH=${CMAKE_PREFIX_PATH}:/home/gong/onset_ws/install/onsetbot:/opt/ros/humble /usr/bin/cmake --install /home/gong/onset_ws/build/onset_interfaces
