[0.476s] DEBUG:colcon:Command line arguments: ['/usr/bin/colcon', 'build', '--packages-select', 'odrive_can']
[0.477s] DEBUG:colcon:Parsed command line arguments: Namespace(log_base=None, log_level=None, verb_name='build', build_base='build', install_base='install', merge_install=False, symlink_install=False, test_result_base=None, continue_on_error=False, executor='parallel', parallel_workers=4, event_handlers=None, ignore_user_meta=False, metas=['./colcon.meta'], base_paths=['.'], packages_ignore=None, packages_ignore_regex=None, paths=None, packages_up_to=None, packages_up_to_regex=None, packages_above=None, packages_above_and_dependencies=None, packages_above_depth=None, packages_select_by_dep=None, packages_skip_by_dep=None, packages_skip_up_to=None, packages_select_build_failed=False, packages_skip_build_finished=False, packages_select_test_failures=False, packages_skip_test_passed=False, packages_select=['odrive_can'], packages_skip=None, packages_select_regex=None, packages_skip_regex=None, packages_start=None, packages_end=None, allow_overriding=[], cmake_args=None, cmake_target=None, cmake_target_skip_unavailable=False, cmake_clean_cache=False, cmake_clean_first=False, cmake_force_configure=False, ament_cmake_args=None, catkin_cmake_args=None, catkin_skip_building_tests=False, mixin_files=None, mixin=None, verb_parser=<colcon_mixin.mixin.mixin_argument.MixinArgumentDecorator object at 0xffff9cedc5b0>, verb_extension=<colcon_core.verb.build.BuildVerb object at 0xffff9cfe1510>, main=<bound method BuildVerb.main of <colcon_core.verb.build.BuildVerb object at 0xffff9cfe1510>>, mixin_verb=('build',))
[1.593s] Level 1:colcon.colcon_core.package_discovery:discover_packages(colcon_meta) check parameters
[1.594s] Level 1:colcon.colcon_core.package_discovery:discover_packages(recursive) check parameters
[1.594s] Level 1:colcon.colcon_core.package_discovery:discover_packages(ignore) check parameters
[1.594s] Level 1:colcon.colcon_core.package_discovery:discover_packages(path) check parameters
[1.594s] Level 1:colcon.colcon_core.package_discovery:discover_packages(colcon_meta) discover
[1.595s] Level 1:colcon.colcon_core.package_discovery:discover_packages(recursive) discover
[1.595s] INFO:colcon.colcon_core.package_discovery:Crawling recursively for packages in '/home/gong/ros2_ws/src/odrive_tools'
[1.595s] Level 1:colcon.colcon_core.package_identification:_identify(.) by extensions ['ignore', 'ignore_ament_install']
[1.596s] Level 1:colcon.colcon_core.package_identification:_identify(.) by extension 'ignore'
[1.596s] Level 1:colcon.colcon_core.package_identification:_identify(.) by extension 'ignore_ament_install'
[1.597s] Level 1:colcon.colcon_core.package_identification:_identify(.) by extensions ['colcon_pkg']
[1.597s] Level 1:colcon.colcon_core.package_identification:_identify(.) by extension 'colcon_pkg'
[1.597s] Level 1:colcon.colcon_core.package_identification:_identify(.) by extensions ['colcon_meta']
[1.598s] Level 1:colcon.colcon_core.package_identification:_identify(.) by extension 'colcon_meta'
[1.598s] Level 1:colcon.colcon_core.package_identification:_identify(.) by extensions ['ros']
[1.598s] Level 1:colcon.colcon_core.package_identification:_identify(.) by extension 'ros'
[1.699s] DEBUG:colcon.colcon_core.package_identification:Package '.' with type 'ros.ament_python' and name 'odrive_tools'
[1.699s] Level 1:colcon.colcon_core.package_discovery:discover_packages(recursive) using defaults
[1.700s] Level 1:colcon.colcon_core.package_discovery:discover_packages(ignore) discover
[1.700s] Level 1:colcon.colcon_core.package_discovery:discover_packages(ignore) using defaults
[1.700s] Level 1:colcon.colcon_core.package_discovery:discover_packages(path) discover
[1.700s] Level 1:colcon.colcon_core.package_discovery:discover_packages(path) using defaults
[1.702s] WARNING:colcon.colcon_core.package_selection:ignoring unknown package 'odrive_can' in --packages-select
[1.861s] INFO:colcon.colcon_core.package_selection:Skipping not selected package 'odrive_tools' in '.'
[1.864s] Level 1:colcon.colcon_core.package_discovery:discover_packages(prefix_path) check parameters
[1.865s] Level 1:colcon.colcon_core.package_discovery:discover_packages(prefix_path) discover
[1.894s] DEBUG:colcon.colcon_installed_package_information.package_discovery:Found 4 installed packages in /home/gong/ros2_ws/install
[1.906s] DEBUG:colcon.colcon_installed_package_information.package_discovery:Found 201 installed packages in /opt/ros/humble
[1.912s] Level 1:colcon.colcon_core.package_discovery:discover_packages(prefix_path) using defaults
[2.220s] INFO:colcon.colcon_core.executor:Executing jobs using 'parallel' executor
[2.223s] DEBUG:colcon.colcon_parallel_executor.executor.parallel:run_until_complete
[2.224s] DEBUG:colcon.colcon_parallel_executor.executor.parallel:closing loop
[2.225s] DEBUG:colcon.colcon_parallel_executor.executor.parallel:loop closed
[2.225s] DEBUG:colcon.colcon_parallel_executor.executor.parallel:run_until_complete finished with '0'
[2.225s] DEBUG:colcon.colcon_core.event_reactor:joining thread
[2.282s] INFO:colcon.colcon_core.plugin_system:Skipping extension 'colcon_notification.desktop_notification.terminal_notifier': Not used on non-Darwin systems
[2.283s] INFO:colcon.colcon_core.plugin_system:Skipping extension 'colcon_notification.desktop_notification.win32': Not used on non-Windows systems
[2.283s] INFO:colcon.colcon_notification.desktop_notification:Sending desktop notification using 'notify2'
[2.350s] DEBUG:colcon.colcon_core.event_reactor:joined thread
[2.378s] INFO:colcon.colcon_core.plugin_system:Skipping extension 'colcon_core.shell.bat': Not used on non-Windows systems
[2.380s] INFO:colcon.colcon_core.shell:Creating prefix script '/home/gong/ros2_ws/src/odrive_tools/install/local_setup.ps1'
[2.387s] INFO:colcon.colcon_core.shell:Creating prefix util module '/home/gong/ros2_ws/src/odrive_tools/install/_local_setup_util_ps1.py'
[2.396s] INFO:colcon.colcon_core.shell:Creating prefix chain script '/home/gong/ros2_ws/src/odrive_tools/install/setup.ps1'
[2.404s] INFO:colcon.colcon_core.shell:Creating prefix script '/home/gong/ros2_ws/src/odrive_tools/install/local_setup.sh'
[2.409s] INFO:colcon.colcon_core.shell:Creating prefix util module '/home/gong/ros2_ws/src/odrive_tools/install/_local_setup_util_sh.py'
[2.412s] INFO:colcon.colcon_core.shell:Creating prefix chain script '/home/gong/ros2_ws/src/odrive_tools/install/setup.sh'
[2.420s] INFO:colcon.colcon_core.shell:Creating prefix script '/home/gong/ros2_ws/src/odrive_tools/install/local_setup.bash'
[2.425s] INFO:colcon.colcon_core.shell:Creating prefix chain script '/home/gong/ros2_ws/src/odrive_tools/install/setup.bash'
[2.433s] INFO:colcon.colcon_core.shell:Creating prefix script '/home/gong/ros2_ws/src/odrive_tools/install/local_setup.zsh'
[2.437s] INFO:colcon.colcon_core.shell:Creating prefix chain script '/home/gong/ros2_ws/src/odrive_tools/install/setup.zsh'
