[3.069s] Invoking command in '/home/gong/onset_ws/src/onsetbot': CMAKE_PREFIX_PATH=/home/gong/onset_ws/install/onset_interfaces:/home/gong/onset_ws/install/odrive_can:/home/gong/onset_ws/install/odrive_botwheel_explorer:/home/gong/onset_ws/install/odrive_ros2_control LD_LIBRARY_PATH=/home/gong/onset_ws/install/onset_interfaces/lib:/home/gong/onset_ws/install/odrive_can/lib:/home/gong/onset_ws/install/odrive_ros2_control/lib:/usr/lib/x86_64-linux-gnu/gazebo-11/plugins:/opt/ros/humble/opt/rviz_ogre_vendor/lib:/opt/ros/humble/lib/x86_64-linux-gnu:/opt/ros/humble/lib PYTHONPATH=/home/gong/onset_ws/build/onsetbot/prefix_override:/usr/lib/python3/dist-packages/colcon_core/task/python/colcon_distutils_commands:/home/gong/onset_ws/install/onsetbot/lib/python3.10/site-packages:${PYTHONPATH} /usr/bin/python3 -W ignore:setup.py install is deprecated -W ignore:easy_install command is deprecated setup.py egg_info --egg-base ../../build/onsetbot build --build-base /home/gong/onset_ws/build/onsetbot/build install --record /home/gong/onset_ws/build/onsetbot/install.log --single-version-externally-managed install_data
[3.909s] running egg_info
[3.911s] writing ../../build/onsetbot/onsetbot.egg-info/PKG-INFO
[3.914s] writing dependency_links to ../../build/onsetbot/onsetbot.egg-info/dependency_links.txt
[3.914s] writing entry points to ../../build/onsetbot/onsetbot.egg-info/entry_points.txt
[3.917s] writing requirements to ../../build/onsetbot/onsetbot.egg-info/requires.txt
[3.918s] writing top-level names to ../../build/onsetbot/onsetbot.egg-info/top_level.txt
[3.922s] reading manifest file '../../build/onsetbot/onsetbot.egg-info/SOURCES.txt'
[3.925s] writing manifest file '../../build/onsetbot/onsetbot.egg-info/SOURCES.txt'
[3.926s] running build
[3.927s] running build_py
[3.927s] copying onsetbot/stm32_bridge.py -> /home/gong/onset_ws/build/onsetbot/build/lib/onsetbot
[3.930s] running install
[3.930s] running install_lib
[3.935s] copying /home/gong/onset_ws/build/onsetbot/build/lib/onsetbot/stm32_bridge.py -> /home/gong/onset_ws/install/onsetbot/lib/python3.10/site-packages/onsetbot
[3.936s] byte-compiling /home/gong/onset_ws/install/onsetbot/lib/python3.10/site-packages/onsetbot/stm32_bridge.py to stm32_bridge.cpython-310.pyc
[3.941s] running install_data
[3.944s] running install_egg_info
[3.951s] removing '/home/gong/onset_ws/install/onsetbot/lib/python3.10/site-packages/onsetbot-0.0.0-py3.10.egg-info' (and everything under it)
[3.951s] Copying ../../build/onsetbot/onsetbot.egg-info to /home/gong/onset_ws/install/onsetbot/lib/python3.10/site-packages/onsetbot-0.0.0-py3.10.egg-info
[3.966s] running install_scripts
[4.024s] Installing actuator_command script to /home/gong/onset_ws/install/onsetbot/lib/onsetbot
[4.027s] Installing odrive_can_bridge script to /home/gong/onset_ws/install/onsetbot/lib/onsetbot
[4.029s] Installing onset_gui script to /home/gong/onset_ws/install/onsetbot/lib/onsetbot
[4.029s] Installing stm32_bridge script to /home/gong/onset_ws/install/onsetbot/lib/onsetbot
[4.031s] Installing zero_sequence script to /home/gong/onset_ws/install/onsetbot/lib/onsetbot
[4.032s] writing list of installed files to '/home/gong/onset_ws/build/onsetbot/install.log'
[4.098s] Invoked command in '/home/gong/onset_ws/src/onsetbot' returned '0': CMAKE_PREFIX_PATH=/home/gong/onset_ws/install/onset_interfaces:/home/gong/onset_ws/install/odrive_can:/home/gong/onset_ws/install/odrive_botwheel_explorer:/home/gong/onset_ws/install/odrive_ros2_control LD_LIBRARY_PATH=/home/gong/onset_ws/install/onset_interfaces/lib:/home/gong/onset_ws/install/odrive_can/lib:/home/gong/onset_ws/install/odrive_ros2_control/lib:/usr/lib/x86_64-linux-gnu/gazebo-11/plugins:/opt/ros/humble/opt/rviz_ogre_vendor/lib:/opt/ros/humble/lib/x86_64-linux-gnu:/opt/ros/humble/lib PYTHONPATH=/home/gong/onset_ws/build/onsetbot/prefix_override:/usr/lib/python3/dist-packages/colcon_core/task/python/colcon_distutils_commands:/home/gong/onset_ws/install/onsetbot/lib/python3.10/site-packages:${PYTHONPATH} /usr/bin/python3 -W ignore:setup.py install is deprecated -W ignore:easy_install command is deprecated setup.py egg_info --egg-base ../../build/onsetbot build --build-base /home/gong/onset_ws/build/onsetbot/build install --record /home/gong/onset_ws/build/onsetbot/install.log --single-version-externally-managed install_data
